{"timestamp":"2026-03-30T11:56:04.878595Z","level":"info","event":"Stats instance was created in PID 7 but accessed in PID 201. Re-initializing.","logger":"airflow.stats","filename":"stats.py","lineno":57}
{"timestamp":"2026-03-30T11:56:05.069919Z","level":"info","event":"DAG bundles loaded: dags-folder","logger":"airflow.dag_processing.bundles.manager.DagBundlesManager","filename":"manager.py","lineno":179}
{"timestamp":"2026-03-30T11:56:05.087895Z","level":"info","event":"Filling up the DagBag from /opt/airflow/dags/pipeline.py","logger":"airflow.models.dagbag.BundleDagBag","filename":"dagbag.py","lineno":593}
{"timestamp":"2026-03-30T11:56:15.228552Z","level":"warning","event":"The `airflow.decorators.task` attribute is deprecated. Please use `'airflow.sdk.task'`.","category":"DeprecatedImportWarning","filename":"/opt/airflow/dags/pipeline.py","lineno":9,"logger":"py.warnings"}
{"timestamp":"2026-03-30T11:56:15.229190Z","level":"warning","event":"The `airflow.decorators.dag` attribute is deprecated. Please use `'airflow.sdk.dag'`.","category":"DeprecatedImportWarning","filename":"/opt/airflow/dags/pipeline.py","lineno":9,"logger":"py.warnings"}
{"timestamp":"2026-03-30T11:56:15.469590Z","level":"info","event":"DAG load start all_books_path=/opt/airflow/data/processed/all_books.parquet","logger":"unusual_prefix_5364f853e0291e2b81541d66d6ee04a6789a37d2_pipeline","filename":"pipeline.py","lineno":89}
{"timestamp":"2026-03-30T11:56:15.470304Z","level":"info","event":"STEP_START save_to_parquet_and_upload meta={'all_books_path': '/opt/airflow/data/processed/all_books.parquet'}","logger":"main","filename":"logger.py","lineno":28}
{"timestamp":"2026-03-30T11:56:15.471544Z","level":"info","event":"STEP_START minio.ensure_bucket meta={'bucket_name': 'books'}","logger":"main","filename":"logger.py","lineno":28}
{"timestamp":"2026-03-30T11:56:15.889115Z","level":"info","event":"STEP_END minio.ensure_bucket elapsed_seconds=0.417","logger":"main","filename":"logger.py","lineno":37}
{"timestamp":"2026-03-30T11:56:25.569892Z","level":"info","event":"save_to_parquet_and_upload loaded_parquet shape=(272203, 17)","logger":"main","filename":"main.py","lineno":177}
{"timestamp":"2026-03-30T11:56:27.263869Z","level":"info","event":"upload_by_year start year=0.0 group_shape=(4618, 17) object_name=books/publication_year_0.parquet local_path=/opt/airflow/data/parquet/books/publication_year_0.parquet","logger":"main","filename":"main.py","lineno":187}
{"timestamp":"2026-03-30T11:56:29.614893Z","level":"info","event":"upload_by_year success year=0.0 object_name=books/publication_year_0.parquet","logger":"main","filename":"main.py","lineno":201}
{"timestamp":"2026-03-30T11:56:29.616240Z","level":"info","event":"upload_by_year start year=1376.0 group_shape=(1, 17) object_name=books/publication_year_1376.parquet local_path=/opt/airflow/data/parquet/books/publication_year_1376.parquet","logger":"main","filename":"main.py","lineno":187}
{"timestamp":"2026-03-30T11:56:32.526739Z","level":"info","event":"upload_by_year success year=1376.0 object_name=books/publication_year_1376.parquet","logger":"main","filename":"main.py","lineno":201}
{"timestamp":"2026-03-30T11:56:32.530114Z","level":"info","event":"upload_by_year start year=1378.0 group_shape=(1, 17) object_name=books/publication_year_1378.parquet local_path=/opt/airflow/data/parquet/books/publication_year_1378.parquet","logger":"main","filename":"main.py","lineno":187}
{"timestamp":"2026-03-30T11:56:33.739663Z","level":"info","event":"upload_by_year success year=1378.0 object_name=books/publication_year_1378.parquet","logger":"main","filename":"main.py","lineno":201}
{"timestamp":"2026-03-30T11:56:33.740719Z","level":"info","event":"upload_by_year start year=1806.0 group_shape=(1, 17) object_name=books/publication_year_1806.parquet local_path=/opt/airflow/data/parquet/books/publication_year_1806.parquet","logger":"main","filename":"main.py","lineno":187}
{"timestamp":"2026-03-30T11:56:33.869122Z","level":"info","event":"upload_by_year success year=1806.0 object_name=books/publication_year_1806.parquet","logger":"main","filename":"main.py","lineno":201}
{"timestamp":"2026-03-30T11:56:33.870179Z","level":"info","event":"upload_by_year start year=1850.0 group_shape=(4, 17) object_name=books/publication_year_1850.parquet local_path=/opt/airflow/data/parquet/books/publication_year_1850.parquet","logger":"main","filename":"main.py","lineno":187}
{"timestamp":"2026-03-30T11:56:35.823657Z","level":"info","event":"upload_by_year success year=1850.0 object_name=books/publication_year_1850.parquet","logger":"main","filename":"main.py","lineno":201}
{"timestamp":"2026-03-30T11:56:35.824752Z","level":"info","event":"upload_by_year start year=1851.0 group_shape=(6, 17) object_name=books/publication_year_1851.parquet local_path=/opt/airflow/data/parquet/books/publication_year_1851.parquet","logger":"main","filename":"main.py","lineno":187}
{"timestamp":"2026-03-30T11:56:38.697247Z","level":"info","event":"upload_by_year success year=1851.0 object_name=books/publication_year_1851.parquet","logger":"main","filename":"main.py","lineno":201}
{"timestamp":"2026-03-30T11:56:38.707005Z","level":"info","event":"upload_by_year start year=1852.0 group_shape=(9, 17) object_name=books/publication_year_1852.parquet local_path=/opt/airflow/data/parquet/books/publication_year_1852.parquet","logger":"main","filename":"main.py","lineno":187}
{"timestamp":"2026-03-30T11:56:41.419999Z","level":"info","event":"upload_by_year success year=1852.0 object_name=books/publication_year_1852.parquet","logger":"main","filename":"main.py","lineno":201}
{"timestamp":"2026-03-30T11:56:41.423587Z","level":"info","event":"upload_by_year start year=1853.0 group_shape=(1, 17) object_name=books/publication_year_1853.parquet local_path=/opt/airflow/data/parquet/books/publication_year_1853.parquet","logger":"main","filename":"main.py","lineno":187}
{"timestamp":"2026-03-30T11:56:45.973580Z","level":"info","event":"upload_by_year success year=1853.0 object_name=books/publication_year_1853.parquet","logger":"main","filename":"main.py","lineno":201}
{"timestamp":"2026-03-30T11:56:45.977503Z","level":"info","event":"upload_by_year start year=1854.0 group_shape=(2, 17) object_name=books/publication_year_1854.parquet local_path=/opt/airflow/data/parquet/books/publication_year_1854.parquet","logger":"main","filename":"main.py","lineno":187}
{"timestamp":"2026-03-30T11:56:47.993479Z","level":"info","event":"upload_by_year success year=1854.0 object_name=books/publication_year_1854.parquet","logger":"main","filename":"main.py","lineno":201}
{"timestamp":"2026-03-30T11:56:47.994417Z","level":"info","event":"upload_by_year start year=1855.0 group_shape=(5, 17) object_name=books/publication_year_1855.parquet local_path=/opt/airflow/data/parquet/books/publication_year_1855.parquet","logger":"main","filename":"main.py","lineno":187}
{"timestamp":"2026-03-30T11:56:49.679007Z","level":"info","event":"upload_by_year success year=1855.0 object_name=books/publication_year_1855.parquet","logger":"main","filename":"main.py","lineno":201}
{"timestamp":"2026-03-30T11:56:49.679842Z","level":"info","event":"upload_by_year start year=1856.0 group_shape=(7, 17) object_name=books/publication_year_1856.parquet local_path=/opt/airflow/data/parquet/books/publication_year_1856.parquet","logger":"main","filename":"main.py","lineno":187}
{"timestamp":"2026-03-30T11:56:50.667814Z","level":"info","event":"upload_by_year success year=1856.0 object_name=books/publication_year_1856.parquet","logger":"main","filename":"main.py","lineno":201}
{"timestamp":"2026-03-30T11:56:50.682679Z","level":"info","event":"upload_by_year start year=1857.0 group_shape=(4, 17) object_name=books/publication_year_1857.parquet local_path=/opt/airflow/data/parquet/books/publication_year_1857.parquet","logger":"main","filename":"main.py","lineno":187}
{"timestamp":"2026-03-30T11:56:52.365173Z","level":"info","event":"upload_by_year success year=1857.0 object_name=books/publication_year_1857.parquet","logger":"main","filename":"main.py","lineno":201}
{"timestamp":"2026-03-30T11:56:52.365951Z","level":"info","event":"upload_by_year start year=1858.0 group_shape=(6, 17) object_name=books/publication_year_1858.parquet local_path=/opt/airflow/data/parquet/books/publication_year_1858.parquet","logger":"main","filename":"main.py","lineno":187}
{"timestamp":"2026-03-30T11:56:53.609274Z","level":"info","event":"upload_by_year success year=1858.0 object_name=books/publication_year_1858.parquet","logger":"main","filename":"main.py","lineno":201}
{"timestamp":"2026-03-30T11:56:53.610314Z","level":"info","event":"upload_by_year start year=1859.0 group_shape=(3, 17) object_name=books/publication_year_1859.parquet local_path=/opt/airflow/data/parquet/books/publication_year_1859.parquet","logger":"main","filename":"main.py","lineno":187}
{"timestamp":"2026-03-30T11:56:55.069575Z","level":"info","event":"upload_by_year success year=1859.0 object_name=books/publication_year_1859.parquet","logger":"main","filename":"main.py","lineno":201}
{"timestamp":"2026-03-30T11:56:55.071154Z","level":"info","event":"upload_by_year start year=1860.0 group_shape=(4, 17) object_name=books/publication_year_1860.parquet local_path=/opt/airflow/data/parquet/books/publication_year_1860.parquet","logger":"main","filename":"main.py","lineno":187}
{"timestamp":"2026-03-30T11:56:58.818747Z","level":"info","event":"upload_by_year success year=1860.0 object_name=books/publication_year_1860.parquet","logger":"main","filename":"main.py","lineno":201}
{"timestamp":"2026-03-30T11:56:58.833804Z","level":"info","event":"upload_by_year start year=1861.0 group_shape=(5, 17) object_name=books/publication_year_1861.parquet local_path=/opt/airflow/data/parquet/books/publication_year_1861.parquet","logger":"main","filename":"main.py","lineno":187}
{"timestamp":"2026-03-30T11:57:01.434629Z","level":"info","event":"upload_by_year success year=1861.0 object_name=books/publication_year_1861.parquet","logger":"main","filename":"main.py","lineno":201}
{"timestamp":"2026-03-30T11:57:01.437266Z","level":"info","event":"upload_by_year start year=1862.0 group_shape=(5, 17) object_name=books/publication_year_1862.parquet local_path=/opt/airflow/data/parquet/books/publication_year_1862.parquet","logger":"main","filename":"main.py","lineno":187}
{"timestamp":"2026-03-30T11:57:07.175011Z","level":"info","event":"upload_by_year success year=1862.0 object_name=books/publication_year_1862.parquet","logger":"main","filename":"main.py","lineno":201}
{"timestamp":"2026-03-30T11:57:07.175818Z","level":"info","event":"upload_by_year start year=1863.0 group_shape=(3, 17) object_name=books/publication_year_1863.parquet local_path=/opt/airflow/data/parquet/books/publication_year_1863.parquet","logger":"main","filename":"main.py","lineno":187}
{"timestamp":"2026-03-30T11:57:08.779844Z","level":"info","event":"upload_by_year success year=1863.0 object_name=books/publication_year_1863.parquet","logger":"main","filename":"main.py","lineno":201}
{"timestamp":"2026-03-30T11:57:08.780534Z","level":"info","event":"upload_by_year start year=1864.0 group_shape=(3, 17) object_name=books/publication_year_1864.parquet local_path=/opt/airflow/data/parquet/books/publication_year_1864.parquet","logger":"main","filename":"main.py","lineno":187}
{"timestamp":"2026-03-30T11:57:10.399805Z","level":"info","event":"upload_by_year success year=1864.0 object_name=books/publication_year_1864.parquet","logger":"main","filename":"main.py","lineno":201}
{"timestamp":"2026-03-30T11:57:10.401499Z","level":"info","event":"upload_by_year start year=1865.0 group_shape=(2, 17) object_name=books/publication_year_1865.parquet local_path=/opt/airflow/data/parquet/books/publication_year_1865.parquet","logger":"main","filename":"main.py","lineno":187}
{"timestamp":"2026-03-30T11:57:13.071749Z","level":"info","event":"upload_by_year success year=1865.0 object_name=books/publication_year_1865.parquet","logger":"main","filename":"main.py","lineno":201}
{"timestamp":"2026-03-30T11:57:13.072675Z","level":"info","event":"upload_by_year start year=1866.0 group_shape=(6, 17) object_name=books/publication_year_1866.parquet local_path=/opt/airflow/data/parquet/books/publication_year_1866.parquet","logger":"main","filename":"main.py","lineno":187}
{"timestamp":"2026-03-30T11:57:14.539260Z","level":"info","event":"upload_by_year success year=1866.0 object_name=books/publication_year_1866.parquet","logger":"main","filename":"main.py","lineno":201}
{"timestamp":"2026-03-30T11:57:14.561418Z","level":"info","event":"upload_by_year start year=1867.0 group_shape=(4, 17) object_name=books/publication_year_1867.parquet local_path=/opt/airflow/data/parquet/books/publication_year_1867.parquet","logger":"main","filename":"main.py","lineno":187}
{"timestamp":"2026-03-30T11:57:15.797426Z","level":"info","event":"upload_by_year success year=1867.0 object_name=books/publication_year_1867.parquet","logger":"main","filename":"main.py","lineno":201}
{"timestamp":"2026-03-30T11:57:15.798644Z","level":"info","event":"upload_by_year start year=1868.0 group_shape=(8, 17) object_name=books/publication_year_1868.parquet local_path=/opt/airflow/data/parquet/books/publication_year_1868.parquet","logger":"main","filename":"main.py","lineno":187}
{"timestamp":"2026-03-30T11:57:17.736642Z","level":"info","event":"upload_by_year success year=1868.0 object_name=books/publication_year_1868.parquet","logger":"main","filename":"main.py","lineno":201}
{"timestamp":"2026-03-30T11:57:17.737755Z","level":"info","event":"upload_by_year start year=1869.0 group_shape=(4, 17) object_name=books/publication_year_1869.parquet local_path=/opt/airflow/data/parquet/books/publication_year_1869.parquet","logger":"main","filename":"main.py","lineno":187}
{"timestamp":"2026-03-30T11:57:18.348689Z","level":"info","event":"upload_by_year success year=1869.0 object_name=books/publication_year_1869.parquet","logger":"main","filename":"main.py","lineno":201}
{"timestamp":"2026-03-30T11:57:18.349584Z","level":"info","event":"upload_by_year start year=1870.0 group_shape=(6, 17) object_name=books/publication_year_1870.parquet local_path=/opt/airflow/data/parquet/books/publication_year_1870.parquet","logger":"main","filename":"main.py","lineno":187}
{"timestamp":"2026-03-30T11:57:18.759179Z","level":"info","event":"upload_by_year success year=1870.0 object_name=books/publication_year_1870.parquet","logger":"main","filename":"main.py","lineno":201}
{"timestamp":"2026-03-30T11:57:18.760259Z","level":"info","event":"upload_by_year start year=1871.0 group_shape=(6, 17) object_name=books/publication_year_1871.parquet local_path=/opt/airflow/data/parquet/books/publication_year_1871.parquet","logger":"main","filename":"main.py","lineno":187}
{"timestamp":"2026-03-30T11:57:19.183210Z","level":"info","event":"upload_by_year success year=1871.0 object_name=books/publication_year_1871.parquet","logger":"main","filename":"main.py","lineno":201}
{"timestamp":"2026-03-30T11:57:19.184037Z","level":"info","event":"upload_by_year start year=1872.0 group_shape=(2, 17) object_name=books/publication_year_1872.parquet local_path=/opt/airflow/data/parquet/books/publication_year_1872.parquet","logger":"main","filename":"main.py","lineno":187}
{"timestamp":"2026-03-30T11:57:19.500301Z","level":"info","event":"upload_by_year success year=1872.0 object_name=books/publication_year_1872.parquet","logger":"main","filename":"main.py","lineno":201}
{"timestamp":"2026-03-30T11:57:19.501393Z","level":"info","event":"upload_by_year start year=1873.0 group_shape=(5, 17) object_name=books/publication_year_1873.parquet local_path=/opt/airflow/data/parquet/books/publication_year_1873.parquet","logger":"main","filename":"main.py","lineno":187}
{"timestamp":"2026-03-30T11:57:19.741576Z","level":"info","event":"upload_by_year success year=1873.0 object_name=books/publication_year_1873.parquet","logger":"main","filename":"main.py","lineno":201}
{"timestamp":"2026-03-30T11:57:19.742743Z","level":"info","event":"upload_by_year start year=1874.0 group_shape=(5, 17) object_name=books/publication_year_1874.parquet local_path=/opt/airflow/data/parquet/books/publication_year_1874.parquet","logger":"main","filename":"main.py","lineno":187}
{"timestamp":"2026-03-30T11:57:20.027258Z","level":"info","event":"upload_by_year success year=1874.0 object_name=books/publication_year_1874.parquet","logger":"main","filename":"main.py","lineno":201}
{"timestamp":"2026-03-30T11:57:20.028556Z","level":"info","event":"upload_by_year start year=1875.0 group_shape=(6, 17) object_name=books/publication_year_1875.parquet local_path=/opt/airflow/data/parquet/books/publication_year_1875.parquet","logger":"main","filename":"main.py","lineno":187}
{"timestamp":"2026-03-30T11:57:20.384716Z","level":"info","event":"upload_by_year success year=1875.0 object_name=books/publication_year_1875.parquet","logger":"main","filename":"main.py","lineno":201}
{"timestamp":"2026-03-30T11:57:20.385437Z","level":"info","event":"upload_by_year start year=1876.0 group_shape=(5, 17) object_name=books/publication_year_1876.parquet local_path=/opt/airflow/data/parquet/books/publication_year_1876.parquet","logger":"main","filename":"main.py","lineno":187}
{"timestamp":"2026-03-30T11:57:20.609646Z","level":"info","event":"upload_by_year success year=1876.0 object_name=books/publication_year_1876.parquet","logger":"main","filename":"main.py","lineno":201}
{"timestamp":"2026-03-30T11:57:20.610883Z","level":"info","event":"upload_by_year start year=1877.0 group_shape=(7, 17) object_name=books/publication_year_1877.parquet local_path=/opt/airflow/data/parquet/books/publication_year_1877.parquet","logger":"main","filename":"main.py","lineno":187}
{"timestamp":"2026-03-30T11:57:20.814525Z","level":"info","event":"upload_by_year success year=1877.0 object_name=books/publication_year_1877.parquet","logger":"main","filename":"main.py","lineno":201}
{"timestamp":"2026-03-30T11:57:20.815271Z","level":"info","event":"upload_by_year start year=1878.0 group_shape=(3, 17) object_name=books/publication_year_1878.parquet local_path=/opt/airflow/data/parquet/books/publication_year_1878.parquet","logger":"main","filename":"main.py","lineno":187}
{"timestamp":"2026-03-30T11:57:21.035046Z","level":"info","event":"upload_by_year success year=1878.0 object_name=books/publication_year_1878.parquet","logger":"main","filename":"main.py","lineno":201}
{"timestamp":"2026-03-30T11:57:21.035995Z","level":"info","event":"upload_by_year start year=1879.0 group_shape=(2, 17) object_name=books/publication_year_1879.parquet local_path=/opt/airflow/data/parquet/books/publication_year_1879.parquet","logger":"main","filename":"main.py","lineno":187}
{"timestamp":"2026-03-30T11:57:21.525226Z","level":"info","event":"upload_by_year success year=1879.0 object_name=books/publication_year_1879.parquet","logger":"main","filename":"main.py","lineno":201}
{"timestamp":"2026-03-30T11:57:21.526101Z","level":"info","event":"upload_by_year start year=1880.0 group_shape=(5, 17) object_name=books/publication_year_1880.parquet local_path=/opt/airflow/data/parquet/books/publication_year_1880.parquet","logger":"main","filename":"main.py","lineno":187}
{"timestamp":"2026-03-30T11:57:21.786206Z","level":"info","event":"upload_by_year success year=1880.0 object_name=books/publication_year_1880.parquet","logger":"main","filename":"main.py","lineno":201}
{"timestamp":"2026-03-30T11:57:21.787314Z","level":"info","event":"upload_by_year start year=1881.0 group_shape=(7, 17) object_name=books/publication_year_1881.parquet local_path=/opt/airflow/data/parquet/books/publication_year_1881.parquet","logger":"main","filename":"main.py","lineno":187}
{"timestamp":"2026-03-30T11:57:22.050823Z","level":"info","event":"upload_by_year success year=1881.0 object_name=books/publication_year_1881.parquet","logger":"main","filename":"main.py","lineno":201}
{"timestamp":"2026-03-30T11:57:22.051767Z","level":"info","event":"upload_by_year start year=1882.0 group_shape=(7, 17) object_name=books/publication_year_1882.parquet local_path=/opt/airflow/data/parquet/books/publication_year_1882.parquet","logger":"main","filename":"main.py","lineno":187}
{"timestamp":"2026-03-30T11:57:22.410098Z","level":"info","event":"upload_by_year success year=1882.0 object_name=books/publication_year_1882.parquet","logger":"main","filename":"main.py","lineno":201}
{"timestamp":"2026-03-30T11:57:22.411107Z","level":"info","event":"upload_by_year start year=1883.0 group_shape=(4, 17) object_name=books/publication_year_1883.parquet local_path=/opt/airflow/data/parquet/books/publication_year_1883.parquet","logger":"main","filename":"main.py","lineno":187}
{"timestamp":"2026-03-30T11:57:22.615512Z","level":"info","event":"upload_by_year success year=1883.0 object_name=books/publication_year_1883.parquet","logger":"main","filename":"main.py","lineno":201}
{"timestamp":"2026-03-30T11:57:22.616453Z","level":"info","event":"upload_by_year start year=1884.0 group_shape=(4, 17) object_name=books/publication_year_1884.parquet local_path=/opt/airflow/data/parquet/books/publication_year_1884.parquet","logger":"main","filename":"main.py","lineno":187}
{"timestamp":"2026-03-30T11:57:22.814910Z","level":"info","event":"upload_by_year success year=1884.0 object_name=books/publication_year_1884.parquet","logger":"main","filename":"main.py","lineno":201}
{"timestamp":"2026-03-30T11:57:22.815901Z","level":"info","event":"upload_by_year start year=1885.0 group_shape=(5, 17) object_name=books/publication_year_1885.parquet local_path=/opt/airflow/data/parquet/books/publication_year_1885.parquet","logger":"main","filename":"main.py","lineno":187}
{"timestamp":"2026-03-30T11:57:23.044008Z","level":"info","event":"upload_by_year success year=1885.0 object_name=books/publication_year_1885.parquet","logger":"main","filename":"main.py","lineno":201}
{"timestamp":"2026-03-30T11:57:23.044969Z","level":"info","event":"upload_by_year start year=1886.0 group_shape=(6, 17) object_name=books/publication_year_1886.parquet local_path=/opt/airflow/data/parquet/books/publication_year_1886.parquet","logger":"main","filename":"main.py","lineno":187}
{"timestamp":"2026-03-30T11:57:23.234916Z","level":"info","event":"upload_by_year success year=1886.0 object_name=books/publication_year_1886.parquet","logger":"main","filename":"main.py","lineno":201}
{"timestamp":"2026-03-30T11:57:23.235814Z","level":"info","event":"upload_by_year start year=1887.0 group_shape=(5, 17) object_name=books/publication_year_1887.parquet local_path=/opt/airflow/data/parquet/books/publication_year_1887.parquet","logger":"main","filename":"main.py","lineno":187}
{"timestamp":"2026-03-30T11:57:23.454834Z","level":"info","event":"upload_by_year success year=1887.0 object_name=books/publication_year_1887.parquet","logger":"main","filename":"main.py","lineno":201}
{"timestamp":"2026-03-30T11:57:23.455881Z","level":"info","event":"upload_by_year start year=1888.0 group_shape=(5, 17) object_name=books/publication_year_1888.parquet local_path=/opt/airflow/data/parquet/books/publication_year_1888.parquet","logger":"main","filename":"main.py","lineno":187}
{"timestamp":"2026-03-30T11:57:23.686360Z","level":"info","event":"upload_by_year success year=1888.0 object_name=books/publication_year_1888.parquet","logger":"main","filename":"main.py","lineno":201}
{"timestamp":"2026-03-30T11:57:23.687447Z","level":"info","event":"upload_by_year start year=1889.0 group_shape=(6, 17) object_name=books/publication_year_1889.parquet local_path=/opt/airflow/data/parquet/books/publication_year_1889.parquet","logger":"main","filename":"main.py","lineno":187}
{"timestamp":"2026-03-30T11:57:23.865191Z","level":"info","event":"upload_by_year success year=1889.0 object_name=books/publication_year_1889.parquet","logger":"main","filename":"main.py","lineno":201}
{"timestamp":"2026-03-30T11:57:23.867661Z","level":"info","event":"upload_by_year start year=1890.0 group_shape=(3, 17) object_name=books/publication_year_1890.parquet local_path=/opt/airflow/data/parquet/books/publication_year_1890.parquet","logger":"main","filename":"main.py","lineno":187}
{"timestamp":"2026-03-30T11:57:24.068138Z","level":"info","event":"upload_by_year success year=1890.0 object_name=books/publication_year_1890.parquet","logger":"main","filename":"main.py","lineno":201}
{"timestamp":"2026-03-30T11:57:24.072665Z","level":"info","event":"upload_by_year start year=1891.0 group_shape=(5, 17) object_name=books/publication_year_1891.parquet local_path=/opt/airflow/data/parquet/books/publication_year_1891.parquet","logger":"main","filename":"main.py","lineno":187}
{"timestamp":"2026-03-30T11:57:24.245318Z","level":"info","event":"upload_by_year success year=1891.0 object_name=books/publication_year_1891.parquet","logger":"main","filename":"main.py","lineno":201}
{"timestamp":"2026-03-30T11:57:24.246291Z","level":"info","event":"upload_by_year start year=1892.0 group_shape=(9, 17) object_name=books/publication_year_1892.parquet local_path=/opt/airflow/data/parquet/books/publication_year_1892.parquet","logger":"main","filename":"main.py","lineno":187}
{"timestamp":"2026-03-30T11:57:24.568293Z","level":"info","event":"upload_by_year success year=1892.0 object_name=books/publication_year_1892.parquet","logger":"main","filename":"main.py","lineno":201}
{"timestamp":"2026-03-30T11:57:24.569178Z","level":"info","event":"upload_by_year start year=1893.0 group_shape=(4, 17) object_name=books/publication_year_1893.parquet local_path=/opt/airflow/data/parquet/books/publication_year_1893.parquet","logger":"main","filename":"main.py","lineno":187}
{"timestamp":"2026-03-30T11:57:26.375098Z","level":"info","event":"upload_by_year success year=1893.0 object_name=books/publication_year_1893.parquet","logger":"main","filename":"main.py","lineno":201}
{"timestamp":"2026-03-30T11:57:26.385025Z","level":"info","event":"upload_by_year start year=1894.0 group_shape=(7, 17) object_name=books/publication_year_1894.parquet local_path=/opt/airflow/data/parquet/books/publication_year_1894.parquet","logger":"main","filename":"main.py","lineno":187}
{"timestamp":"2026-03-30T11:57:28.294104Z","level":"info","event":"upload_by_year success year=1894.0 object_name=books/publication_year_1894.parquet","logger":"main","filename":"main.py","lineno":201}
{"timestamp":"2026-03-30T11:57:28.295220Z","level":"info","event":"upload_by_year start year=1895.0 group_shape=(3, 17) object_name=books/publication_year_1895.parquet local_path=/opt/airflow/data/parquet/books/publication_year_1895.parquet","logger":"main","filename":"main.py","lineno":187}
{"timestamp":"2026-03-30T11:57:29.235003Z","level":"info","event":"upload_by_year success year=1895.0 object_name=books/publication_year_1895.parquet","logger":"main","filename":"main.py","lineno":201}
{"timestamp":"2026-03-30T11:57:29.235770Z","level":"info","event":"upload_by_year start year=1896.0 group_shape=(9, 17) object_name=books/publication_year_1896.parquet local_path=/opt/airflow/data/parquet/books/publication_year_1896.parquet","logger":"main","filename":"main.py","lineno":187}
{"timestamp":"2026-03-30T11:57:29.904722Z","level":"info","event":"upload_by_year success year=1896.0 object_name=books/publication_year_1896.parquet","logger":"main","filename":"main.py","lineno":201}
{"timestamp":"2026-03-30T11:57:29.905894Z","level":"info","event":"upload_by_year start year=1897.0 group_shape=(6, 17) object_name=books/publication_year_1897.parquet local_path=/opt/airflow/data/parquet/books/publication_year_1897.parquet","logger":"main","filename":"main.py","lineno":187}
{"timestamp":"2026-03-30T11:57:28.541030Z","level":"info","event":"upload_by_year success year=1897.0 object_name=books/publication_year_1897.parquet","logger":"main","filename":"main.py","lineno":201}
{"timestamp":"2026-03-30T11:57:28.542115Z","level":"info","event":"upload_by_year start year=1899.0 group_shape=(6, 17) object_name=books/publication_year_1899.parquet local_path=/opt/airflow/data/parquet/books/publication_year_1899.parquet","logger":"main","filename":"main.py","lineno":187}
{"timestamp":"2026-03-30T11:57:28.910879Z","level":"info","event":"upload_by_year success year=1899.0 object_name=books/publication_year_1899.parquet","logger":"main","filename":"main.py","lineno":201}
{"timestamp":"2026-03-30T11:57:28.911920Z","level":"info","event":"upload_by_year start year=1900.0 group_shape=(4, 17) object_name=books/publication_year_1900.parquet local_path=/opt/airflow/data/parquet/books/publication_year_1900.parquet","logger":"main","filename":"main.py","lineno":187}
{"timestamp":"2026-03-30T11:57:29.543140Z","level":"info","event":"upload_by_year success year=1900.0 object_name=books/publication_year_1900.parquet","logger":"main","filename":"main.py","lineno":201}
{"timestamp":"2026-03-30T11:57:29.544377Z","level":"info","event":"upload_by_year start year=1901.0 group_shape=(11, 17) object_name=books/publication_year_1901.parquet local_path=/opt/airflow/data/parquet/books/publication_year_1901.parquet","logger":"main","filename":"main.py","lineno":187}
{"timestamp":"2026-03-30T11:57:30.703028Z","level":"info","event":"upload_by_year success year=1901.0 object_name=books/publication_year_1901.parquet","logger":"main","filename":"main.py","lineno":201}
{"timestamp":"2026-03-30T11:57:30.704050Z","level":"info","event":"upload_by_year start year=1902.0 group_shape=(4, 17) object_name=books/publication_year_1902.parquet local_path=/opt/airflow/data/parquet/books/publication_year_1902.parquet","logger":"main","filename":"main.py","lineno":187}
{"timestamp":"2026-03-30T11:57:31.066580Z","level":"info","event":"upload_by_year success year=1902.0 object_name=books/publication_year_1902.parquet","logger":"main","filename":"main.py","lineno":201}
{"timestamp":"2026-03-30T11:57:31.067457Z","level":"info","event":"upload_by_year start year=1903.0 group_shape=(7, 17) object_name=books/publication_year_1903.parquet local_path=/opt/airflow/data/parquet/books/publication_year_1903.parquet","logger":"main","filename":"main.py","lineno":187}
{"timestamp":"2026-03-30T11:57:31.337271Z","level":"info","event":"upload_by_year success year=1903.0 object_name=books/publication_year_1903.parquet","logger":"main","filename":"main.py","lineno":201}
{"timestamp":"2026-03-30T11:57:31.338222Z","level":"info","event":"upload_by_year start year=1904.0 group_shape=(6, 17) object_name=books/publication_year_1904.parquet local_path=/opt/airflow/data/parquet/books/publication_year_1904.parquet","logger":"main","filename":"main.py","lineno":187}
{"timestamp":"2026-03-30T11:57:31.806412Z","level":"info","event":"upload_by_year success year=1904.0 object_name=books/publication_year_1904.parquet","logger":"main","filename":"main.py","lineno":201}
{"timestamp":"2026-03-30T11:57:31.807628Z","level":"info","event":"upload_by_year start year=1905.0 group_shape=(4, 17) object_name=books/publication_year_1905.parquet local_path=/opt/airflow/data/parquet/books/publication_year_1905.parquet","logger":"main","filename":"main.py","lineno":187}
{"timestamp":"2026-03-30T11:57:32.330696Z","level":"info","event":"upload_by_year success year=1905.0 object_name=books/publication_year_1905.parquet","logger":"main","filename":"main.py","lineno":201}
{"timestamp":"2026-03-30T11:57:32.331526Z","level":"info","event":"upload_by_year start year=1906.0 group_shape=(4, 17) object_name=books/publication_year_1906.parquet local_path=/opt/airflow/data/parquet/books/publication_year_1906.parquet","logger":"main","filename":"main.py","lineno":187}
{"timestamp":"2026-03-30T11:57:33.119427Z","level":"info","event":"upload_by_year success year=1906.0 object_name=books/publication_year_1906.parquet","logger":"main","filename":"main.py","lineno":201}
{"timestamp":"2026-03-30T11:57:33.120502Z","level":"info","event":"upload_by_year start year=1907.0 group_shape=(6, 17) object_name=books/publication_year_1907.parquet local_path=/opt/airflow/data/parquet/books/publication_year_1907.parquet","logger":"main","filename":"main.py","lineno":187}
{"timestamp":"2026-03-30T11:57:33.561746Z","level":"info","event":"upload_by_year success year=1907.0 object_name=books/publication_year_1907.parquet","logger":"main","filename":"main.py","lineno":201}
{"timestamp":"2026-03-30T11:57:33.562458Z","level":"info","event":"upload_by_year start year=1908.0 group_shape=(6, 17) object_name=books/publication_year_1908.parquet local_path=/opt/airflow/data/parquet/books/publication_year_1908.parquet","logger":"main","filename":"main.py","lineno":187}
{"timestamp":"2026-03-30T11:57:33.996528Z","level":"info","event":"upload_by_year success year=1908.0 object_name=books/publication_year_1908.parquet","logger":"main","filename":"main.py","lineno":201}
{"timestamp":"2026-03-30T11:57:33.997327Z","level":"info","event":"upload_by_year start year=1909.0 group_shape=(7, 17) object_name=books/publication_year_1909.parquet local_path=/opt/airflow/data/parquet/books/publication_year_1909.parquet","logger":"main","filename":"main.py","lineno":187}
{"timestamp":"2026-03-30T11:57:34.413634Z","level":"info","event":"upload_by_year success year=1909.0 object_name=books/publication_year_1909.parquet","logger":"main","filename":"main.py","lineno":201}
{"timestamp":"2026-03-30T11:57:34.414389Z","level":"info","event":"upload_by_year start year=1910.0 group_shape=(7, 17) object_name=books/publication_year_1910.parquet local_path=/opt/airflow/data/parquet/books/publication_year_1910.parquet","logger":"main","filename":"main.py","lineno":187}
{"timestamp":"2026-03-30T11:57:34.860723Z","level":"info","event":"upload_by_year success year=1910.0 object_name=books/publication_year_1910.parquet","logger":"main","filename":"main.py","lineno":201}
{"timestamp":"2026-03-30T11:57:34.862091Z","level":"info","event":"upload_by_year start year=1911.0 group_shape=(23, 17) object_name=books/publication_year_1911.parquet local_path=/opt/airflow/data/parquet/books/publication_year_1911.parquet","logger":"main","filename":"main.py","lineno":187}
{"timestamp":"2026-03-30T11:57:35.091279Z","level":"info","event":"upload_by_year success year=1911.0 object_name=books/publication_year_1911.parquet","logger":"main","filename":"main.py","lineno":201}
{"timestamp":"2026-03-30T11:57:35.092076Z","level":"info","event":"upload_by_year start year=1912.0 group_shape=(6, 17) object_name=books/publication_year_1912.parquet local_path=/opt/airflow/data/parquet/books/publication_year_1912.parquet","logger":"main","filename":"main.py","lineno":187}
{"timestamp":"2026-03-30T11:57:35.322532Z","level":"info","event":"upload_by_year success year=1912.0 object_name=books/publication_year_1912.parquet","logger":"main","filename":"main.py","lineno":201}
{"timestamp":"2026-03-30T11:57:35.323285Z","level":"info","event":"upload_by_year start year=1913.0 group_shape=(1, 17) object_name=books/publication_year_1913.parquet local_path=/opt/airflow/data/parquet/books/publication_year_1913.parquet","logger":"main","filename":"main.py","lineno":187}
{"timestamp":"2026-03-30T11:57:35.561430Z","level":"info","event":"upload_by_year success year=1913.0 object_name=books/publication_year_1913.parquet","logger":"main","filename":"main.py","lineno":201}
{"timestamp":"2026-03-30T11:57:35.562469Z","level":"info","event":"upload_by_year start year=1914.0 group_shape=(8, 17) object_name=books/publication_year_1914.parquet local_path=/opt/airflow/data/parquet/books/publication_year_1914.parquet","logger":"main","filename":"main.py","lineno":187}
{"timestamp":"2026-03-30T11:57:35.771040Z","level":"info","event":"upload_by_year success year=1914.0 object_name=books/publication_year_1914.parquet","logger":"main","filename":"main.py","lineno":201}
{"timestamp":"2026-03-30T11:57:35.772030Z","level":"info","event":"upload_by_year start year=1915.0 group_shape=(2, 17) object_name=books/publication_year_1915.parquet local_path=/opt/airflow/data/parquet/books/publication_year_1915.parquet","logger":"main","filename":"main.py","lineno":187}
{"timestamp":"2026-03-30T11:57:36.040439Z","level":"info","event":"upload_by_year success year=1915.0 object_name=books/publication_year_1915.parquet","logger":"main","filename":"main.py","lineno":201}
{"timestamp":"2026-03-30T11:57:36.041411Z","level":"info","event":"upload_by_year start year=1916.0 group_shape=(2, 17) object_name=books/publication_year_1916.parquet local_path=/opt/airflow/data/parquet/books/publication_year_1916.parquet","logger":"main","filename":"main.py","lineno":187}
{"timestamp":"2026-03-30T11:57:36.271271Z","level":"info","event":"upload_by_year success year=1916.0 object_name=books/publication_year_1916.parquet","logger":"main","filename":"main.py","lineno":201}
{"timestamp":"2026-03-30T11:57:36.272357Z","level":"info","event":"upload_by_year start year=1917.0 group_shape=(7, 17) object_name=books/publication_year_1917.parquet local_path=/opt/airflow/data/parquet/books/publication_year_1917.parquet","logger":"main","filename":"main.py","lineno":187}
{"timestamp":"2026-03-30T11:57:36.610215Z","level":"info","event":"upload_by_year success year=1917.0 object_name=books/publication_year_1917.parquet","logger":"main","filename":"main.py","lineno":201}
{"timestamp":"2026-03-30T11:57:36.611142Z","level":"info","event":"upload_by_year start year=1918.0 group_shape=(3, 17) object_name=books/publication_year_1918.parquet local_path=/opt/airflow/data/parquet/books/publication_year_1918.parquet","logger":"main","filename":"main.py","lineno":187}
{"timestamp":"2026-03-30T11:57:36.945873Z","level":"info","event":"upload_by_year success year=1918.0 object_name=books/publication_year_1918.parquet","logger":"main","filename":"main.py","lineno":201}
{"timestamp":"2026-03-30T11:57:36.947415Z","level":"info","event":"upload_by_year start year=1919.0 group_shape=(4, 17) object_name=books/publication_year_1919.parquet local_path=/opt/airflow/data/parquet/books/publication_year_1919.parquet","logger":"main","filename":"main.py","lineno":187}
{"timestamp":"2026-03-30T11:57:37.612611Z","level":"info","event":"upload_by_year success year=1919.0 object_name=books/publication_year_1919.parquet","logger":"main","filename":"main.py","lineno":201}
{"timestamp":"2026-03-30T11:57:37.613405Z","level":"info","event":"upload_by_year start year=1920.0 group_shape=(37, 17) object_name=books/publication_year_1920.parquet local_path=/opt/airflow/data/parquet/books/publication_year_1920.parquet","logger":"main","filename":"main.py","lineno":187}
{"timestamp":"2026-03-30T11:57:37.916699Z","level":"info","event":"upload_by_year success year=1920.0 object_name=books/publication_year_1920.parquet","logger":"main","filename":"main.py","lineno":201}
{"timestamp":"2026-03-30T11:57:37.917765Z","level":"info","event":"upload_by_year start year=1921.0 group_shape=(6, 17) object_name=books/publication_year_1921.parquet local_path=/opt/airflow/data/parquet/books/publication_year_1921.parquet","logger":"main","filename":"main.py","lineno":187}
{"timestamp":"2026-03-30T11:57:38.278383Z","level":"info","event":"upload_by_year success year=1921.0 object_name=books/publication_year_1921.parquet","logger":"main","filename":"main.py","lineno":201}
{"timestamp":"2026-03-30T11:57:38.279146Z","level":"info","event":"upload_by_year start year=1922.0 group_shape=(9, 17) object_name=books/publication_year_1922.parquet local_path=/opt/airflow/data/parquet/books/publication_year_1922.parquet","logger":"main","filename":"main.py","lineno":187}
{"timestamp":"2026-03-30T11:57:38.538718Z","level":"info","event":"upload_by_year success year=1922.0 object_name=books/publication_year_1922.parquet","logger":"main","filename":"main.py","lineno":201}
{"timestamp":"2026-03-30T11:57:38.539556Z","level":"info","event":"upload_by_year start year=1923.0 group_shape=(13, 17) object_name=books/publication_year_1923.parquet local_path=/opt/airflow/data/parquet/books/publication_year_1923.parquet","logger":"main","filename":"main.py","lineno":187}
{"timestamp":"2026-03-30T11:57:38.798266Z","level":"info","event":"upload_by_year success year=1923.0 object_name=books/publication_year_1923.parquet","logger":"main","filename":"main.py","lineno":201}
{"timestamp":"2026-03-30T11:57:38.799737Z","level":"info","event":"upload_by_year start year=1924.0 group_shape=(7, 17) object_name=books/publication_year_1924.parquet local_path=/opt/airflow/data/parquet/books/publication_year_1924.parquet","logger":"main","filename":"main.py","lineno":187}
{"timestamp":"2026-03-30T11:57:39.188825Z","level":"info","event":"upload_by_year success year=1924.0 object_name=books/publication_year_1924.parquet","logger":"main","filename":"main.py","lineno":201}
{"timestamp":"2026-03-30T11:57:39.189806Z","level":"info","event":"upload_by_year start year=1925.0 group_shape=(6, 17) object_name=books/publication_year_1925.parquet local_path=/opt/airflow/data/parquet/books/publication_year_1925.parquet","logger":"main","filename":"main.py","lineno":187}
{"timestamp":"2026-03-30T11:57:39.762966Z","level":"info","event":"upload_by_year success year=1925.0 object_name=books/publication_year_1925.parquet","logger":"main","filename":"main.py","lineno":201}
{"timestamp":"2026-03-30T11:57:39.764001Z","level":"info","event":"upload_by_year start year=1926.0 group_shape=(9, 17) object_name=books/publication_year_1926.parquet local_path=/opt/airflow/data/parquet/books/publication_year_1926.parquet","logger":"main","filename":"main.py","lineno":187}
{"timestamp":"2026-03-30T11:57:40.064443Z","level":"info","event":"upload_by_year success year=1926.0 object_name=books/publication_year_1926.parquet","logger":"main","filename":"main.py","lineno":201}
{"timestamp":"2026-03-30T11:57:40.066408Z","level":"info","event":"upload_by_year start year=1927.0 group_shape=(7, 17) object_name=books/publication_year_1927.parquet local_path=/opt/airflow/data/parquet/books/publication_year_1927.parquet","logger":"main","filename":"main.py","lineno":187}
{"timestamp":"2026-03-30T11:57:40.943621Z","level":"info","event":"upload_by_year success year=1927.0 object_name=books/publication_year_1927.parquet","logger":"main","filename":"main.py","lineno":201}
{"timestamp":"2026-03-30T11:57:40.944544Z","level":"info","event":"upload_by_year start year=1928.0 group_shape=(8, 17) object_name=books/publication_year_1928.parquet local_path=/opt/airflow/data/parquet/books/publication_year_1928.parquet","logger":"main","filename":"main.py","lineno":187}
{"timestamp":"2026-03-30T11:57:41.936729Z","level":"info","event":"upload_by_year success year=1928.0 object_name=books/publication_year_1928.parquet","logger":"main","filename":"main.py","lineno":201}
{"timestamp":"2026-03-30T11:57:41.937852Z","level":"info","event":"upload_by_year start year=1929.0 group_shape=(11, 17) object_name=books/publication_year_1929.parquet local_path=/opt/airflow/data/parquet/books/publication_year_1929.parquet","logger":"main","filename":"main.py","lineno":187}
{"timestamp":"2026-03-30T11:57:42.181964Z","level":"info","event":"upload_by_year success year=1929.0 object_name=books/publication_year_1929.parquet","logger":"main","filename":"main.py","lineno":201}
{"timestamp":"2026-03-30T11:57:42.183006Z","level":"info","event":"upload_by_year start year=1930.0 group_shape=(18, 17) object_name=books/publication_year_1930.parquet local_path=/opt/airflow/data/parquet/books/publication_year_1930.parquet","logger":"main","filename":"main.py","lineno":187}
{"timestamp":"2026-03-30T11:57:42.550568Z","level":"info","event":"upload_by_year success year=1930.0 object_name=books/publication_year_1930.parquet","logger":"main","filename":"main.py","lineno":201}
{"timestamp":"2026-03-30T11:57:42.551942Z","level":"info","event":"upload_by_year start year=1931.0 group_shape=(9, 17) object_name=books/publication_year_1931.parquet local_path=/opt/airflow/data/parquet/books/publication_year_1931.parquet","logger":"main","filename":"main.py","lineno":187}
{"timestamp":"2026-03-30T11:57:42.833703Z","level":"info","event":"upload_by_year success year=1931.0 object_name=books/publication_year_1931.parquet","logger":"main","filename":"main.py","lineno":201}
{"timestamp":"2026-03-30T11:57:42.834847Z","level":"info","event":"upload_by_year start year=1932.0 group_shape=(9, 17) object_name=books/publication_year_1932.parquet local_path=/opt/airflow/data/parquet/books/publication_year_1932.parquet","logger":"main","filename":"main.py","lineno":187}
{"timestamp":"2026-03-30T11:57:43.133039Z","level":"info","event":"upload_by_year success year=1932.0 object_name=books/publication_year_1932.parquet","logger":"main","filename":"main.py","lineno":201}
{"timestamp":"2026-03-30T11:57:43.134251Z","level":"info","event":"upload_by_year start year=1933.0 group_shape=(12, 17) object_name=books/publication_year_1933.parquet local_path=/opt/airflow/data/parquet/books/publication_year_1933.parquet","logger":"main","filename":"main.py","lineno":187}
{"timestamp":"2026-03-30T11:57:43.531590Z","level":"info","event":"upload_by_year success year=1933.0 object_name=books/publication_year_1933.parquet","logger":"main","filename":"main.py","lineno":201}
{"timestamp":"2026-03-30T11:57:43.532377Z","level":"info","event":"upload_by_year start year=1934.0 group_shape=(9, 17) object_name=books/publication_year_1934.parquet local_path=/opt/airflow/data/parquet/books/publication_year_1934.parquet","logger":"main","filename":"main.py","lineno":187}
{"timestamp":"2026-03-30T11:57:43.724736Z","level":"info","event":"upload_by_year success year=1934.0 object_name=books/publication_year_1934.parquet","logger":"main","filename":"main.py","lineno":201}
{"timestamp":"2026-03-30T11:57:43.725596Z","level":"info","event":"upload_by_year start year=1935.0 group_shape=(6, 17) object_name=books/publication_year_1935.parquet local_path=/opt/airflow/data/parquet/books/publication_year_1935.parquet","logger":"main","filename":"main.py","lineno":187}
{"timestamp":"2026-03-30T11:57:44.264770Z","level":"info","event":"upload_by_year success year=1935.0 object_name=books/publication_year_1935.parquet","logger":"main","filename":"main.py","lineno":201}
{"timestamp":"2026-03-30T11:57:44.265789Z","level":"info","event":"upload_by_year start year=1936.0 group_shape=(11, 17) object_name=books/publication_year_1936.parquet local_path=/opt/airflow/data/parquet/books/publication_year_1936.parquet","logger":"main","filename":"main.py","lineno":187}
{"timestamp":"2026-03-30T11:57:44.632476Z","level":"info","event":"upload_by_year success year=1936.0 object_name=books/publication_year_1936.parquet","logger":"main","filename":"main.py","lineno":201}
{"timestamp":"2026-03-30T11:57:44.633365Z","level":"info","event":"upload_by_year start year=1937.0 group_shape=(12, 17) object_name=books/publication_year_1937.parquet local_path=/opt/airflow/data/parquet/books/publication_year_1937.parquet","logger":"main","filename":"main.py","lineno":187}
{"timestamp":"2026-03-30T11:57:45.001074Z","level":"info","event":"upload_by_year success year=1937.0 object_name=books/publication_year_1937.parquet","logger":"main","filename":"main.py","lineno":201}
{"timestamp":"2026-03-30T11:57:45.003927Z","level":"info","event":"upload_by_year start year=1938.0 group_shape=(11, 17) object_name=books/publication_year_1938.parquet local_path=/opt/airflow/data/parquet/books/publication_year_1938.parquet","logger":"main","filename":"main.py","lineno":187}
{"timestamp":"2026-03-30T11:57:45.384921Z","level":"info","event":"upload_by_year success year=1938.0 object_name=books/publication_year_1938.parquet","logger":"main","filename":"main.py","lineno":201}
{"timestamp":"2026-03-30T11:57:45.385919Z","level":"info","event":"upload_by_year start year=1939.0 group_shape=(12, 17) object_name=books/publication_year_1939.parquet local_path=/opt/airflow/data/parquet/books/publication_year_1939.parquet","logger":"main","filename":"main.py","lineno":187}
{"timestamp":"2026-03-30T11:57:45.639440Z","level":"info","event":"upload_by_year success year=1939.0 object_name=books/publication_year_1939.parquet","logger":"main","filename":"main.py","lineno":201}
{"timestamp":"2026-03-30T11:57:45.640597Z","level":"info","event":"upload_by_year start year=1940.0 group_shape=(40, 17) object_name=books/publication_year_1940.parquet local_path=/opt/airflow/data/parquet/books/publication_year_1940.parquet","logger":"main","filename":"main.py","lineno":187}
{"timestamp":"2026-03-30T11:57:45.818845Z","level":"info","event":"upload_by_year success year=1940.0 object_name=books/publication_year_1940.parquet","logger":"main","filename":"main.py","lineno":201}
{"timestamp":"2026-03-30T11:57:45.819841Z","level":"info","event":"upload_by_year start year=1941.0 group_shape=(12, 17) object_name=books/publication_year_1941.parquet local_path=/opt/airflow/data/parquet/books/publication_year_1941.parquet","logger":"main","filename":"main.py","lineno":187}
{"timestamp":"2026-03-30T11:57:46.086976Z","level":"info","event":"upload_by_year success year=1941.0 object_name=books/publication_year_1941.parquet","logger":"main","filename":"main.py","lineno":201}
{"timestamp":"2026-03-30T11:57:46.090197Z","level":"info","event":"upload_by_year start year=1942.0 group_shape=(19, 17) object_name=books/publication_year_1942.parquet local_path=/opt/airflow/data/parquet/books/publication_year_1942.parquet","logger":"main","filename":"main.py","lineno":187}
{"timestamp":"2026-03-30T11:57:46.532419Z","level":"info","event":"upload_by_year success year=1942.0 object_name=books/publication_year_1942.parquet","logger":"main","filename":"main.py","lineno":201}
{"timestamp":"2026-03-30T11:57:46.542946Z","level":"info","event":"upload_by_year start year=1943.0 group_shape=(12, 17) object_name=books/publication_year_1943.parquet local_path=/opt/airflow/data/parquet/books/publication_year_1943.parquet","logger":"main","filename":"main.py","lineno":187}
{"timestamp":"2026-03-30T11:57:46.938074Z","level":"info","event":"upload_by_year success year=1943.0 object_name=books/publication_year_1943.parquet","logger":"main","filename":"main.py","lineno":201}
{"timestamp":"2026-03-30T11:57:46.939181Z","level":"info","event":"upload_by_year start year=1944.0 group_shape=(12, 17) object_name=books/publication_year_1944.parquet local_path=/opt/airflow/data/parquet/books/publication_year_1944.parquet","logger":"main","filename":"main.py","lineno":187}
{"timestamp":"2026-03-30T11:57:47.149987Z","level":"info","event":"upload_by_year success year=1944.0 object_name=books/publication_year_1944.parquet","logger":"main","filename":"main.py","lineno":201}
{"timestamp":"2026-03-30T11:57:47.151162Z","level":"info","event":"upload_by_year start year=1945.0 group_shape=(13, 17) object_name=books/publication_year_1945.parquet local_path=/opt/airflow/data/parquet/books/publication_year_1945.parquet","logger":"main","filename":"main.py","lineno":187}
{"timestamp":"2026-03-30T11:57:47.386427Z","level":"info","event":"upload_by_year success year=1945.0 object_name=books/publication_year_1945.parquet","logger":"main","filename":"main.py","lineno":201}
{"timestamp":"2026-03-30T11:57:47.387679Z","level":"info","event":"upload_by_year start year=1946.0 group_shape=(19, 17) object_name=books/publication_year_1946.parquet local_path=/opt/airflow/data/parquet/books/publication_year_1946.parquet","logger":"main","filename":"main.py","lineno":187}
{"timestamp":"2026-03-30T11:57:47.617596Z","level":"info","event":"upload_by_year success year=1946.0 object_name=books/publication_year_1946.parquet","logger":"main","filename":"main.py","lineno":201}
{"timestamp":"2026-03-30T11:57:47.618544Z","level":"info","event":"upload_by_year start year=1947.0 group_shape=(19, 17) object_name=books/publication_year_1947.parquet local_path=/opt/airflow/data/parquet/books/publication_year_1947.parquet","logger":"main","filename":"main.py","lineno":187}
{"timestamp":"2026-03-30T11:57:47.828879Z","level":"info","event":"upload_by_year success year=1947.0 object_name=books/publication_year_1947.parquet","logger":"main","filename":"main.py","lineno":201}
{"timestamp":"2026-03-30T11:57:47.829874Z","level":"info","event":"upload_by_year start year=1948.0 group_shape=(16, 17) object_name=books/publication_year_1948.parquet local_path=/opt/airflow/data/parquet/books/publication_year_1948.parquet","logger":"main","filename":"main.py","lineno":187}
{"timestamp":"2026-03-30T11:57:48.049149Z","level":"info","event":"upload_by_year success year=1948.0 object_name=books/publication_year_1948.parquet","logger":"main","filename":"main.py","lineno":201}
{"timestamp":"2026-03-30T11:57:48.050163Z","level":"info","event":"upload_by_year start year=1949.0 group_shape=(18, 17) object_name=books/publication_year_1949.parquet local_path=/opt/airflow/data/parquet/books/publication_year_1949.parquet","logger":"main","filename":"main.py","lineno":187}
{"timestamp":"2026-03-30T11:57:49.202258Z","level":"info","event":"upload_by_year success year=1949.0 object_name=books/publication_year_1949.parquet","logger":"main","filename":"main.py","lineno":201}
{"timestamp":"2026-03-30T11:57:49.218447Z","level":"info","event":"upload_by_year start year=1950.0 group_shape=(37, 17) object_name=books/publication_year_1950.parquet local_path=/opt/airflow/data/parquet/books/publication_year_1950.parquet","logger":"main","filename":"main.py","lineno":187}
{"timestamp":"2026-03-30T11:57:50.044223Z","level":"info","event":"upload_by_year success year=1950.0 object_name=books/publication_year_1950.parquet","logger":"main","filename":"main.py","lineno":201}
{"timestamp":"2026-03-30T11:57:50.045245Z","level":"info","event":"upload_by_year start year=1951.0 group_shape=(44, 17) object_name=books/publication_year_1951.parquet local_path=/opt/airflow/data/parquet/books/publication_year_1951.parquet","logger":"main","filename":"main.py","lineno":187}
{"timestamp":"2026-03-30T11:57:50.471096Z","level":"info","event":"upload_by_year success year=1951.0 object_name=books/publication_year_1951.parquet","logger":"main","filename":"main.py","lineno":201}
{"timestamp":"2026-03-30T11:57:50.472161Z","level":"info","event":"upload_by_year start year=1952.0 group_shape=(41, 17) object_name=books/publication_year_1952.parquet local_path=/opt/airflow/data/parquet/books/publication_year_1952.parquet","logger":"main","filename":"main.py","lineno":187}
{"timestamp":"2026-03-30T11:57:50.921803Z","level":"info","event":"upload_by_year success year=1952.0 object_name=books/publication_year_1952.parquet","logger":"main","filename":"main.py","lineno":201}
{"timestamp":"2026-03-30T11:57:50.922892Z","level":"info","event":"upload_by_year start year=1953.0 group_shape=(67, 17) object_name=books/publication_year_1953.parquet local_path=/opt/airflow/data/parquet/books/publication_year_1953.parquet","logger":"main","filename":"main.py","lineno":187}
{"timestamp":"2026-03-30T11:57:51.499200Z","level":"info","event":"upload_by_year success year=1953.0 object_name=books/publication_year_1953.parquet","logger":"main","filename":"main.py","lineno":201}
{"timestamp":"2026-03-30T11:57:51.500254Z","level":"info","event":"upload_by_year start year=1954.0 group_shape=(60, 17) object_name=books/publication_year_1954.parquet local_path=/opt/airflow/data/parquet/books/publication_year_1954.parquet","logger":"main","filename":"main.py","lineno":187}
{"timestamp":"2026-03-30T11:57:52.249021Z","level":"info","event":"upload_by_year success year=1954.0 object_name=books/publication_year_1954.parquet","logger":"main","filename":"main.py","lineno":201}
{"timestamp":"2026-03-30T11:57:52.250047Z","level":"info","event":"upload_by_year start year=1955.0 group_shape=(74, 17) object_name=books/publication_year_1955.parquet local_path=/opt/airflow/data/parquet/books/publication_year_1955.parquet","logger":"main","filename":"main.py","lineno":187}
{"timestamp":"2026-03-30T11:57:53.243395Z","level":"info","event":"upload_by_year success year=1955.0 object_name=books/publication_year_1955.parquet","logger":"main","filename":"main.py","lineno":201}
{"timestamp":"2026-03-30T11:57:53.244254Z","level":"info","event":"upload_by_year start year=1956.0 group_shape=(80, 17) object_name=books/publication_year_1956.parquet local_path=/opt/airflow/data/parquet/books/publication_year_1956.parquet","logger":"main","filename":"main.py","lineno":187}
{"timestamp":"2026-03-30T11:57:53.712786Z","level":"info","event":"upload_by_year success year=1956.0 object_name=books/publication_year_1956.parquet","logger":"main","filename":"main.py","lineno":201}
{"timestamp":"2026-03-30T11:57:53.713690Z","level":"info","event":"upload_by_year start year=1957.0 group_shape=(79, 17) object_name=books/publication_year_1957.parquet local_path=/opt/airflow/data/parquet/books/publication_year_1957.parquet","logger":"main","filename":"main.py","lineno":187}
{"timestamp":"2026-03-30T11:57:54.222277Z","level":"info","event":"upload_by_year success year=1957.0 object_name=books/publication_year_1957.parquet","logger":"main","filename":"main.py","lineno":201}
{"timestamp":"2026-03-30T11:57:54.223355Z","level":"info","event":"upload_by_year start year=1958.0 group_shape=(80, 17) object_name=books/publication_year_1958.parquet local_path=/opt/airflow/data/parquet/books/publication_year_1958.parquet","logger":"main","filename":"main.py","lineno":187}
{"timestamp":"2026-03-30T11:57:54.467228Z","level":"info","event":"upload_by_year success year=1958.0 object_name=books/publication_year_1958.parquet","logger":"main","filename":"main.py","lineno":201}
{"timestamp":"2026-03-30T11:57:54.468088Z","level":"info","event":"upload_by_year start year=1959.0 group_shape=(106, 17) object_name=books/publication_year_1959.parquet local_path=/opt/airflow/data/parquet/books/publication_year_1959.parquet","logger":"main","filename":"main.py","lineno":187}
{"timestamp":"2026-03-30T11:57:54.695016Z","level":"info","event":"upload_by_year success year=1959.0 object_name=books/publication_year_1959.parquet","logger":"main","filename":"main.py","lineno":201}
{"timestamp":"2026-03-30T11:57:54.696013Z","level":"info","event":"upload_by_year start year=1960.0 group_shape=(136, 17) object_name=books/publication_year_1960.parquet local_path=/opt/airflow/data/parquet/books/publication_year_1960.parquet","logger":"main","filename":"main.py","lineno":187}
{"timestamp":"2026-03-30T11:57:54.923918Z","level":"info","event":"upload_by_year success year=1960.0 object_name=books/publication_year_1960.parquet","logger":"main","filename":"main.py","lineno":201}
{"timestamp":"2026-03-30T11:57:54.925574Z","level":"info","event":"upload_by_year start year=1961.0 group_shape=(134, 17) object_name=books/publication_year_1961.parquet local_path=/opt/airflow/data/parquet/books/publication_year_1961.parquet","logger":"main","filename":"main.py","lineno":187}
{"timestamp":"2026-03-30T11:57:55.350987Z","level":"info","event":"upload_by_year success year=1961.0 object_name=books/publication_year_1961.parquet","logger":"main","filename":"main.py","lineno":201}
{"timestamp":"2026-03-30T11:57:55.351878Z","level":"info","event":"upload_by_year start year=1962.0 group_shape=(127, 17) object_name=books/publication_year_1962.parquet local_path=/opt/airflow/data/parquet/books/publication_year_1962.parquet","logger":"main","filename":"main.py","lineno":187}
{"timestamp":"2026-03-30T11:57:55.678420Z","level":"info","event":"upload_by_year success year=1962.0 object_name=books/publication_year_1962.parquet","logger":"main","filename":"main.py","lineno":201}
{"timestamp":"2026-03-30T11:57:55.679681Z","level":"info","event":"upload_by_year start year=1963.0 group_shape=(138, 17) object_name=books/publication_year_1963.parquet local_path=/opt/airflow/data/parquet/books/publication_year_1963.parquet","logger":"main","filename":"main.py","lineno":187}
{"timestamp":"2026-03-30T11:57:55.925756Z","level":"info","event":"upload_by_year success year=1963.0 object_name=books/publication_year_1963.parquet","logger":"main","filename":"main.py","lineno":201}
{"timestamp":"2026-03-30T11:57:55.927299Z","level":"info","event":"upload_by_year start year=1964.0 group_shape=(155, 17) object_name=books/publication_year_1964.parquet local_path=/opt/airflow/data/parquet/books/publication_year_1964.parquet","logger":"main","filename":"main.py","lineno":187}
{"timestamp":"2026-03-30T11:57:56.168140Z","level":"info","event":"upload_by_year success year=1964.0 object_name=books/publication_year_1964.parquet","logger":"main","filename":"main.py","lineno":201}
{"timestamp":"2026-03-30T11:57:56.170307Z","level":"info","event":"upload_by_year start year=1965.0 group_shape=(177, 17) object_name=books/publication_year_1965.parquet local_path=/opt/airflow/data/parquet/books/publication_year_1965.parquet","logger":"main","filename":"main.py","lineno":187}
{"timestamp":"2026-03-30T11:57:56.436774Z","level":"info","event":"upload_by_year success year=1965.0 object_name=books/publication_year_1965.parquet","logger":"main","filename":"main.py","lineno":201}
{"timestamp":"2026-03-30T11:57:56.437641Z","level":"info","event":"upload_by_year start year=1966.0 group_shape=(189, 17) object_name=books/publication_year_1966.parquet local_path=/opt/airflow/data/parquet/books/publication_year_1966.parquet","logger":"main","filename":"main.py","lineno":187}
{"timestamp":"2026-03-30T11:57:56.649605Z","level":"info","event":"upload_by_year success year=1966.0 object_name=books/publication_year_1966.parquet","logger":"main","filename":"main.py","lineno":201}
{"timestamp":"2026-03-30T11:57:56.650203Z","level":"info","event":"upload_by_year start year=1967.0 group_shape=(179, 17) object_name=books/publication_year_1967.parquet local_path=/opt/airflow/data/parquet/books/publication_year_1967.parquet","logger":"main","filename":"main.py","lineno":187}
{"timestamp":"2026-03-30T11:57:56.888951Z","level":"info","event":"upload_by_year success year=1967.0 object_name=books/publication_year_1967.parquet","logger":"main","filename":"main.py","lineno":201}
{"timestamp":"2026-03-30T11:57:56.890065Z","level":"info","event":"upload_by_year start year=1968.0 group_shape=(239, 17) object_name=books/publication_year_1968.parquet local_path=/opt/airflow/data/parquet/books/publication_year_1968.parquet","logger":"main","filename":"main.py","lineno":187}
{"timestamp":"2026-03-30T11:57:57.102554Z","level":"info","event":"upload_by_year success year=1968.0 object_name=books/publication_year_1968.parquet","logger":"main","filename":"main.py","lineno":201}
{"timestamp":"2026-03-30T11:57:57.103854Z","level":"info","event":"upload_by_year start year=1969.0 group_shape=(341, 17) object_name=books/publication_year_1969.parquet local_path=/opt/airflow/data/parquet/books/publication_year_1969.parquet","logger":"main","filename":"main.py","lineno":187}
{"timestamp":"2026-03-30T11:57:57.396288Z","level":"info","event":"upload_by_year success year=1969.0 object_name=books/publication_year_1969.parquet","logger":"main","filename":"main.py","lineno":201}
{"timestamp":"2026-03-30T11:57:57.397321Z","level":"info","event":"upload_by_year start year=1970.0 group_shape=(467, 17) object_name=books/publication_year_1970.parquet local_path=/opt/airflow/data/parquet/books/publication_year_1970.parquet","logger":"main","filename":"main.py","lineno":187}
{"timestamp":"2026-03-30T11:57:57.585315Z","level":"info","event":"upload_by_year success year=1970.0 object_name=books/publication_year_1970.parquet","logger":"main","filename":"main.py","lineno":201}
{"timestamp":"2026-03-30T11:57:57.585931Z","level":"info","event":"upload_by_year start year=1971.0 group_shape=(543, 17) object_name=books/publication_year_1971.parquet local_path=/opt/airflow/data/parquet/books/publication_year_1971.parquet","logger":"main","filename":"main.py","lineno":187}
{"timestamp":"2026-03-30T11:57:57.754043Z","level":"info","event":"upload_by_year success year=1971.0 object_name=books/publication_year_1971.parquet","logger":"main","filename":"main.py","lineno":201}
{"timestamp":"2026-03-30T11:57:57.755070Z","level":"info","event":"upload_by_year start year=1972.0 group_shape=(774, 17) object_name=books/publication_year_1972.parquet local_path=/opt/airflow/data/parquet/books/publication_year_1972.parquet","logger":"main","filename":"main.py","lineno":187}
{"timestamp":"2026-03-30T11:57:58.014608Z","level":"info","event":"upload_by_year success year=1972.0 object_name=books/publication_year_1972.parquet","logger":"main","filename":"main.py","lineno":201}
{"timestamp":"2026-03-30T11:57:58.015599Z","level":"info","event":"upload_by_year start year=1973.0 group_shape=(928, 17) object_name=books/publication_year_1973.parquet local_path=/opt/airflow/data/parquet/books/publication_year_1973.parquet","logger":"main","filename":"main.py","lineno":187}
{"timestamp":"2026-03-30T11:57:57.401239Z","level":"info","event":"upload_by_year success year=1973.0 object_name=books/publication_year_1973.parquet","logger":"main","filename":"main.py","lineno":201}
{"timestamp":"2026-03-30T11:57:57.402097Z","level":"info","event":"upload_by_year start year=1974.0 group_shape=(1030, 17) object_name=books/publication_year_1974.parquet local_path=/opt/airflow/data/parquet/books/publication_year_1974.parquet","logger":"main","filename":"main.py","lineno":187}
{"timestamp":"2026-03-30T11:57:56.490029Z","level":"info","event":"upload_by_year success year=1974.0 object_name=books/publication_year_1974.parquet","logger":"main","filename":"main.py","lineno":201}
{"timestamp":"2026-03-30T11:57:56.490771Z","level":"info","event":"upload_by_year start year=1975.0 group_shape=(1225, 17) object_name=books/publication_year_1975.parquet local_path=/opt/airflow/data/parquet/books/publication_year_1975.parquet","logger":"main","filename":"main.py","lineno":187}
{"timestamp":"2026-03-30T11:57:56.669314Z","level":"info","event":"upload_by_year success year=1975.0 object_name=books/publication_year_1975.parquet","logger":"main","filename":"main.py","lineno":201}
{"timestamp":"2026-03-30T11:57:56.670363Z","level":"info","event":"upload_by_year start year=1976.0 group_shape=(1601, 17) object_name=books/publication_year_1976.parquet local_path=/opt/airflow/data/parquet/books/publication_year_1976.parquet","logger":"main","filename":"main.py","lineno":187}
{"timestamp":"2026-03-30T11:57:56.872952Z","level":"info","event":"upload_by_year success year=1976.0 object_name=books/publication_year_1976.parquet","logger":"main","filename":"main.py","lineno":201}
{"timestamp":"2026-03-30T11:57:56.873654Z","level":"info","event":"upload_by_year start year=1977.0 group_shape=(1899, 17) object_name=books/publication_year_1977.parquet local_path=/opt/airflow/data/parquet/books/publication_year_1977.parquet","logger":"main","filename":"main.py","lineno":187}
{"timestamp":"2026-03-30T11:57:57.083050Z","level":"info","event":"upload_by_year success year=1977.0 object_name=books/publication_year_1977.parquet","logger":"main","filename":"main.py","lineno":201}
{"timestamp":"2026-03-30T11:57:57.083995Z","level":"info","event":"upload_by_year start year=1978.0 group_shape=(2134, 17) object_name=books/publication_year_1978.parquet local_path=/opt/airflow/data/parquet/books/publication_year_1978.parquet","logger":"main","filename":"main.py","lineno":187}
{"timestamp":"2026-03-30T11:57:57.297448Z","level":"info","event":"upload_by_year success year=1978.0 object_name=books/publication_year_1978.parquet","logger":"main","filename":"main.py","lineno":201}
{"timestamp":"2026-03-30T11:57:57.298013Z","level":"info","event":"upload_by_year start year=1979.0 group_shape=(2212, 17) object_name=books/publication_year_1979.parquet local_path=/opt/airflow/data/parquet/books/publication_year_1979.parquet","logger":"main","filename":"main.py","lineno":187}
{"timestamp":"2026-03-30T11:57:57.634739Z","level":"info","event":"upload_by_year success year=1979.0 object_name=books/publication_year_1979.parquet","logger":"main","filename":"main.py","lineno":201}
{"timestamp":"2026-03-30T11:57:57.635740Z","level":"info","event":"upload_by_year start year=1980.0 group_shape=(2683, 17) object_name=books/publication_year_1980.parquet local_path=/opt/airflow/data/parquet/books/publication_year_1980.parquet","logger":"main","filename":"main.py","lineno":187}
{"timestamp":"2026-03-30T11:57:58.663443Z","level":"info","event":"upload_by_year success year=1980.0 object_name=books/publication_year_1980.parquet","logger":"main","filename":"main.py","lineno":201}
{"timestamp":"2026-03-30T11:57:58.664268Z","level":"info","event":"upload_by_year start year=1981.0 group_shape=(3283, 17) object_name=books/publication_year_1981.parquet local_path=/opt/airflow/data/parquet/books/publication_year_1981.parquet","logger":"main","filename":"main.py","lineno":187}
{"timestamp":"2026-03-30T11:57:59.057230Z","level":"info","event":"upload_by_year success year=1981.0 object_name=books/publication_year_1981.parquet","logger":"main","filename":"main.py","lineno":201}
{"timestamp":"2026-03-30T11:57:59.058056Z","level":"info","event":"upload_by_year start year=1982.0 group_shape=(4201, 17) object_name=books/publication_year_1982.parquet local_path=/opt/airflow/data/parquet/books/publication_year_1982.parquet","logger":"main","filename":"main.py","lineno":187}
{"timestamp":"2026-03-30T11:57:59.473230Z","level":"info","event":"upload_by_year success year=1982.0 object_name=books/publication_year_1982.parquet","logger":"main","filename":"main.py","lineno":201}
{"timestamp":"2026-03-30T11:57:59.474208Z","level":"info","event":"upload_by_year start year=1983.0 group_shape=(4500, 17) object_name=books/publication_year_1983.parquet local_path=/opt/airflow/data/parquet/books/publication_year_1983.parquet","logger":"main","filename":"main.py","lineno":187}
{"timestamp":"2026-03-30T11:57:59.987972Z","level":"info","event":"upload_by_year success year=1983.0 object_name=books/publication_year_1983.parquet","logger":"main","filename":"main.py","lineno":201}
{"timestamp":"2026-03-30T11:57:59.988972Z","level":"info","event":"upload_by_year start year=1984.0 group_shape=(4993, 17) object_name=books/publication_year_1984.parquet local_path=/opt/airflow/data/parquet/books/publication_year_1984.parquet","logger":"main","filename":"main.py","lineno":187}
{"timestamp":"2026-03-30T11:58:00.652128Z","level":"info","event":"upload_by_year success year=1984.0 object_name=books/publication_year_1984.parquet","logger":"main","filename":"main.py","lineno":201}
{"timestamp":"2026-03-30T11:58:00.653234Z","level":"info","event":"upload_by_year start year=1985.0 group_shape=(5350, 17) object_name=books/publication_year_1985.parquet local_path=/opt/airflow/data/parquet/books/publication_year_1985.parquet","logger":"main","filename":"main.py","lineno":187}
{"timestamp":"2026-03-30T11:58:01.097205Z","level":"info","event":"upload_by_year success year=1985.0 object_name=books/publication_year_1985.parquet","logger":"main","filename":"main.py","lineno":201}
{"timestamp":"2026-03-30T11:58:01.098012Z","level":"info","event":"upload_by_year start year=1986.0 group_shape=(5845, 17) object_name=books/publication_year_1986.parquet local_path=/opt/airflow/data/parquet/books/publication_year_1986.parquet","logger":"main","filename":"main.py","lineno":187}
{"timestamp":"2026-03-30T11:58:01.407098Z","level":"info","event":"upload_by_year success year=1986.0 object_name=books/publication_year_1986.parquet","logger":"main","filename":"main.py","lineno":201}
{"timestamp":"2026-03-30T11:58:01.412333Z","level":"info","event":"upload_by_year start year=1987.0 group_shape=(6536, 17) object_name=books/publication_year_1987.parquet local_path=/opt/airflow/data/parquet/books/publication_year_1987.parquet","logger":"main","filename":"main.py","lineno":187}
{"timestamp":"2026-03-30T11:58:01.712741Z","level":"info","event":"upload_by_year success year=1987.0 object_name=books/publication_year_1987.parquet","logger":"main","filename":"main.py","lineno":201}
{"timestamp":"2026-03-30T11:58:01.713562Z","level":"info","event":"upload_by_year start year=1988.0 group_shape=(7495, 17) object_name=books/publication_year_1988.parquet local_path=/opt/airflow/data/parquet/books/publication_year_1988.parquet","logger":"main","filename":"main.py","lineno":187}
{"timestamp":"2026-03-30T11:58:02.058022Z","level":"info","event":"upload_by_year success year=1988.0 object_name=books/publication_year_1988.parquet","logger":"main","filename":"main.py","lineno":201}
{"timestamp":"2026-03-30T11:58:02.058909Z","level":"info","event":"upload_by_year start year=1989.0 group_shape=(7943, 17) object_name=books/publication_year_1989.parquet local_path=/opt/airflow/data/parquet/books/publication_year_1989.parquet","logger":"main","filename":"main.py","lineno":187}
{"timestamp":"2026-03-30T11:58:02.472056Z","level":"info","event":"upload_by_year success year=1989.0 object_name=books/publication_year_1989.parquet","logger":"main","filename":"main.py","lineno":201}
{"timestamp":"2026-03-30T11:58:02.473352Z","level":"info","event":"upload_by_year start year=1990.0 group_shape=(8663, 17) object_name=books/publication_year_1990.parquet local_path=/opt/airflow/data/parquet/books/publication_year_1990.parquet","logger":"main","filename":"main.py","lineno":187}
{"timestamp":"2026-03-30T11:58:02.801356Z","level":"info","event":"upload_by_year success year=1990.0 object_name=books/publication_year_1990.parquet","logger":"main","filename":"main.py","lineno":201}
{"timestamp":"2026-03-30T11:58:02.802453Z","level":"info","event":"upload_by_year start year=1991.0 group_shape=(9397, 17) object_name=books/publication_year_1991.parquet local_path=/opt/airflow/data/parquet/books/publication_year_1991.parquet","logger":"main","filename":"main.py","lineno":187}
{"timestamp":"2026-03-30T11:58:03.163029Z","level":"info","event":"upload_by_year success year=1991.0 object_name=books/publication_year_1991.parquet","logger":"main","filename":"main.py","lineno":201}
{"timestamp":"2026-03-30T11:58:03.163795Z","level":"info","event":"upload_by_year start year=1992.0 group_shape=(9912, 17) object_name=books/publication_year_1992.parquet local_path=/opt/airflow/data/parquet/books/publication_year_1992.parquet","logger":"main","filename":"main.py","lineno":187}
{"timestamp":"2026-03-30T11:58:03.530497Z","level":"info","event":"upload_by_year success year=1992.0 object_name=books/publication_year_1992.parquet","logger":"main","filename":"main.py","lineno":201}
{"timestamp":"2026-03-30T11:58:03.531595Z","level":"info","event":"upload_by_year start year=1993.0 group_shape=(10609, 17) object_name=books/publication_year_1993.parquet local_path=/opt/airflow/data/parquet/books/publication_year_1993.parquet","logger":"main","filename":"main.py","lineno":187}
{"timestamp":"2026-03-30T11:58:04.053891Z","level":"info","event":"upload_by_year success year=1993.0 object_name=books/publication_year_1993.parquet","logger":"main","filename":"main.py","lineno":201}
{"timestamp":"2026-03-30T11:58:04.055131Z","level":"info","event":"upload_by_year start year=1994.0 group_shape=(11803, 17) object_name=books/publication_year_1994.parquet local_path=/opt/airflow/data/parquet/books/publication_year_1994.parquet","logger":"main","filename":"main.py","lineno":187}
{"timestamp":"2026-03-30T11:58:04.593901Z","level":"info","event":"upload_by_year success year=1994.0 object_name=books/publication_year_1994.parquet","logger":"main","filename":"main.py","lineno":201}
{"timestamp":"2026-03-30T11:58:04.594668Z","level":"info","event":"upload_by_year start year=1995.0 group_shape=(13552, 17) object_name=books/publication_year_1995.parquet local_path=/opt/airflow/data/parquet/books/publication_year_1995.parquet","logger":"main","filename":"main.py","lineno":187}
{"timestamp":"2026-03-30T11:58:05.351295Z","level":"info","event":"upload_by_year success year=1995.0 object_name=books/publication_year_1995.parquet","logger":"main","filename":"main.py","lineno":201}
{"timestamp":"2026-03-30T11:58:05.356744Z","level":"info","event":"upload_by_year start year=1996.0 group_shape=(14031, 17) object_name=books/publication_year_1996.parquet local_path=/opt/airflow/data/parquet/books/publication_year_1996.parquet","logger":"main","filename":"main.py","lineno":187}
{"timestamp":"2026-03-30T11:58:05.900291Z","level":"info","event":"upload_by_year success year=1996.0 object_name=books/publication_year_1996.parquet","logger":"main","filename":"main.py","lineno":201}
{"timestamp":"2026-03-30T11:58:05.902850Z","level":"info","event":"upload_by_year start year=1997.0 group_shape=(14894, 17) object_name=books/publication_year_1997.parquet local_path=/opt/airflow/data/parquet/books/publication_year_1997.parquet","logger":"main","filename":"main.py","lineno":187}
{"timestamp":"2026-03-30T11:58:06.328379Z","level":"info","event":"upload_by_year success year=1997.0 object_name=books/publication_year_1997.parquet","logger":"main","filename":"main.py","lineno":201}
{"timestamp":"2026-03-30T11:58:06.329439Z","level":"info","event":"upload_by_year start year=1998.0 group_shape=(15772, 17) object_name=books/publication_year_1998.parquet local_path=/opt/airflow/data/parquet/books/publication_year_1998.parquet","logger":"main","filename":"main.py","lineno":187}
{"timestamp":"2026-03-30T11:58:06.716282Z","level":"info","event":"upload_by_year success year=1998.0 object_name=books/publication_year_1998.parquet","logger":"main","filename":"main.py","lineno":201}
{"timestamp":"2026-03-30T11:58:06.717440Z","level":"info","event":"upload_by_year start year=1999.0 group_shape=(17435, 17) object_name=books/publication_year_1999.parquet local_path=/opt/airflow/data/parquet/books/publication_year_1999.parquet","logger":"main","filename":"main.py","lineno":187}
{"timestamp":"2026-03-30T11:58:07.088633Z","level":"info","event":"upload_by_year success year=1999.0 object_name=books/publication_year_1999.parquet","logger":"main","filename":"main.py","lineno":201}
{"timestamp":"2026-03-30T11:58:07.089875Z","level":"info","event":"upload_by_year start year=2000.0 group_shape=(17237, 17) object_name=books/publication_year_2000.parquet local_path=/opt/airflow/data/parquet/books/publication_year_2000.parquet","logger":"main","filename":"main.py","lineno":187}
{"timestamp":"2026-03-30T11:58:07.547545Z","level":"info","event":"upload_by_year success year=2000.0 object_name=books/publication_year_2000.parquet","logger":"main","filename":"main.py","lineno":201}
{"timestamp":"2026-03-30T11:58:07.548693Z","level":"info","event":"upload_by_year start year=2001.0 group_shape=(17365, 17) object_name=books/publication_year_2001.parquet local_path=/opt/airflow/data/parquet/books/publication_year_2001.parquet","logger":"main","filename":"main.py","lineno":187}
{"timestamp":"2026-03-30T11:58:07.999128Z","level":"info","event":"upload_by_year success year=2001.0 object_name=books/publication_year_2001.parquet","logger":"main","filename":"main.py","lineno":201}
{"timestamp":"2026-03-30T11:58:08.000070Z","level":"info","event":"upload_by_year start year=2002.0 group_shape=(17630, 17) object_name=books/publication_year_2002.parquet local_path=/opt/airflow/data/parquet/books/publication_year_2002.parquet","logger":"main","filename":"main.py","lineno":187}
{"timestamp":"2026-03-30T11:58:08.437248Z","level":"info","event":"upload_by_year success year=2002.0 object_name=books/publication_year_2002.parquet","logger":"main","filename":"main.py","lineno":201}
{"timestamp":"2026-03-30T11:58:08.437944Z","level":"info","event":"upload_by_year start year=2003.0 group_shape=(14360, 17) object_name=books/publication_year_2003.parquet local_path=/opt/airflow/data/parquet/books/publication_year_2003.parquet","logger":"main","filename":"main.py","lineno":187}
{"timestamp":"2026-03-30T11:58:08.876783Z","level":"info","event":"upload_by_year success year=2003.0 object_name=books/publication_year_2003.parquet","logger":"main","filename":"main.py","lineno":201}
{"timestamp":"2026-03-30T11:58:08.877599Z","level":"info","event":"upload_by_year start year=2004.0 group_shape=(5842, 17) object_name=books/publication_year_2004.parquet local_path=/opt/airflow/data/parquet/books/publication_year_2004.parquet","logger":"main","filename":"main.py","lineno":187}
{"timestamp":"2026-03-30T11:58:09.164121Z","level":"info","event":"upload_by_year success year=2004.0 object_name=books/publication_year_2004.parquet","logger":"main","filename":"main.py","lineno":201}
{"timestamp":"2026-03-30T11:58:09.168203Z","level":"info","event":"upload_by_year start year=2005.0 group_shape=(55, 17) object_name=books/publication_year_2005.parquet local_path=/opt/airflow/data/parquet/books/publication_year_2005.parquet","logger":"main","filename":"main.py","lineno":187}
{"timestamp":"2026-03-30T11:58:09.515375Z","level":"info","event":"upload_by_year success year=2005.0 object_name=books/publication_year_2005.parquet","logger":"main","filename":"main.py","lineno":201}
{"timestamp":"2026-03-30T11:58:09.516541Z","level":"info","event":"upload_by_year start year=2006.0 group_shape=(9, 17) object_name=books/publication_year_2006.parquet local_path=/opt/airflow/data/parquet/books/publication_year_2006.parquet","logger":"main","filename":"main.py","lineno":187}
{"timestamp":"2026-03-30T11:58:09.777299Z","level":"info","event":"upload_by_year success year=2006.0 object_name=books/publication_year_2006.parquet","logger":"main","filename":"main.py","lineno":201}
{"timestamp":"2026-03-30T11:58:09.778404Z","level":"info","event":"upload_by_year start year=2007.0 group_shape=(3, 17) object_name=books/publication_year_2007.parquet local_path=/opt/airflow/data/parquet/books/publication_year_2007.parquet","logger":"main","filename":"main.py","lineno":187}
{"timestamp":"2026-03-30T11:58:09.999275Z","level":"info","event":"upload_by_year success year=2007.0 object_name=books/publication_year_2007.parquet","logger":"main","filename":"main.py","lineno":201}
{"timestamp":"2026-03-30T11:58:10.000174Z","level":"info","event":"upload_by_year start year=2008.0 group_shape=(10, 17) object_name=books/publication_year_2008.parquet local_path=/opt/airflow/data/parquet/books/publication_year_2008.parquet","logger":"main","filename":"main.py","lineno":187}
{"timestamp":"2026-03-30T11:58:10.269934Z","level":"info","event":"upload_by_year success year=2008.0 object_name=books/publication_year_2008.parquet","logger":"main","filename":"main.py","lineno":201}
{"timestamp":"2026-03-30T11:58:10.270869Z","level":"info","event":"upload_by_year start year=2009.0 group_shape=(4, 17) object_name=books/publication_year_2009.parquet local_path=/opt/airflow/data/parquet/books/publication_year_2009.parquet","logger":"main","filename":"main.py","lineno":187}
{"timestamp":"2026-03-30T11:58:10.697337Z","level":"info","event":"upload_by_year success year=2009.0 object_name=books/publication_year_2009.parquet","logger":"main","filename":"main.py","lineno":201}
{"timestamp":"2026-03-30T11:58:10.698427Z","level":"info","event":"upload_by_year start year=2010.0 group_shape=(6, 17) object_name=books/publication_year_2010.parquet local_path=/opt/airflow/data/parquet/books/publication_year_2010.parquet","logger":"main","filename":"main.py","lineno":187}
{"timestamp":"2026-03-30T11:58:10.934728Z","level":"info","event":"upload_by_year success year=2010.0 object_name=books/publication_year_2010.parquet","logger":"main","filename":"main.py","lineno":201}
{"timestamp":"2026-03-30T11:58:10.935592Z","level":"info","event":"upload_by_year start year=2011.0 group_shape=(4, 17) object_name=books/publication_year_2011.parquet local_path=/opt/airflow/data/parquet/books/publication_year_2011.parquet","logger":"main","filename":"main.py","lineno":187}
{"timestamp":"2026-03-30T11:58:11.321272Z","level":"info","event":"upload_by_year success year=2011.0 object_name=books/publication_year_2011.parquet","logger":"main","filename":"main.py","lineno":201}
{"timestamp":"2026-03-30T11:58:11.322211Z","level":"info","event":"upload_by_year start year=2012.0 group_shape=(5, 17) object_name=books/publication_year_2012.parquet local_path=/opt/airflow/data/parquet/books/publication_year_2012.parquet","logger":"main","filename":"main.py","lineno":187}
{"timestamp":"2026-03-30T11:58:11.561362Z","level":"info","event":"upload_by_year success year=2012.0 object_name=books/publication_year_2012.parquet","logger":"main","filename":"main.py","lineno":201}
{"timestamp":"2026-03-30T11:58:11.562396Z","level":"info","event":"upload_by_year start year=2013.0 group_shape=(6, 17) object_name=books/publication_year_2013.parquet local_path=/opt/airflow/data/parquet/books/publication_year_2013.parquet","logger":"main","filename":"main.py","lineno":187}
{"timestamp":"2026-03-30T11:58:11.784276Z","level":"info","event":"upload_by_year success year=2013.0 object_name=books/publication_year_2013.parquet","logger":"main","filename":"main.py","lineno":201}
{"timestamp":"2026-03-30T11:58:11.785181Z","level":"info","event":"upload_by_year start year=2014.0 group_shape=(4, 17) object_name=books/publication_year_2014.parquet local_path=/opt/airflow/data/parquet/books/publication_year_2014.parquet","logger":"main","filename":"main.py","lineno":187}
{"timestamp":"2026-03-30T11:58:11.987143Z","level":"info","event":"upload_by_year success year=2014.0 object_name=books/publication_year_2014.parquet","logger":"main","filename":"main.py","lineno":201}
{"timestamp":"2026-03-30T11:58:11.988058Z","level":"info","event":"upload_by_year start year=2015.0 group_shape=(3, 17) object_name=books/publication_year_2015.parquet local_path=/opt/airflow/data/parquet/books/publication_year_2015.parquet","logger":"main","filename":"main.py","lineno":187}
{"timestamp":"2026-03-30T11:58:12.187990Z","level":"info","event":"upload_by_year success year=2015.0 object_name=books/publication_year_2015.parquet","logger":"main","filename":"main.py","lineno":201}
{"timestamp":"2026-03-30T11:58:12.188809Z","level":"info","event":"upload_by_year start year=2016.0 group_shape=(1, 17) object_name=books/publication_year_2016.parquet local_path=/opt/airflow/data/parquet/books/publication_year_2016.parquet","logger":"main","filename":"main.py","lineno":187}
{"timestamp":"2026-03-30T11:58:12.411929Z","level":"info","event":"upload_by_year success year=2016.0 object_name=books/publication_year_2016.parquet","logger":"main","filename":"main.py","lineno":201}
{"timestamp":"2026-03-30T11:58:12.413302Z","level":"info","event":"upload_by_year start year=2017.0 group_shape=(1, 17) object_name=books/publication_year_2017.parquet local_path=/opt/airflow/data/parquet/books/publication_year_2017.parquet","logger":"main","filename":"main.py","lineno":187}
{"timestamp":"2026-03-30T11:58:12.643766Z","level":"info","event":"upload_by_year success year=2017.0 object_name=books/publication_year_2017.parquet","logger":"main","filename":"main.py","lineno":201}
{"timestamp":"2026-03-30T11:58:12.644786Z","level":"info","event":"upload_by_year start year=2018.0 group_shape=(7, 17) object_name=books/publication_year_2018.parquet local_path=/opt/airflow/data/parquet/books/publication_year_2018.parquet","logger":"main","filename":"main.py","lineno":187}
{"timestamp":"2026-03-30T11:58:12.890849Z","level":"info","event":"upload_by_year success year=2018.0 object_name=books/publication_year_2018.parquet","logger":"main","filename":"main.py","lineno":201}
{"timestamp":"2026-03-30T11:58:12.891661Z","level":"info","event":"upload_by_year start year=2019.0 group_shape=(3, 17) object_name=books/publication_year_2019.parquet local_path=/opt/airflow/data/parquet/books/publication_year_2019.parquet","logger":"main","filename":"main.py","lineno":187}
{"timestamp":"2026-03-30T11:58:13.132815Z","level":"info","event":"upload_by_year success year=2019.0 object_name=books/publication_year_2019.parquet","logger":"main","filename":"main.py","lineno":201}
{"timestamp":"2026-03-30T11:58:13.134033Z","level":"info","event":"upload_by_year start year=2020.0 group_shape=(7, 17) object_name=books/publication_year_2020.parquet local_path=/opt/airflow/data/parquet/books/publication_year_2020.parquet","logger":"main","filename":"main.py","lineno":187}
{"timestamp":"2026-03-30T11:58:13.330528Z","level":"info","event":"upload_by_year success year=2020.0 object_name=books/publication_year_2020.parquet","logger":"main","filename":"main.py","lineno":201}
{"timestamp":"2026-03-30T11:58:13.331482Z","level":"info","event":"upload_by_year start year=2021.0 group_shape=(4, 17) object_name=books/publication_year_2021.parquet local_path=/opt/airflow/data/parquet/books/publication_year_2021.parquet","logger":"main","filename":"main.py","lineno":187}
{"timestamp":"2026-03-30T11:58:13.847598Z","level":"info","event":"upload_by_year success year=2021.0 object_name=books/publication_year_2021.parquet","logger":"main","filename":"main.py","lineno":201}
{"timestamp":"2026-03-30T11:58:13.848563Z","level":"info","event":"upload_by_year start year=2022.0 group_shape=(5, 17) object_name=books/publication_year_2022.parquet local_path=/opt/airflow/data/parquet/books/publication_year_2022.parquet","logger":"main","filename":"main.py","lineno":187}
{"timestamp":"2026-03-30T11:58:14.779349Z","level":"info","event":"upload_by_year success year=2022.0 object_name=books/publication_year_2022.parquet","logger":"main","filename":"main.py","lineno":201}
{"timestamp":"2026-03-30T11:58:14.780305Z","level":"info","event":"upload_by_year start year=2023.0 group_shape=(7, 17) object_name=books/publication_year_2023.parquet local_path=/opt/airflow/data/parquet/books/publication_year_2023.parquet","logger":"main","filename":"main.py","lineno":187}
{"timestamp":"2026-03-30T11:58:15.469129Z","level":"info","event":"upload_by_year success year=2023.0 object_name=books/publication_year_2023.parquet","logger":"main","filename":"main.py","lineno":201}
{"timestamp":"2026-03-30T11:58:15.470159Z","level":"info","event":"upload_by_year start year=2024.0 group_shape=(3, 17) object_name=books/publication_year_2024.parquet local_path=/opt/airflow/data/parquet/books/publication_year_2024.parquet","logger":"main","filename":"main.py","lineno":187}
{"timestamp":"2026-03-30T11:58:16.345713Z","level":"info","event":"upload_by_year success year=2024.0 object_name=books/publication_year_2024.parquet","logger":"main","filename":"main.py","lineno":201}
{"timestamp":"2026-03-30T11:58:16.346832Z","level":"info","event":"upload_by_year start year=2025.0 group_shape=(5, 17) object_name=books/publication_year_2025.parquet local_path=/opt/airflow/data/parquet/books/publication_year_2025.parquet","logger":"main","filename":"main.py","lineno":187}
{"timestamp":"2026-03-30T11:58:16.834350Z","level":"info","event":"upload_by_year success year=2025.0 object_name=books/publication_year_2025.parquet","logger":"main","filename":"main.py","lineno":201}
{"timestamp":"2026-03-30T11:58:16.835270Z","level":"info","event":"upload_by_year start year=2026.0 group_shape=(1, 17) object_name=books/publication_year_2026.parquet local_path=/opt/airflow/data/parquet/books/publication_year_2026.parquet","logger":"main","filename":"main.py","lineno":187}
{"timestamp":"2026-03-30T11:58:17.107779Z","level":"info","event":"upload_by_year success year=2026.0 object_name=books/publication_year_2026.parquet","logger":"main","filename":"main.py","lineno":201}
{"timestamp":"2026-03-30T11:58:17.108559Z","level":"info","event":"upload_by_year start year=2030.0 group_shape=(7, 17) object_name=books/publication_year_2030.parquet local_path=/opt/airflow/data/parquet/books/publication_year_2030.parquet","logger":"main","filename":"main.py","lineno":187}
{"timestamp":"2026-03-30T11:58:17.572344Z","level":"info","event":"upload_by_year success year=2030.0 object_name=books/publication_year_2030.parquet","logger":"main","filename":"main.py","lineno":201}
{"timestamp":"2026-03-30T11:58:17.575672Z","level":"info","event":"upload_by_year start year=2037.0 group_shape=(1, 17) object_name=books/publication_year_2037.parquet local_path=/opt/airflow/data/parquet/books/publication_year_2037.parquet","logger":"main","filename":"main.py","lineno":187}
{"timestamp":"2026-03-30T11:58:17.886002Z","level":"info","event":"upload_by_year success year=2037.0 object_name=books/publication_year_2037.parquet","logger":"main","filename":"main.py","lineno":201}
{"timestamp":"2026-03-30T11:58:17.887042Z","level":"info","event":"upload_by_year start year=2038.0 group_shape=(1, 17) object_name=books/publication_year_2038.parquet local_path=/opt/airflow/data/parquet/books/publication_year_2038.parquet","logger":"main","filename":"main.py","lineno":187}
{"timestamp":"2026-03-30T11:58:18.154303Z","level":"info","event":"upload_by_year success year=2038.0 object_name=books/publication_year_2038.parquet","logger":"main","filename":"main.py","lineno":201}
{"timestamp":"2026-03-30T11:58:18.165587Z","level":"info","event":"upload_by_year start year=2050.0 group_shape=(2, 17) object_name=books/publication_year_2050.parquet local_path=/opt/airflow/data/parquet/books/publication_year_2050.parquet","logger":"main","filename":"main.py","lineno":187}
{"timestamp":"2026-03-30T11:58:18.419480Z","level":"info","event":"upload_by_year success year=2050.0 object_name=books/publication_year_2050.parquet","logger":"main","filename":"main.py","lineno":201}
{"timestamp":"2026-03-30T11:58:18.420185Z","level":"info","event":"STEP_END save_to_parquet_and_upload elapsed_seconds=130.759","logger":"main","filename":"logger.py","lineno":37}
{"timestamp":"2026-03-30T11:58:18.680371Z","level":"info","event":"DAG load done","logger":"unusual_prefix_5364f853e0291e2b81541d66d6ee04a6789a37d2_pipeline","filename":"pipeline.py","lineno":91}
{"timestamp":"2026-03-30T11:58:18.687028Z","level":"info","event":"Done. Returned value was: None","logger":"airflow.task.operators.airflow.providers.standard.decorators.python._PythonDecoratedOperator","filename":"python.py","lineno":230}
