{"timestamp":"2026-03-30T12:01:33.612906Z","level":"info","event":"Stats instance was created in PID 7 but accessed in PID 513. Re-initializing.","logger":"airflow.stats","filename":"stats.py","lineno":57}
{"timestamp":"2026-03-30T12:01:33.649661Z","level":"info","event":"DAG bundles loaded: dags-folder","logger":"airflow.dag_processing.bundles.manager.DagBundlesManager","filename":"manager.py","lineno":179}
{"timestamp":"2026-03-30T12:01:33.655089Z","level":"info","event":"Filling up the DagBag from /opt/airflow/dags/pipeline.py","logger":"airflow.models.dagbag.BundleDagBag","filename":"dagbag.py","lineno":593}
{"timestamp":"2026-03-30T12:01:34.827472Z","level":"warning","event":"The `airflow.decorators.task` attribute is deprecated. Please use `'airflow.sdk.task'`.","category":"DeprecatedImportWarning","filename":"/opt/airflow/dags/pipeline.py","lineno":9,"logger":"py.warnings"}
{"timestamp":"2026-03-30T12:01:34.829058Z","level":"warning","event":"The `airflow.decorators.dag` attribute is deprecated. Please use `'airflow.sdk.dag'`.","category":"DeprecatedImportWarning","filename":"/opt/airflow/dags/pipeline.py","lineno":9,"logger":"py.warnings"}
{"timestamp":"2026-03-30T12:01:34.964723Z","level":"info","event":"DAG load start all_books_path=/opt/airflow/data/processed/all_books.parquet","logger":"unusual_prefix_5364f853e0291e2b81541d66d6ee04a6789a37d2_pipeline","filename":"pipeline.py","lineno":89}
{"timestamp":"2026-03-30T12:01:34.965353Z","level":"info","event":"STEP_START save_to_parquet_and_upload meta={'all_books_path': '/opt/airflow/data/processed/all_books.parquet'}","logger":"main","filename":"logger.py","lineno":28}
{"timestamp":"2026-03-30T12:01:34.966581Z","level":"info","event":"STEP_START minio.ensure_bucket meta={'bucket_name': 'books'}","logger":"main","filename":"logger.py","lineno":28}
{"timestamp":"2026-03-30T12:01:35.011976Z","level":"info","event":"STEP_END minio.ensure_bucket elapsed_seconds=0.045","logger":"main","filename":"logger.py","lineno":37}
{"timestamp":"2026-03-30T12:01:36.065613Z","level":"info","event":"save_to_parquet_and_upload loaded_parquet shape=(272203, 17)","logger":"main","filename":"main.py","lineno":177}
{"timestamp":"2026-03-30T12:01:36.169962Z","level":"info","event":"upload_by_year start year=0.0 group_shape=(4618, 17) object_name=books/publication_year_0.parquet local_path=/opt/airflow/data/parquet/books/publication_year_0.parquet","logger":"main","filename":"main.py","lineno":187}
{"timestamp":"2026-03-30T12:01:36.332932Z","level":"info","event":"upload_by_year success year=0.0 object_name=books/publication_year_0.parquet","logger":"main","filename":"main.py","lineno":201}
{"timestamp":"2026-03-30T12:01:36.333323Z","level":"info","event":"upload_by_year start year=1376.0 group_shape=(1, 17) object_name=books/publication_year_1376.parquet local_path=/opt/airflow/data/parquet/books/publication_year_1376.parquet","logger":"main","filename":"main.py","lineno":187}
{"timestamp":"2026-03-30T12:01:36.406445Z","level":"info","event":"upload_by_year success year=1376.0 object_name=books/publication_year_1376.parquet","logger":"main","filename":"main.py","lineno":201}
{"timestamp":"2026-03-30T12:01:36.406820Z","level":"info","event":"upload_by_year start year=1378.0 group_shape=(1, 17) object_name=books/publication_year_1378.parquet local_path=/opt/airflow/data/parquet/books/publication_year_1378.parquet","logger":"main","filename":"main.py","lineno":187}
{"timestamp":"2026-03-30T12:01:36.494409Z","level":"info","event":"upload_by_year success year=1378.0 object_name=books/publication_year_1378.parquet","logger":"main","filename":"main.py","lineno":201}
{"timestamp":"2026-03-30T12:01:36.494847Z","level":"info","event":"upload_by_year start year=1806.0 group_shape=(1, 17) object_name=books/publication_year_1806.parquet local_path=/opt/airflow/data/parquet/books/publication_year_1806.parquet","logger":"main","filename":"main.py","lineno":187}
{"timestamp":"2026-03-30T12:01:36.592376Z","level":"info","event":"upload_by_year success year=1806.0 object_name=books/publication_year_1806.parquet","logger":"main","filename":"main.py","lineno":201}
{"timestamp":"2026-03-30T12:01:36.592752Z","level":"info","event":"upload_by_year start year=1850.0 group_shape=(4, 17) object_name=books/publication_year_1850.parquet local_path=/opt/airflow/data/parquet/books/publication_year_1850.parquet","logger":"main","filename":"main.py","lineno":187}
{"timestamp":"2026-03-30T12:01:36.702147Z","level":"info","event":"upload_by_year success year=1850.0 object_name=books/publication_year_1850.parquet","logger":"main","filename":"main.py","lineno":201}
{"timestamp":"2026-03-30T12:01:36.702819Z","level":"info","event":"upload_by_year start year=1851.0 group_shape=(6, 17) object_name=books/publication_year_1851.parquet local_path=/opt/airflow/data/parquet/books/publication_year_1851.parquet","logger":"main","filename":"main.py","lineno":187}
{"timestamp":"2026-03-30T12:01:36.881010Z","level":"info","event":"upload_by_year success year=1851.0 object_name=books/publication_year_1851.parquet","logger":"main","filename":"main.py","lineno":201}
{"timestamp":"2026-03-30T12:01:36.881691Z","level":"info","event":"upload_by_year start year=1852.0 group_shape=(9, 17) object_name=books/publication_year_1852.parquet local_path=/opt/airflow/data/parquet/books/publication_year_1852.parquet","logger":"main","filename":"main.py","lineno":187}
{"timestamp":"2026-03-30T12:01:37.080869Z","level":"info","event":"upload_by_year success year=1852.0 object_name=books/publication_year_1852.parquet","logger":"main","filename":"main.py","lineno":201}
{"timestamp":"2026-03-30T12:01:37.081602Z","level":"info","event":"upload_by_year start year=1853.0 group_shape=(1, 17) object_name=books/publication_year_1853.parquet local_path=/opt/airflow/data/parquet/books/publication_year_1853.parquet","logger":"main","filename":"main.py","lineno":187}
{"timestamp":"2026-03-30T12:01:37.223187Z","level":"info","event":"upload_by_year success year=1853.0 object_name=books/publication_year_1853.parquet","logger":"main","filename":"main.py","lineno":201}
{"timestamp":"2026-03-30T12:01:37.224017Z","level":"info","event":"upload_by_year start year=1854.0 group_shape=(2, 17) object_name=books/publication_year_1854.parquet local_path=/opt/airflow/data/parquet/books/publication_year_1854.parquet","logger":"main","filename":"main.py","lineno":187}
{"timestamp":"2026-03-30T12:01:37.450821Z","level":"info","event":"upload_by_year success year=1854.0 object_name=books/publication_year_1854.parquet","logger":"main","filename":"main.py","lineno":201}
{"timestamp":"2026-03-30T12:01:37.451848Z","level":"info","event":"upload_by_year start year=1855.0 group_shape=(5, 17) object_name=books/publication_year_1855.parquet local_path=/opt/airflow/data/parquet/books/publication_year_1855.parquet","logger":"main","filename":"main.py","lineno":187}
{"timestamp":"2026-03-30T12:01:37.660808Z","level":"info","event":"upload_by_year success year=1855.0 object_name=books/publication_year_1855.parquet","logger":"main","filename":"main.py","lineno":201}
{"timestamp":"2026-03-30T12:01:37.661426Z","level":"info","event":"upload_by_year start year=1856.0 group_shape=(7, 17) object_name=books/publication_year_1856.parquet local_path=/opt/airflow/data/parquet/books/publication_year_1856.parquet","logger":"main","filename":"main.py","lineno":187}
{"timestamp":"2026-03-30T12:01:37.850425Z","level":"info","event":"upload_by_year success year=1856.0 object_name=books/publication_year_1856.parquet","logger":"main","filename":"main.py","lineno":201}
{"timestamp":"2026-03-30T12:01:37.851177Z","level":"info","event":"upload_by_year start year=1857.0 group_shape=(4, 17) object_name=books/publication_year_1857.parquet local_path=/opt/airflow/data/parquet/books/publication_year_1857.parquet","logger":"main","filename":"main.py","lineno":187}
{"timestamp":"2026-03-30T12:01:38.092904Z","level":"info","event":"upload_by_year success year=1857.0 object_name=books/publication_year_1857.parquet","logger":"main","filename":"main.py","lineno":201}
{"timestamp":"2026-03-30T12:01:38.093576Z","level":"info","event":"upload_by_year start year=1858.0 group_shape=(6, 17) object_name=books/publication_year_1858.parquet local_path=/opt/airflow/data/parquet/books/publication_year_1858.parquet","logger":"main","filename":"main.py","lineno":187}
{"timestamp":"2026-03-30T12:01:38.249429Z","level":"info","event":"upload_by_year success year=1858.0 object_name=books/publication_year_1858.parquet","logger":"main","filename":"main.py","lineno":201}
{"timestamp":"2026-03-30T12:01:38.250230Z","level":"info","event":"upload_by_year start year=1859.0 group_shape=(3, 17) object_name=books/publication_year_1859.parquet local_path=/opt/airflow/data/parquet/books/publication_year_1859.parquet","logger":"main","filename":"main.py","lineno":187}
{"timestamp":"2026-03-30T12:01:38.440044Z","level":"info","event":"upload_by_year success year=1859.0 object_name=books/publication_year_1859.parquet","logger":"main","filename":"main.py","lineno":201}
{"timestamp":"2026-03-30T12:01:38.440865Z","level":"info","event":"upload_by_year start year=1860.0 group_shape=(4, 17) object_name=books/publication_year_1860.parquet local_path=/opt/airflow/data/parquet/books/publication_year_1860.parquet","logger":"main","filename":"main.py","lineno":187}
{"timestamp":"2026-03-30T12:01:38.616927Z","level":"info","event":"upload_by_year success year=1860.0 object_name=books/publication_year_1860.parquet","logger":"main","filename":"main.py","lineno":201}
{"timestamp":"2026-03-30T12:01:38.617723Z","level":"info","event":"upload_by_year start year=1861.0 group_shape=(5, 17) object_name=books/publication_year_1861.parquet local_path=/opt/airflow/data/parquet/books/publication_year_1861.parquet","logger":"main","filename":"main.py","lineno":187}
{"timestamp":"2026-03-30T12:01:38.770736Z","level":"info","event":"upload_by_year success year=1861.0 object_name=books/publication_year_1861.parquet","logger":"main","filename":"main.py","lineno":201}
{"timestamp":"2026-03-30T12:01:38.771623Z","level":"info","event":"upload_by_year start year=1862.0 group_shape=(5, 17) object_name=books/publication_year_1862.parquet local_path=/opt/airflow/data/parquet/books/publication_year_1862.parquet","logger":"main","filename":"main.py","lineno":187}
{"timestamp":"2026-03-30T12:01:38.960459Z","level":"info","event":"upload_by_year success year=1862.0 object_name=books/publication_year_1862.parquet","logger":"main","filename":"main.py","lineno":201}
{"timestamp":"2026-03-30T12:01:38.961072Z","level":"info","event":"upload_by_year start year=1863.0 group_shape=(3, 17) object_name=books/publication_year_1863.parquet local_path=/opt/airflow/data/parquet/books/publication_year_1863.parquet","logger":"main","filename":"main.py","lineno":187}
{"timestamp":"2026-03-30T12:01:39.132974Z","level":"info","event":"upload_by_year success year=1863.0 object_name=books/publication_year_1863.parquet","logger":"main","filename":"main.py","lineno":201}
{"timestamp":"2026-03-30T12:01:39.133570Z","level":"info","event":"upload_by_year start year=1864.0 group_shape=(3, 17) object_name=books/publication_year_1864.parquet local_path=/opt/airflow/data/parquet/books/publication_year_1864.parquet","logger":"main","filename":"main.py","lineno":187}
{"timestamp":"2026-03-30T12:01:39.304930Z","level":"info","event":"upload_by_year success year=1864.0 object_name=books/publication_year_1864.parquet","logger":"main","filename":"main.py","lineno":201}
{"timestamp":"2026-03-30T12:01:39.305770Z","level":"info","event":"upload_by_year start year=1865.0 group_shape=(2, 17) object_name=books/publication_year_1865.parquet local_path=/opt/airflow/data/parquet/books/publication_year_1865.parquet","logger":"main","filename":"main.py","lineno":187}
{"timestamp":"2026-03-30T12:01:39.477132Z","level":"info","event":"upload_by_year success year=1865.0 object_name=books/publication_year_1865.parquet","logger":"main","filename":"main.py","lineno":201}
{"timestamp":"2026-03-30T12:01:39.477847Z","level":"info","event":"upload_by_year start year=1866.0 group_shape=(6, 17) object_name=books/publication_year_1866.parquet local_path=/opt/airflow/data/parquet/books/publication_year_1866.parquet","logger":"main","filename":"main.py","lineno":187}
{"timestamp":"2026-03-30T12:01:39.635362Z","level":"info","event":"upload_by_year success year=1866.0 object_name=books/publication_year_1866.parquet","logger":"main","filename":"main.py","lineno":201}
{"timestamp":"2026-03-30T12:01:39.636035Z","level":"info","event":"upload_by_year start year=1867.0 group_shape=(4, 17) object_name=books/publication_year_1867.parquet local_path=/opt/airflow/data/parquet/books/publication_year_1867.parquet","logger":"main","filename":"main.py","lineno":187}
{"timestamp":"2026-03-30T12:01:39.804200Z","level":"info","event":"upload_by_year success year=1867.0 object_name=books/publication_year_1867.parquet","logger":"main","filename":"main.py","lineno":201}
{"timestamp":"2026-03-30T12:01:39.804782Z","level":"info","event":"upload_by_year start year=1868.0 group_shape=(8, 17) object_name=books/publication_year_1868.parquet local_path=/opt/airflow/data/parquet/books/publication_year_1868.parquet","logger":"main","filename":"main.py","lineno":187}
{"timestamp":"2026-03-30T12:01:39.974233Z","level":"info","event":"upload_by_year success year=1868.0 object_name=books/publication_year_1868.parquet","logger":"main","filename":"main.py","lineno":201}
{"timestamp":"2026-03-30T12:01:39.974896Z","level":"info","event":"upload_by_year start year=1869.0 group_shape=(4, 17) object_name=books/publication_year_1869.parquet local_path=/opt/airflow/data/parquet/books/publication_year_1869.parquet","logger":"main","filename":"main.py","lineno":187}
{"timestamp":"2026-03-30T12:01:40.141201Z","level":"info","event":"upload_by_year success year=1869.0 object_name=books/publication_year_1869.parquet","logger":"main","filename":"main.py","lineno":201}
{"timestamp":"2026-03-30T12:01:40.141746Z","level":"info","event":"upload_by_year start year=1870.0 group_shape=(6, 17) object_name=books/publication_year_1870.parquet local_path=/opt/airflow/data/parquet/books/publication_year_1870.parquet","logger":"main","filename":"main.py","lineno":187}
{"timestamp":"2026-03-30T12:01:40.314838Z","level":"info","event":"upload_by_year success year=1870.0 object_name=books/publication_year_1870.parquet","logger":"main","filename":"main.py","lineno":201}
{"timestamp":"2026-03-30T12:01:40.315421Z","level":"info","event":"upload_by_year start year=1871.0 group_shape=(6, 17) object_name=books/publication_year_1871.parquet local_path=/opt/airflow/data/parquet/books/publication_year_1871.parquet","logger":"main","filename":"main.py","lineno":187}
{"timestamp":"2026-03-30T12:01:40.516600Z","level":"info","event":"upload_by_year success year=1871.0 object_name=books/publication_year_1871.parquet","logger":"main","filename":"main.py","lineno":201}
{"timestamp":"2026-03-30T12:01:40.517480Z","level":"info","event":"upload_by_year start year=1872.0 group_shape=(2, 17) object_name=books/publication_year_1872.parquet local_path=/opt/airflow/data/parquet/books/publication_year_1872.parquet","logger":"main","filename":"main.py","lineno":187}
{"timestamp":"2026-03-30T12:01:40.729258Z","level":"info","event":"upload_by_year success year=1872.0 object_name=books/publication_year_1872.parquet","logger":"main","filename":"main.py","lineno":201}
{"timestamp":"2026-03-30T12:01:40.729886Z","level":"info","event":"upload_by_year start year=1873.0 group_shape=(5, 17) object_name=books/publication_year_1873.parquet local_path=/opt/airflow/data/parquet/books/publication_year_1873.parquet","logger":"main","filename":"main.py","lineno":187}
{"timestamp":"2026-03-30T12:01:40.892590Z","level":"info","event":"upload_by_year success year=1873.0 object_name=books/publication_year_1873.parquet","logger":"main","filename":"main.py","lineno":201}
{"timestamp":"2026-03-30T12:01:40.893326Z","level":"info","event":"upload_by_year start year=1874.0 group_shape=(5, 17) object_name=books/publication_year_1874.parquet local_path=/opt/airflow/data/parquet/books/publication_year_1874.parquet","logger":"main","filename":"main.py","lineno":187}
{"timestamp":"2026-03-30T12:01:41.308970Z","level":"info","event":"upload_by_year success year=1874.0 object_name=books/publication_year_1874.parquet","logger":"main","filename":"main.py","lineno":201}
{"timestamp":"2026-03-30T12:01:41.310023Z","level":"info","event":"upload_by_year start year=1875.0 group_shape=(6, 17) object_name=books/publication_year_1875.parquet local_path=/opt/airflow/data/parquet/books/publication_year_1875.parquet","logger":"main","filename":"main.py","lineno":187}
{"timestamp":"2026-03-30T12:01:41.774598Z","level":"info","event":"upload_by_year success year=1875.0 object_name=books/publication_year_1875.parquet","logger":"main","filename":"main.py","lineno":201}
{"timestamp":"2026-03-30T12:01:41.783101Z","level":"info","event":"upload_by_year start year=1876.0 group_shape=(5, 17) object_name=books/publication_year_1876.parquet local_path=/opt/airflow/data/parquet/books/publication_year_1876.parquet","logger":"main","filename":"main.py","lineno":187}
{"timestamp":"2026-03-30T12:01:42.457790Z","level":"info","event":"upload_by_year success year=1876.0 object_name=books/publication_year_1876.parquet","logger":"main","filename":"main.py","lineno":201}
{"timestamp":"2026-03-30T12:01:42.458775Z","level":"info","event":"upload_by_year start year=1877.0 group_shape=(7, 17) object_name=books/publication_year_1877.parquet local_path=/opt/airflow/data/parquet/books/publication_year_1877.parquet","logger":"main","filename":"main.py","lineno":187}
{"timestamp":"2026-03-30T12:01:40.900924Z","level":"info","event":"upload_by_year success year=1877.0 object_name=books/publication_year_1877.parquet","logger":"main","filename":"main.py","lineno":201}
{"timestamp":"2026-03-30T12:01:40.901907Z","level":"info","event":"upload_by_year start year=1878.0 group_shape=(3, 17) object_name=books/publication_year_1878.parquet local_path=/opt/airflow/data/parquet/books/publication_year_1878.parquet","logger":"main","filename":"main.py","lineno":187}
{"timestamp":"2026-03-30T12:01:41.143193Z","level":"info","event":"upload_by_year success year=1878.0 object_name=books/publication_year_1878.parquet","logger":"main","filename":"main.py","lineno":201}
{"timestamp":"2026-03-30T12:01:41.143917Z","level":"info","event":"upload_by_year start year=1879.0 group_shape=(2, 17) object_name=books/publication_year_1879.parquet local_path=/opt/airflow/data/parquet/books/publication_year_1879.parquet","logger":"main","filename":"main.py","lineno":187}
{"timestamp":"2026-03-30T12:01:41.314452Z","level":"info","event":"upload_by_year success year=1879.0 object_name=books/publication_year_1879.parquet","logger":"main","filename":"main.py","lineno":201}
{"timestamp":"2026-03-30T12:01:41.315397Z","level":"info","event":"upload_by_year start year=1880.0 group_shape=(5, 17) object_name=books/publication_year_1880.parquet local_path=/opt/airflow/data/parquet/books/publication_year_1880.parquet","logger":"main","filename":"main.py","lineno":187}
{"timestamp":"2026-03-30T12:01:41.485704Z","level":"info","event":"upload_by_year success year=1880.0 object_name=books/publication_year_1880.parquet","logger":"main","filename":"main.py","lineno":201}
{"timestamp":"2026-03-30T12:01:41.486518Z","level":"info","event":"upload_by_year start year=1881.0 group_shape=(7, 17) object_name=books/publication_year_1881.parquet local_path=/opt/airflow/data/parquet/books/publication_year_1881.parquet","logger":"main","filename":"main.py","lineno":187}
{"timestamp":"2026-03-30T12:01:41.659483Z","level":"info","event":"upload_by_year success year=1881.0 object_name=books/publication_year_1881.parquet","logger":"main","filename":"main.py","lineno":201}
{"timestamp":"2026-03-30T12:01:41.660181Z","level":"info","event":"upload_by_year start year=1882.0 group_shape=(7, 17) object_name=books/publication_year_1882.parquet local_path=/opt/airflow/data/parquet/books/publication_year_1882.parquet","logger":"main","filename":"main.py","lineno":187}
{"timestamp":"2026-03-30T12:01:41.855116Z","level":"info","event":"upload_by_year success year=1882.0 object_name=books/publication_year_1882.parquet","logger":"main","filename":"main.py","lineno":201}
{"timestamp":"2026-03-30T12:01:41.856061Z","level":"info","event":"upload_by_year start year=1883.0 group_shape=(4, 17) object_name=books/publication_year_1883.parquet local_path=/opt/airflow/data/parquet/books/publication_year_1883.parquet","logger":"main","filename":"main.py","lineno":187}
{"timestamp":"2026-03-30T12:01:42.024348Z","level":"info","event":"upload_by_year success year=1883.0 object_name=books/publication_year_1883.parquet","logger":"main","filename":"main.py","lineno":201}
{"timestamp":"2026-03-30T12:01:42.025018Z","level":"info","event":"upload_by_year start year=1884.0 group_shape=(4, 17) object_name=books/publication_year_1884.parquet local_path=/opt/airflow/data/parquet/books/publication_year_1884.parquet","logger":"main","filename":"main.py","lineno":187}
{"timestamp":"2026-03-30T12:01:42.241906Z","level":"info","event":"upload_by_year success year=1884.0 object_name=books/publication_year_1884.parquet","logger":"main","filename":"main.py","lineno":201}
{"timestamp":"2026-03-30T12:01:42.244151Z","level":"info","event":"upload_by_year start year=1885.0 group_shape=(5, 17) object_name=books/publication_year_1885.parquet local_path=/opt/airflow/data/parquet/books/publication_year_1885.parquet","logger":"main","filename":"main.py","lineno":187}
{"timestamp":"2026-03-30T12:01:42.436861Z","level":"info","event":"upload_by_year success year=1885.0 object_name=books/publication_year_1885.parquet","logger":"main","filename":"main.py","lineno":201}
{"timestamp":"2026-03-30T12:01:42.437661Z","level":"info","event":"upload_by_year start year=1886.0 group_shape=(6, 17) object_name=books/publication_year_1886.parquet local_path=/opt/airflow/data/parquet/books/publication_year_1886.parquet","logger":"main","filename":"main.py","lineno":187}
{"timestamp":"2026-03-30T12:01:42.593737Z","level":"info","event":"upload_by_year success year=1886.0 object_name=books/publication_year_1886.parquet","logger":"main","filename":"main.py","lineno":201}
{"timestamp":"2026-03-30T12:01:42.594373Z","level":"info","event":"upload_by_year start year=1887.0 group_shape=(5, 17) object_name=books/publication_year_1887.parquet local_path=/opt/airflow/data/parquet/books/publication_year_1887.parquet","logger":"main","filename":"main.py","lineno":187}
{"timestamp":"2026-03-30T12:01:42.766053Z","level":"info","event":"upload_by_year success year=1887.0 object_name=books/publication_year_1887.parquet","logger":"main","filename":"main.py","lineno":201}
{"timestamp":"2026-03-30T12:01:42.766956Z","level":"info","event":"upload_by_year start year=1888.0 group_shape=(5, 17) object_name=books/publication_year_1888.parquet local_path=/opt/airflow/data/parquet/books/publication_year_1888.parquet","logger":"main","filename":"main.py","lineno":187}
{"timestamp":"2026-03-30T12:01:42.985009Z","level":"info","event":"upload_by_year success year=1888.0 object_name=books/publication_year_1888.parquet","logger":"main","filename":"main.py","lineno":201}
{"timestamp":"2026-03-30T12:01:42.985486Z","level":"info","event":"upload_by_year start year=1889.0 group_shape=(6, 17) object_name=books/publication_year_1889.parquet local_path=/opt/airflow/data/parquet/books/publication_year_1889.parquet","logger":"main","filename":"main.py","lineno":187}
{"timestamp":"2026-03-30T12:01:43.171723Z","level":"info","event":"upload_by_year success year=1889.0 object_name=books/publication_year_1889.parquet","logger":"main","filename":"main.py","lineno":201}
{"timestamp":"2026-03-30T12:01:43.172474Z","level":"info","event":"upload_by_year start year=1890.0 group_shape=(3, 17) object_name=books/publication_year_1890.parquet local_path=/opt/airflow/data/parquet/books/publication_year_1890.parquet","logger":"main","filename":"main.py","lineno":187}
{"timestamp":"2026-03-30T12:01:43.398169Z","level":"info","event":"upload_by_year success year=1890.0 object_name=books/publication_year_1890.parquet","logger":"main","filename":"main.py","lineno":201}
{"timestamp":"2026-03-30T12:01:43.399083Z","level":"info","event":"upload_by_year start year=1891.0 group_shape=(5, 17) object_name=books/publication_year_1891.parquet local_path=/opt/airflow/data/parquet/books/publication_year_1891.parquet","logger":"main","filename":"main.py","lineno":187}
{"timestamp":"2026-03-30T12:01:43.610051Z","level":"info","event":"upload_by_year success year=1891.0 object_name=books/publication_year_1891.parquet","logger":"main","filename":"main.py","lineno":201}
{"timestamp":"2026-03-30T12:01:43.611562Z","level":"info","event":"upload_by_year start year=1892.0 group_shape=(9, 17) object_name=books/publication_year_1892.parquet local_path=/opt/airflow/data/parquet/books/publication_year_1892.parquet","logger":"main","filename":"main.py","lineno":187}
{"timestamp":"2026-03-30T12:01:43.808307Z","level":"info","event":"upload_by_year success year=1892.0 object_name=books/publication_year_1892.parquet","logger":"main","filename":"main.py","lineno":201}
{"timestamp":"2026-03-30T12:01:43.808822Z","level":"info","event":"upload_by_year start year=1893.0 group_shape=(4, 17) object_name=books/publication_year_1893.parquet local_path=/opt/airflow/data/parquet/books/publication_year_1893.parquet","logger":"main","filename":"main.py","lineno":187}
{"timestamp":"2026-03-30T12:01:43.978645Z","level":"info","event":"upload_by_year success year=1893.0 object_name=books/publication_year_1893.parquet","logger":"main","filename":"main.py","lineno":201}
{"timestamp":"2026-03-30T12:01:43.979542Z","level":"info","event":"upload_by_year start year=1894.0 group_shape=(7, 17) object_name=books/publication_year_1894.parquet local_path=/opt/airflow/data/parquet/books/publication_year_1894.parquet","logger":"main","filename":"main.py","lineno":187}
{"timestamp":"2026-03-30T12:01:44.139626Z","level":"info","event":"upload_by_year success year=1894.0 object_name=books/publication_year_1894.parquet","logger":"main","filename":"main.py","lineno":201}
{"timestamp":"2026-03-30T12:01:44.140395Z","level":"info","event":"upload_by_year start year=1895.0 group_shape=(3, 17) object_name=books/publication_year_1895.parquet local_path=/opt/airflow/data/parquet/books/publication_year_1895.parquet","logger":"main","filename":"main.py","lineno":187}
{"timestamp":"2026-03-30T12:01:44.267972Z","level":"info","event":"upload_by_year success year=1895.0 object_name=books/publication_year_1895.parquet","logger":"main","filename":"main.py","lineno":201}
{"timestamp":"2026-03-30T12:01:44.268601Z","level":"info","event":"upload_by_year start year=1896.0 group_shape=(9, 17) object_name=books/publication_year_1896.parquet local_path=/opt/airflow/data/parquet/books/publication_year_1896.parquet","logger":"main","filename":"main.py","lineno":187}
{"timestamp":"2026-03-30T12:01:44.384904Z","level":"info","event":"upload_by_year success year=1896.0 object_name=books/publication_year_1896.parquet","logger":"main","filename":"main.py","lineno":201}
{"timestamp":"2026-03-30T12:01:44.385810Z","level":"info","event":"upload_by_year start year=1897.0 group_shape=(6, 17) object_name=books/publication_year_1897.parquet local_path=/opt/airflow/data/parquet/books/publication_year_1897.parquet","logger":"main","filename":"main.py","lineno":187}
{"timestamp":"2026-03-30T12:01:44.578376Z","level":"info","event":"upload_by_year success year=1897.0 object_name=books/publication_year_1897.parquet","logger":"main","filename":"main.py","lineno":201}
{"timestamp":"2026-03-30T12:01:44.579541Z","level":"info","event":"upload_by_year start year=1899.0 group_shape=(6, 17) object_name=books/publication_year_1899.parquet local_path=/opt/airflow/data/parquet/books/publication_year_1899.parquet","logger":"main","filename":"main.py","lineno":187}
{"timestamp":"2026-03-30T12:01:44.753030Z","level":"info","event":"upload_by_year success year=1899.0 object_name=books/publication_year_1899.parquet","logger":"main","filename":"main.py","lineno":201}
{"timestamp":"2026-03-30T12:01:44.753759Z","level":"info","event":"upload_by_year start year=1900.0 group_shape=(4, 17) object_name=books/publication_year_1900.parquet local_path=/opt/airflow/data/parquet/books/publication_year_1900.parquet","logger":"main","filename":"main.py","lineno":187}
{"timestamp":"2026-03-30T12:01:44.914571Z","level":"info","event":"upload_by_year success year=1900.0 object_name=books/publication_year_1900.parquet","logger":"main","filename":"main.py","lineno":201}
{"timestamp":"2026-03-30T12:01:44.915232Z","level":"info","event":"upload_by_year start year=1901.0 group_shape=(11, 17) object_name=books/publication_year_1901.parquet local_path=/opt/airflow/data/parquet/books/publication_year_1901.parquet","logger":"main","filename":"main.py","lineno":187}
{"timestamp":"2026-03-30T12:01:45.054395Z","level":"info","event":"upload_by_year success year=1901.0 object_name=books/publication_year_1901.parquet","logger":"main","filename":"main.py","lineno":201}
{"timestamp":"2026-03-30T12:01:45.055076Z","level":"info","event":"upload_by_year start year=1902.0 group_shape=(4, 17) object_name=books/publication_year_1902.parquet local_path=/opt/airflow/data/parquet/books/publication_year_1902.parquet","logger":"main","filename":"main.py","lineno":187}
{"timestamp":"2026-03-30T12:01:45.241735Z","level":"info","event":"upload_by_year success year=1902.0 object_name=books/publication_year_1902.parquet","logger":"main","filename":"main.py","lineno":201}
{"timestamp":"2026-03-30T12:01:45.242364Z","level":"info","event":"upload_by_year start year=1903.0 group_shape=(7, 17) object_name=books/publication_year_1903.parquet local_path=/opt/airflow/data/parquet/books/publication_year_1903.parquet","logger":"main","filename":"main.py","lineno":187}
{"timestamp":"2026-03-30T12:01:45.446950Z","level":"info","event":"upload_by_year success year=1903.0 object_name=books/publication_year_1903.parquet","logger":"main","filename":"main.py","lineno":201}
{"timestamp":"2026-03-30T12:01:45.447670Z","level":"info","event":"upload_by_year start year=1904.0 group_shape=(6, 17) object_name=books/publication_year_1904.parquet local_path=/opt/airflow/data/parquet/books/publication_year_1904.parquet","logger":"main","filename":"main.py","lineno":187}
{"timestamp":"2026-03-30T12:01:45.618796Z","level":"info","event":"upload_by_year success year=1904.0 object_name=books/publication_year_1904.parquet","logger":"main","filename":"main.py","lineno":201}
{"timestamp":"2026-03-30T12:01:45.619709Z","level":"info","event":"upload_by_year start year=1905.0 group_shape=(4, 17) object_name=books/publication_year_1905.parquet local_path=/opt/airflow/data/parquet/books/publication_year_1905.parquet","logger":"main","filename":"main.py","lineno":187}
{"timestamp":"2026-03-30T12:01:45.920597Z","level":"info","event":"upload_by_year success year=1905.0 object_name=books/publication_year_1905.parquet","logger":"main","filename":"main.py","lineno":201}
{"timestamp":"2026-03-30T12:01:45.921570Z","level":"info","event":"upload_by_year start year=1906.0 group_shape=(4, 17) object_name=books/publication_year_1906.parquet local_path=/opt/airflow/data/parquet/books/publication_year_1906.parquet","logger":"main","filename":"main.py","lineno":187}
{"timestamp":"2026-03-30T12:01:46.137975Z","level":"info","event":"upload_by_year success year=1906.0 object_name=books/publication_year_1906.parquet","logger":"main","filename":"main.py","lineno":201}
{"timestamp":"2026-03-30T12:01:46.139714Z","level":"info","event":"upload_by_year start year=1907.0 group_shape=(6, 17) object_name=books/publication_year_1907.parquet local_path=/opt/airflow/data/parquet/books/publication_year_1907.parquet","logger":"main","filename":"main.py","lineno":187}
{"timestamp":"2026-03-30T12:01:46.347664Z","level":"info","event":"upload_by_year success year=1907.0 object_name=books/publication_year_1907.parquet","logger":"main","filename":"main.py","lineno":201}
{"timestamp":"2026-03-30T12:01:46.348551Z","level":"info","event":"upload_by_year start year=1908.0 group_shape=(6, 17) object_name=books/publication_year_1908.parquet local_path=/opt/airflow/data/parquet/books/publication_year_1908.parquet","logger":"main","filename":"main.py","lineno":187}
{"timestamp":"2026-03-30T12:01:46.566613Z","level":"info","event":"upload_by_year success year=1908.0 object_name=books/publication_year_1908.parquet","logger":"main","filename":"main.py","lineno":201}
{"timestamp":"2026-03-30T12:01:46.567544Z","level":"info","event":"upload_by_year start year=1909.0 group_shape=(7, 17) object_name=books/publication_year_1909.parquet local_path=/opt/airflow/data/parquet/books/publication_year_1909.parquet","logger":"main","filename":"main.py","lineno":187}
{"timestamp":"2026-03-30T12:01:46.788498Z","level":"info","event":"upload_by_year success year=1909.0 object_name=books/publication_year_1909.parquet","logger":"main","filename":"main.py","lineno":201}
{"timestamp":"2026-03-30T12:01:46.789056Z","level":"info","event":"upload_by_year start year=1910.0 group_shape=(7, 17) object_name=books/publication_year_1910.parquet local_path=/opt/airflow/data/parquet/books/publication_year_1910.parquet","logger":"main","filename":"main.py","lineno":187}
{"timestamp":"2026-03-30T12:01:46.976155Z","level":"info","event":"upload_by_year success year=1910.0 object_name=books/publication_year_1910.parquet","logger":"main","filename":"main.py","lineno":201}
{"timestamp":"2026-03-30T12:01:46.976876Z","level":"info","event":"upload_by_year start year=1911.0 group_shape=(23, 17) object_name=books/publication_year_1911.parquet local_path=/opt/airflow/data/parquet/books/publication_year_1911.parquet","logger":"main","filename":"main.py","lineno":187}
{"timestamp":"2026-03-30T12:01:47.135642Z","level":"info","event":"upload_by_year success year=1911.0 object_name=books/publication_year_1911.parquet","logger":"main","filename":"main.py","lineno":201}
{"timestamp":"2026-03-30T12:01:47.136126Z","level":"info","event":"upload_by_year start year=1912.0 group_shape=(6, 17) object_name=books/publication_year_1912.parquet local_path=/opt/airflow/data/parquet/books/publication_year_1912.parquet","logger":"main","filename":"main.py","lineno":187}
{"timestamp":"2026-03-30T12:01:47.313997Z","level":"info","event":"upload_by_year success year=1912.0 object_name=books/publication_year_1912.parquet","logger":"main","filename":"main.py","lineno":201}
{"timestamp":"2026-03-30T12:01:47.314646Z","level":"info","event":"upload_by_year start year=1913.0 group_shape=(1, 17) object_name=books/publication_year_1913.parquet local_path=/opt/airflow/data/parquet/books/publication_year_1913.parquet","logger":"main","filename":"main.py","lineno":187}
{"timestamp":"2026-03-30T12:01:47.462857Z","level":"info","event":"upload_by_year success year=1913.0 object_name=books/publication_year_1913.parquet","logger":"main","filename":"main.py","lineno":201}
{"timestamp":"2026-03-30T12:01:47.463532Z","level":"info","event":"upload_by_year start year=1914.0 group_shape=(8, 17) object_name=books/publication_year_1914.parquet local_path=/opt/airflow/data/parquet/books/publication_year_1914.parquet","logger":"main","filename":"main.py","lineno":187}
{"timestamp":"2026-03-30T12:01:47.865742Z","level":"info","event":"upload_by_year success year=1914.0 object_name=books/publication_year_1914.parquet","logger":"main","filename":"main.py","lineno":201}
{"timestamp":"2026-03-30T12:01:47.866230Z","level":"info","event":"upload_by_year start year=1915.0 group_shape=(2, 17) object_name=books/publication_year_1915.parquet local_path=/opt/airflow/data/parquet/books/publication_year_1915.parquet","logger":"main","filename":"main.py","lineno":187}
{"timestamp":"2026-03-30T12:01:48.168528Z","level":"info","event":"upload_by_year success year=1915.0 object_name=books/publication_year_1915.parquet","logger":"main","filename":"main.py","lineno":201}
{"timestamp":"2026-03-30T12:01:48.169309Z","level":"info","event":"upload_by_year start year=1916.0 group_shape=(2, 17) object_name=books/publication_year_1916.parquet local_path=/opt/airflow/data/parquet/books/publication_year_1916.parquet","logger":"main","filename":"main.py","lineno":187}
{"timestamp":"2026-03-30T12:01:48.429411Z","level":"info","event":"upload_by_year success year=1916.0 object_name=books/publication_year_1916.parquet","logger":"main","filename":"main.py","lineno":201}
{"timestamp":"2026-03-30T12:01:48.429882Z","level":"info","event":"upload_by_year start year=1917.0 group_shape=(7, 17) object_name=books/publication_year_1917.parquet local_path=/opt/airflow/data/parquet/books/publication_year_1917.parquet","logger":"main","filename":"main.py","lineno":187}
{"timestamp":"2026-03-30T12:01:48.592923Z","level":"info","event":"upload_by_year success year=1917.0 object_name=books/publication_year_1917.parquet","logger":"main","filename":"main.py","lineno":201}
{"timestamp":"2026-03-30T12:01:48.593452Z","level":"info","event":"upload_by_year start year=1918.0 group_shape=(3, 17) object_name=books/publication_year_1918.parquet local_path=/opt/airflow/data/parquet/books/publication_year_1918.parquet","logger":"main","filename":"main.py","lineno":187}
{"timestamp":"2026-03-30T12:01:48.751792Z","level":"info","event":"upload_by_year success year=1918.0 object_name=books/publication_year_1918.parquet","logger":"main","filename":"main.py","lineno":201}
{"timestamp":"2026-03-30T12:01:48.752429Z","level":"info","event":"upload_by_year start year=1919.0 group_shape=(4, 17) object_name=books/publication_year_1919.parquet local_path=/opt/airflow/data/parquet/books/publication_year_1919.parquet","logger":"main","filename":"main.py","lineno":187}
{"timestamp":"2026-03-30T12:01:48.941794Z","level":"info","event":"upload_by_year success year=1919.0 object_name=books/publication_year_1919.parquet","logger":"main","filename":"main.py","lineno":201}
{"timestamp":"2026-03-30T12:01:48.942341Z","level":"info","event":"upload_by_year start year=1920.0 group_shape=(37, 17) object_name=books/publication_year_1920.parquet local_path=/opt/airflow/data/parquet/books/publication_year_1920.parquet","logger":"main","filename":"main.py","lineno":187}
{"timestamp":"2026-03-30T12:01:49.106972Z","level":"info","event":"upload_by_year success year=1920.0 object_name=books/publication_year_1920.parquet","logger":"main","filename":"main.py","lineno":201}
{"timestamp":"2026-03-30T12:01:49.107919Z","level":"info","event":"upload_by_year start year=1921.0 group_shape=(6, 17) object_name=books/publication_year_1921.parquet local_path=/opt/airflow/data/parquet/books/publication_year_1921.parquet","logger":"main","filename":"main.py","lineno":187}
{"timestamp":"2026-03-30T12:01:49.318462Z","level":"info","event":"upload_by_year success year=1921.0 object_name=books/publication_year_1921.parquet","logger":"main","filename":"main.py","lineno":201}
{"timestamp":"2026-03-30T12:01:49.319312Z","level":"info","event":"upload_by_year start year=1922.0 group_shape=(9, 17) object_name=books/publication_year_1922.parquet local_path=/opt/airflow/data/parquet/books/publication_year_1922.parquet","logger":"main","filename":"main.py","lineno":187}
{"timestamp":"2026-03-30T12:01:49.515340Z","level":"info","event":"upload_by_year success year=1922.0 object_name=books/publication_year_1922.parquet","logger":"main","filename":"main.py","lineno":201}
{"timestamp":"2026-03-30T12:01:49.515933Z","level":"info","event":"upload_by_year start year=1923.0 group_shape=(13, 17) object_name=books/publication_year_1923.parquet local_path=/opt/airflow/data/parquet/books/publication_year_1923.parquet","logger":"main","filename":"main.py","lineno":187}
{"timestamp":"2026-03-30T12:01:49.698560Z","level":"info","event":"upload_by_year success year=1923.0 object_name=books/publication_year_1923.parquet","logger":"main","filename":"main.py","lineno":201}
{"timestamp":"2026-03-30T12:01:49.698956Z","level":"info","event":"upload_by_year start year=1924.0 group_shape=(7, 17) object_name=books/publication_year_1924.parquet local_path=/opt/airflow/data/parquet/books/publication_year_1924.parquet","logger":"main","filename":"main.py","lineno":187}
{"timestamp":"2026-03-30T12:01:49.864068Z","level":"info","event":"upload_by_year success year=1924.0 object_name=books/publication_year_1924.parquet","logger":"main","filename":"main.py","lineno":201}
{"timestamp":"2026-03-30T12:01:49.864809Z","level":"info","event":"upload_by_year start year=1925.0 group_shape=(6, 17) object_name=books/publication_year_1925.parquet local_path=/opt/airflow/data/parquet/books/publication_year_1925.parquet","logger":"main","filename":"main.py","lineno":187}
{"timestamp":"2026-03-30T12:01:50.063440Z","level":"info","event":"upload_by_year success year=1925.0 object_name=books/publication_year_1925.parquet","logger":"main","filename":"main.py","lineno":201}
{"timestamp":"2026-03-30T12:01:50.064003Z","level":"info","event":"upload_by_year start year=1926.0 group_shape=(9, 17) object_name=books/publication_year_1926.parquet local_path=/opt/airflow/data/parquet/books/publication_year_1926.parquet","logger":"main","filename":"main.py","lineno":187}
{"timestamp":"2026-03-30T12:01:50.218924Z","level":"info","event":"upload_by_year success year=1926.0 object_name=books/publication_year_1926.parquet","logger":"main","filename":"main.py","lineno":201}
{"timestamp":"2026-03-30T12:01:50.219476Z","level":"info","event":"upload_by_year start year=1927.0 group_shape=(7, 17) object_name=books/publication_year_1927.parquet local_path=/opt/airflow/data/parquet/books/publication_year_1927.parquet","logger":"main","filename":"main.py","lineno":187}
{"timestamp":"2026-03-30T12:01:50.381870Z","level":"info","event":"upload_by_year success year=1927.0 object_name=books/publication_year_1927.parquet","logger":"main","filename":"main.py","lineno":201}
{"timestamp":"2026-03-30T12:01:50.382413Z","level":"info","event":"upload_by_year start year=1928.0 group_shape=(8, 17) object_name=books/publication_year_1928.parquet local_path=/opt/airflow/data/parquet/books/publication_year_1928.parquet","logger":"main","filename":"main.py","lineno":187}
{"timestamp":"2026-03-30T12:01:50.627696Z","level":"info","event":"upload_by_year success year=1928.0 object_name=books/publication_year_1928.parquet","logger":"main","filename":"main.py","lineno":201}
{"timestamp":"2026-03-30T12:01:50.628456Z","level":"info","event":"upload_by_year start year=1929.0 group_shape=(11, 17) object_name=books/publication_year_1929.parquet local_path=/opt/airflow/data/parquet/books/publication_year_1929.parquet","logger":"main","filename":"main.py","lineno":187}
{"timestamp":"2026-03-30T12:01:51.103891Z","level":"info","event":"upload_by_year success year=1929.0 object_name=books/publication_year_1929.parquet","logger":"main","filename":"main.py","lineno":201}
{"timestamp":"2026-03-30T12:01:51.104445Z","level":"info","event":"upload_by_year start year=1930.0 group_shape=(18, 17) object_name=books/publication_year_1930.parquet local_path=/opt/airflow/data/parquet/books/publication_year_1930.parquet","logger":"main","filename":"main.py","lineno":187}
{"timestamp":"2026-03-30T12:01:51.245642Z","level":"info","event":"upload_by_year success year=1930.0 object_name=books/publication_year_1930.parquet","logger":"main","filename":"main.py","lineno":201}
{"timestamp":"2026-03-30T12:01:51.246840Z","level":"info","event":"upload_by_year start year=1931.0 group_shape=(9, 17) object_name=books/publication_year_1931.parquet local_path=/opt/airflow/data/parquet/books/publication_year_1931.parquet","logger":"main","filename":"main.py","lineno":187}
{"timestamp":"2026-03-30T12:01:51.440766Z","level":"info","event":"upload_by_year success year=1931.0 object_name=books/publication_year_1931.parquet","logger":"main","filename":"main.py","lineno":201}
{"timestamp":"2026-03-30T12:01:51.441316Z","level":"info","event":"upload_by_year start year=1932.0 group_shape=(9, 17) object_name=books/publication_year_1932.parquet local_path=/opt/airflow/data/parquet/books/publication_year_1932.parquet","logger":"main","filename":"main.py","lineno":187}
{"timestamp":"2026-03-30T12:01:51.628527Z","level":"info","event":"upload_by_year success year=1932.0 object_name=books/publication_year_1932.parquet","logger":"main","filename":"main.py","lineno":201}
{"timestamp":"2026-03-30T12:01:51.629001Z","level":"info","event":"upload_by_year start year=1933.0 group_shape=(12, 17) object_name=books/publication_year_1933.parquet local_path=/opt/airflow/data/parquet/books/publication_year_1933.parquet","logger":"main","filename":"main.py","lineno":187}
{"timestamp":"2026-03-30T12:01:51.790787Z","level":"info","event":"upload_by_year success year=1933.0 object_name=books/publication_year_1933.parquet","logger":"main","filename":"main.py","lineno":201}
{"timestamp":"2026-03-30T12:01:51.791681Z","level":"info","event":"upload_by_year start year=1934.0 group_shape=(9, 17) object_name=books/publication_year_1934.parquet local_path=/opt/airflow/data/parquet/books/publication_year_1934.parquet","logger":"main","filename":"main.py","lineno":187}
{"timestamp":"2026-03-30T12:01:52.140271Z","level":"info","event":"upload_by_year success year=1934.0 object_name=books/publication_year_1934.parquet","logger":"main","filename":"main.py","lineno":201}
{"timestamp":"2026-03-30T12:01:52.140938Z","level":"info","event":"upload_by_year start year=1935.0 group_shape=(6, 17) object_name=books/publication_year_1935.parquet local_path=/opt/airflow/data/parquet/books/publication_year_1935.parquet","logger":"main","filename":"main.py","lineno":187}
{"timestamp":"2026-03-30T12:01:52.300676Z","level":"info","event":"upload_by_year success year=1935.0 object_name=books/publication_year_1935.parquet","logger":"main","filename":"main.py","lineno":201}
{"timestamp":"2026-03-30T12:01:52.301341Z","level":"info","event":"upload_by_year start year=1936.0 group_shape=(11, 17) object_name=books/publication_year_1936.parquet local_path=/opt/airflow/data/parquet/books/publication_year_1936.parquet","logger":"main","filename":"main.py","lineno":187}
{"timestamp":"2026-03-30T12:01:52.501784Z","level":"info","event":"upload_by_year success year=1936.0 object_name=books/publication_year_1936.parquet","logger":"main","filename":"main.py","lineno":201}
{"timestamp":"2026-03-30T12:01:52.502816Z","level":"info","event":"upload_by_year start year=1937.0 group_shape=(12, 17) object_name=books/publication_year_1937.parquet local_path=/opt/airflow/data/parquet/books/publication_year_1937.parquet","logger":"main","filename":"main.py","lineno":187}
{"timestamp":"2026-03-30T12:01:52.730247Z","level":"info","event":"upload_by_year success year=1937.0 object_name=books/publication_year_1937.parquet","logger":"main","filename":"main.py","lineno":201}
{"timestamp":"2026-03-30T12:01:52.730735Z","level":"info","event":"upload_by_year start year=1938.0 group_shape=(11, 17) object_name=books/publication_year_1938.parquet local_path=/opt/airflow/data/parquet/books/publication_year_1938.parquet","logger":"main","filename":"main.py","lineno":187}
{"timestamp":"2026-03-30T12:01:52.916589Z","level":"info","event":"upload_by_year success year=1938.0 object_name=books/publication_year_1938.parquet","logger":"main","filename":"main.py","lineno":201}
{"timestamp":"2026-03-30T12:01:52.917202Z","level":"info","event":"upload_by_year start year=1939.0 group_shape=(12, 17) object_name=books/publication_year_1939.parquet local_path=/opt/airflow/data/parquet/books/publication_year_1939.parquet","logger":"main","filename":"main.py","lineno":187}
{"timestamp":"2026-03-30T12:01:53.122272Z","level":"info","event":"upload_by_year success year=1939.0 object_name=books/publication_year_1939.parquet","logger":"main","filename":"main.py","lineno":201}
{"timestamp":"2026-03-30T12:01:53.122866Z","level":"info","event":"upload_by_year start year=1940.0 group_shape=(40, 17) object_name=books/publication_year_1940.parquet local_path=/opt/airflow/data/parquet/books/publication_year_1940.parquet","logger":"main","filename":"main.py","lineno":187}
{"timestamp":"2026-03-30T12:01:53.462423Z","level":"info","event":"upload_by_year success year=1940.0 object_name=books/publication_year_1940.parquet","logger":"main","filename":"main.py","lineno":201}
{"timestamp":"2026-03-30T12:01:53.463702Z","level":"info","event":"upload_by_year start year=1941.0 group_shape=(12, 17) object_name=books/publication_year_1941.parquet local_path=/opt/airflow/data/parquet/books/publication_year_1941.parquet","logger":"main","filename":"main.py","lineno":187}
{"timestamp":"2026-03-30T12:01:53.641742Z","level":"info","event":"upload_by_year success year=1941.0 object_name=books/publication_year_1941.parquet","logger":"main","filename":"main.py","lineno":201}
{"timestamp":"2026-03-30T12:01:53.642219Z","level":"info","event":"upload_by_year start year=1942.0 group_shape=(19, 17) object_name=books/publication_year_1942.parquet local_path=/opt/airflow/data/parquet/books/publication_year_1942.parquet","logger":"main","filename":"main.py","lineno":187}
{"timestamp":"2026-03-30T12:01:53.859571Z","level":"info","event":"upload_by_year success year=1942.0 object_name=books/publication_year_1942.parquet","logger":"main","filename":"main.py","lineno":201}
{"timestamp":"2026-03-30T12:01:53.860098Z","level":"info","event":"upload_by_year start year=1943.0 group_shape=(12, 17) object_name=books/publication_year_1943.parquet local_path=/opt/airflow/data/parquet/books/publication_year_1943.parquet","logger":"main","filename":"main.py","lineno":187}
{"timestamp":"2026-03-30T12:01:54.039654Z","level":"info","event":"upload_by_year success year=1943.0 object_name=books/publication_year_1943.parquet","logger":"main","filename":"main.py","lineno":201}
{"timestamp":"2026-03-30T12:01:54.040872Z","level":"info","event":"upload_by_year start year=1944.0 group_shape=(12, 17) object_name=books/publication_year_1944.parquet local_path=/opt/airflow/data/parquet/books/publication_year_1944.parquet","logger":"main","filename":"main.py","lineno":187}
{"timestamp":"2026-03-30T12:01:54.211772Z","level":"info","event":"upload_by_year success year=1944.0 object_name=books/publication_year_1944.parquet","logger":"main","filename":"main.py","lineno":201}
{"timestamp":"2026-03-30T12:01:54.212784Z","level":"info","event":"upload_by_year start year=1945.0 group_shape=(13, 17) object_name=books/publication_year_1945.parquet local_path=/opt/airflow/data/parquet/books/publication_year_1945.parquet","logger":"main","filename":"main.py","lineno":187}
{"timestamp":"2026-03-30T12:01:54.379699Z","level":"info","event":"upload_by_year success year=1945.0 object_name=books/publication_year_1945.parquet","logger":"main","filename":"main.py","lineno":201}
{"timestamp":"2026-03-30T12:01:54.380117Z","level":"info","event":"upload_by_year start year=1946.0 group_shape=(19, 17) object_name=books/publication_year_1946.parquet local_path=/opt/airflow/data/parquet/books/publication_year_1946.parquet","logger":"main","filename":"main.py","lineno":187}
{"timestamp":"2026-03-30T12:01:54.541595Z","level":"info","event":"upload_by_year success year=1946.0 object_name=books/publication_year_1946.parquet","logger":"main","filename":"main.py","lineno":201}
{"timestamp":"2026-03-30T12:01:54.542008Z","level":"info","event":"upload_by_year start year=1947.0 group_shape=(19, 17) object_name=books/publication_year_1947.parquet local_path=/opt/airflow/data/parquet/books/publication_year_1947.parquet","logger":"main","filename":"main.py","lineno":187}
{"timestamp":"2026-03-30T12:01:54.672310Z","level":"info","event":"upload_by_year success year=1947.0 object_name=books/publication_year_1947.parquet","logger":"main","filename":"main.py","lineno":201}
{"timestamp":"2026-03-30T12:01:54.672786Z","level":"info","event":"upload_by_year start year=1948.0 group_shape=(16, 17) object_name=books/publication_year_1948.parquet local_path=/opt/airflow/data/parquet/books/publication_year_1948.parquet","logger":"main","filename":"main.py","lineno":187}
{"timestamp":"2026-03-30T12:01:54.811497Z","level":"info","event":"upload_by_year success year=1948.0 object_name=books/publication_year_1948.parquet","logger":"main","filename":"main.py","lineno":201}
{"timestamp":"2026-03-30T12:01:54.812049Z","level":"info","event":"upload_by_year start year=1949.0 group_shape=(18, 17) object_name=books/publication_year_1949.parquet local_path=/opt/airflow/data/parquet/books/publication_year_1949.parquet","logger":"main","filename":"main.py","lineno":187}
{"timestamp":"2026-03-30T12:01:55.033640Z","level":"info","event":"upload_by_year success year=1949.0 object_name=books/publication_year_1949.parquet","logger":"main","filename":"main.py","lineno":201}
{"timestamp":"2026-03-30T12:01:55.034200Z","level":"info","event":"upload_by_year start year=1950.0 group_shape=(37, 17) object_name=books/publication_year_1950.parquet local_path=/opt/airflow/data/parquet/books/publication_year_1950.parquet","logger":"main","filename":"main.py","lineno":187}
{"timestamp":"2026-03-30T12:01:55.183588Z","level":"info","event":"upload_by_year success year=1950.0 object_name=books/publication_year_1950.parquet","logger":"main","filename":"main.py","lineno":201}
{"timestamp":"2026-03-30T12:01:55.184318Z","level":"info","event":"upload_by_year start year=1951.0 group_shape=(44, 17) object_name=books/publication_year_1951.parquet local_path=/opt/airflow/data/parquet/books/publication_year_1951.parquet","logger":"main","filename":"main.py","lineno":187}
{"timestamp":"2026-03-30T12:01:55.412392Z","level":"info","event":"upload_by_year success year=1951.0 object_name=books/publication_year_1951.parquet","logger":"main","filename":"main.py","lineno":201}
{"timestamp":"2026-03-30T12:01:55.413150Z","level":"info","event":"upload_by_year start year=1952.0 group_shape=(41, 17) object_name=books/publication_year_1952.parquet local_path=/opt/airflow/data/parquet/books/publication_year_1952.parquet","logger":"main","filename":"main.py","lineno":187}
{"timestamp":"2026-03-30T12:01:55.633643Z","level":"info","event":"upload_by_year success year=1952.0 object_name=books/publication_year_1952.parquet","logger":"main","filename":"main.py","lineno":201}
{"timestamp":"2026-03-30T12:01:55.634386Z","level":"info","event":"upload_by_year start year=1953.0 group_shape=(67, 17) object_name=books/publication_year_1953.parquet local_path=/opt/airflow/data/parquet/books/publication_year_1953.parquet","logger":"main","filename":"main.py","lineno":187}
{"timestamp":"2026-03-30T12:01:55.875668Z","level":"info","event":"upload_by_year success year=1953.0 object_name=books/publication_year_1953.parquet","logger":"main","filename":"main.py","lineno":201}
{"timestamp":"2026-03-30T12:01:55.876120Z","level":"info","event":"upload_by_year start year=1954.0 group_shape=(60, 17) object_name=books/publication_year_1954.parquet local_path=/opt/airflow/data/parquet/books/publication_year_1954.parquet","logger":"main","filename":"main.py","lineno":187}
{"timestamp":"2026-03-30T12:01:56.075335Z","level":"info","event":"upload_by_year success year=1954.0 object_name=books/publication_year_1954.parquet","logger":"main","filename":"main.py","lineno":201}
{"timestamp":"2026-03-30T12:01:56.076540Z","level":"info","event":"upload_by_year start year=1955.0 group_shape=(74, 17) object_name=books/publication_year_1955.parquet local_path=/opt/airflow/data/parquet/books/publication_year_1955.parquet","logger":"main","filename":"main.py","lineno":187}
{"timestamp":"2026-03-30T12:01:56.297120Z","level":"info","event":"upload_by_year success year=1955.0 object_name=books/publication_year_1955.parquet","logger":"main","filename":"main.py","lineno":201}
{"timestamp":"2026-03-30T12:01:56.297927Z","level":"info","event":"upload_by_year start year=1956.0 group_shape=(80, 17) object_name=books/publication_year_1956.parquet local_path=/opt/airflow/data/parquet/books/publication_year_1956.parquet","logger":"main","filename":"main.py","lineno":187}
{"timestamp":"2026-03-30T12:01:56.514219Z","level":"info","event":"upload_by_year success year=1956.0 object_name=books/publication_year_1956.parquet","logger":"main","filename":"main.py","lineno":201}
{"timestamp":"2026-03-30T12:01:56.514690Z","level":"info","event":"upload_by_year start year=1957.0 group_shape=(79, 17) object_name=books/publication_year_1957.parquet local_path=/opt/airflow/data/parquet/books/publication_year_1957.parquet","logger":"main","filename":"main.py","lineno":187}
{"timestamp":"2026-03-30T12:01:56.652069Z","level":"info","event":"upload_by_year success year=1957.0 object_name=books/publication_year_1957.parquet","logger":"main","filename":"main.py","lineno":201}
{"timestamp":"2026-03-30T12:01:56.652486Z","level":"info","event":"upload_by_year start year=1958.0 group_shape=(80, 17) object_name=books/publication_year_1958.parquet local_path=/opt/airflow/data/parquet/books/publication_year_1958.parquet","logger":"main","filename":"main.py","lineno":187}
{"timestamp":"2026-03-30T12:01:56.846008Z","level":"info","event":"upload_by_year success year=1958.0 object_name=books/publication_year_1958.parquet","logger":"main","filename":"main.py","lineno":201}
{"timestamp":"2026-03-30T12:01:56.846726Z","level":"info","event":"upload_by_year start year=1959.0 group_shape=(106, 17) object_name=books/publication_year_1959.parquet local_path=/opt/airflow/data/parquet/books/publication_year_1959.parquet","logger":"main","filename":"main.py","lineno":187}
{"timestamp":"2026-03-30T12:01:57.042560Z","level":"info","event":"upload_by_year success year=1959.0 object_name=books/publication_year_1959.parquet","logger":"main","filename":"main.py","lineno":201}
{"timestamp":"2026-03-30T12:01:57.043456Z","level":"info","event":"upload_by_year start year=1960.0 group_shape=(136, 17) object_name=books/publication_year_1960.parquet local_path=/opt/airflow/data/parquet/books/publication_year_1960.parquet","logger":"main","filename":"main.py","lineno":187}
{"timestamp":"2026-03-30T12:01:57.216687Z","level":"info","event":"upload_by_year success year=1960.0 object_name=books/publication_year_1960.parquet","logger":"main","filename":"main.py","lineno":201}
{"timestamp":"2026-03-30T12:01:57.217580Z","level":"info","event":"upload_by_year start year=1961.0 group_shape=(134, 17) object_name=books/publication_year_1961.parquet local_path=/opt/airflow/data/parquet/books/publication_year_1961.parquet","logger":"main","filename":"main.py","lineno":187}
{"timestamp":"2026-03-30T12:01:57.452020Z","level":"info","event":"upload_by_year success year=1961.0 object_name=books/publication_year_1961.parquet","logger":"main","filename":"main.py","lineno":201}
{"timestamp":"2026-03-30T12:01:57.452666Z","level":"info","event":"upload_by_year start year=1962.0 group_shape=(127, 17) object_name=books/publication_year_1962.parquet local_path=/opt/airflow/data/parquet/books/publication_year_1962.parquet","logger":"main","filename":"main.py","lineno":187}
{"timestamp":"2026-03-30T12:01:57.613651Z","level":"info","event":"upload_by_year success year=1962.0 object_name=books/publication_year_1962.parquet","logger":"main","filename":"main.py","lineno":201}
{"timestamp":"2026-03-30T12:01:57.614056Z","level":"info","event":"upload_by_year start year=1963.0 group_shape=(138, 17) object_name=books/publication_year_1963.parquet local_path=/opt/airflow/data/parquet/books/publication_year_1963.parquet","logger":"main","filename":"main.py","lineno":187}
{"timestamp":"2026-03-30T12:01:57.815500Z","level":"info","event":"upload_by_year success year=1963.0 object_name=books/publication_year_1963.parquet","logger":"main","filename":"main.py","lineno":201}
{"timestamp":"2026-03-30T12:01:57.816358Z","level":"info","event":"upload_by_year start year=1964.0 group_shape=(155, 17) object_name=books/publication_year_1964.parquet local_path=/opt/airflow/data/parquet/books/publication_year_1964.parquet","logger":"main","filename":"main.py","lineno":187}
{"timestamp":"2026-03-30T12:01:57.970492Z","level":"info","event":"upload_by_year success year=1964.0 object_name=books/publication_year_1964.parquet","logger":"main","filename":"main.py","lineno":201}
{"timestamp":"2026-03-30T12:01:57.971675Z","level":"info","event":"upload_by_year start year=1965.0 group_shape=(177, 17) object_name=books/publication_year_1965.parquet local_path=/opt/airflow/data/parquet/books/publication_year_1965.parquet","logger":"main","filename":"main.py","lineno":187}
{"timestamp":"2026-03-30T12:01:58.194631Z","level":"info","event":"upload_by_year success year=1965.0 object_name=books/publication_year_1965.parquet","logger":"main","filename":"main.py","lineno":201}
{"timestamp":"2026-03-30T12:01:58.195466Z","level":"info","event":"upload_by_year start year=1966.0 group_shape=(189, 17) object_name=books/publication_year_1966.parquet local_path=/opt/airflow/data/parquet/books/publication_year_1966.parquet","logger":"main","filename":"main.py","lineno":187}
{"timestamp":"2026-03-30T12:01:58.412581Z","level":"info","event":"upload_by_year success year=1966.0 object_name=books/publication_year_1966.parquet","logger":"main","filename":"main.py","lineno":201}
{"timestamp":"2026-03-30T12:01:58.413387Z","level":"info","event":"upload_by_year start year=1967.0 group_shape=(179, 17) object_name=books/publication_year_1967.parquet local_path=/opt/airflow/data/parquet/books/publication_year_1967.parquet","logger":"main","filename":"main.py","lineno":187}
{"timestamp":"2026-03-30T12:01:58.549416Z","level":"info","event":"upload_by_year success year=1967.0 object_name=books/publication_year_1967.parquet","logger":"main","filename":"main.py","lineno":201}
{"timestamp":"2026-03-30T12:01:58.549929Z","level":"info","event":"upload_by_year start year=1968.0 group_shape=(239, 17) object_name=books/publication_year_1968.parquet local_path=/opt/airflow/data/parquet/books/publication_year_1968.parquet","logger":"main","filename":"main.py","lineno":187}
{"timestamp":"2026-03-30T12:01:58.737059Z","level":"info","event":"upload_by_year success year=1968.0 object_name=books/publication_year_1968.parquet","logger":"main","filename":"main.py","lineno":201}
{"timestamp":"2026-03-30T12:01:58.737599Z","level":"info","event":"upload_by_year start year=1969.0 group_shape=(341, 17) object_name=books/publication_year_1969.parquet local_path=/opt/airflow/data/parquet/books/publication_year_1969.parquet","logger":"main","filename":"main.py","lineno":187}
{"timestamp":"2026-03-30T12:01:58.925052Z","level":"info","event":"upload_by_year success year=1969.0 object_name=books/publication_year_1969.parquet","logger":"main","filename":"main.py","lineno":201}
{"timestamp":"2026-03-30T12:01:58.925742Z","level":"info","event":"upload_by_year start year=1970.0 group_shape=(467, 17) object_name=books/publication_year_1970.parquet local_path=/opt/airflow/data/parquet/books/publication_year_1970.parquet","logger":"main","filename":"main.py","lineno":187}
{"timestamp":"2026-03-30T12:01:59.131573Z","level":"info","event":"upload_by_year success year=1970.0 object_name=books/publication_year_1970.parquet","logger":"main","filename":"main.py","lineno":201}
{"timestamp":"2026-03-30T12:01:59.132115Z","level":"info","event":"upload_by_year start year=1971.0 group_shape=(543, 17) object_name=books/publication_year_1971.parquet local_path=/opt/airflow/data/parquet/books/publication_year_1971.parquet","logger":"main","filename":"main.py","lineno":187}
{"timestamp":"2026-03-30T12:01:59.319039Z","level":"info","event":"upload_by_year success year=1971.0 object_name=books/publication_year_1971.parquet","logger":"main","filename":"main.py","lineno":201}
{"timestamp":"2026-03-30T12:01:59.319965Z","level":"info","event":"upload_by_year start year=1972.0 group_shape=(774, 17) object_name=books/publication_year_1972.parquet local_path=/opt/airflow/data/parquet/books/publication_year_1972.parquet","logger":"main","filename":"main.py","lineno":187}
{"timestamp":"2026-03-30T12:01:59.502131Z","level":"info","event":"upload_by_year success year=1972.0 object_name=books/publication_year_1972.parquet","logger":"main","filename":"main.py","lineno":201}
{"timestamp":"2026-03-30T12:01:59.502914Z","level":"info","event":"upload_by_year start year=1973.0 group_shape=(928, 17) object_name=books/publication_year_1973.parquet local_path=/opt/airflow/data/parquet/books/publication_year_1973.parquet","logger":"main","filename":"main.py","lineno":187}
{"timestamp":"2026-03-30T12:01:59.737347Z","level":"info","event":"upload_by_year success year=1973.0 object_name=books/publication_year_1973.parquet","logger":"main","filename":"main.py","lineno":201}
{"timestamp":"2026-03-30T12:01:59.738006Z","level":"info","event":"upload_by_year start year=1974.0 group_shape=(1030, 17) object_name=books/publication_year_1974.parquet local_path=/opt/airflow/data/parquet/books/publication_year_1974.parquet","logger":"main","filename":"main.py","lineno":187}
{"timestamp":"2026-03-30T12:01:59.893692Z","level":"info","event":"upload_by_year success year=1974.0 object_name=books/publication_year_1974.parquet","logger":"main","filename":"main.py","lineno":201}
{"timestamp":"2026-03-30T12:01:59.894427Z","level":"info","event":"upload_by_year start year=1975.0 group_shape=(1225, 17) object_name=books/publication_year_1975.parquet local_path=/opt/airflow/data/parquet/books/publication_year_1975.parquet","logger":"main","filename":"main.py","lineno":187}
{"timestamp":"2026-03-30T12:02:00.118892Z","level":"info","event":"upload_by_year success year=1975.0 object_name=books/publication_year_1975.parquet","logger":"main","filename":"main.py","lineno":201}
{"timestamp":"2026-03-30T12:02:00.119701Z","level":"info","event":"upload_by_year start year=1976.0 group_shape=(1601, 17) object_name=books/publication_year_1976.parquet local_path=/opt/airflow/data/parquet/books/publication_year_1976.parquet","logger":"main","filename":"main.py","lineno":187}
{"timestamp":"2026-03-30T12:02:00.441621Z","level":"info","event":"upload_by_year success year=1976.0 object_name=books/publication_year_1976.parquet","logger":"main","filename":"main.py","lineno":201}
{"timestamp":"2026-03-30T12:02:00.442652Z","level":"info","event":"upload_by_year start year=1977.0 group_shape=(1899, 17) object_name=books/publication_year_1977.parquet local_path=/opt/airflow/data/parquet/books/publication_year_1977.parquet","logger":"main","filename":"main.py","lineno":187}
{"timestamp":"2026-03-30T12:02:01.058944Z","level":"info","event":"upload_by_year success year=1977.0 object_name=books/publication_year_1977.parquet","logger":"main","filename":"main.py","lineno":201}
{"timestamp":"2026-03-30T12:02:01.063823Z","level":"info","event":"upload_by_year start year=1978.0 group_shape=(2134, 17) object_name=books/publication_year_1978.parquet local_path=/opt/airflow/data/parquet/books/publication_year_1978.parquet","logger":"main","filename":"main.py","lineno":187}
{"timestamp":"2026-03-30T12:02:01.821573Z","level":"info","event":"upload_by_year success year=1978.0 object_name=books/publication_year_1978.parquet","logger":"main","filename":"main.py","lineno":201}
{"timestamp":"2026-03-30T12:02:01.822893Z","level":"info","event":"upload_by_year start year=1979.0 group_shape=(2212, 17) object_name=books/publication_year_1979.parquet local_path=/opt/airflow/data/parquet/books/publication_year_1979.parquet","logger":"main","filename":"main.py","lineno":187}
{"timestamp":"2026-03-30T12:02:02.079511Z","level":"info","event":"upload_by_year success year=1979.0 object_name=books/publication_year_1979.parquet","logger":"main","filename":"main.py","lineno":201}
{"timestamp":"2026-03-30T12:02:02.080237Z","level":"info","event":"upload_by_year start year=1980.0 group_shape=(2683, 17) object_name=books/publication_year_1980.parquet local_path=/opt/airflow/data/parquet/books/publication_year_1980.parquet","logger":"main","filename":"main.py","lineno":187}
{"timestamp":"2026-03-30T12:02:02.366413Z","level":"info","event":"upload_by_year success year=1980.0 object_name=books/publication_year_1980.parquet","logger":"main","filename":"main.py","lineno":201}
{"timestamp":"2026-03-30T12:02:02.367043Z","level":"info","event":"upload_by_year start year=1981.0 group_shape=(3283, 17) object_name=books/publication_year_1981.parquet local_path=/opt/airflow/data/parquet/books/publication_year_1981.parquet","logger":"main","filename":"main.py","lineno":187}
{"timestamp":"2026-03-30T12:02:02.660509Z","level":"info","event":"upload_by_year success year=1981.0 object_name=books/publication_year_1981.parquet","logger":"main","filename":"main.py","lineno":201}
{"timestamp":"2026-03-30T12:02:02.661510Z","level":"info","event":"upload_by_year start year=1982.0 group_shape=(4201, 17) object_name=books/publication_year_1982.parquet local_path=/opt/airflow/data/parquet/books/publication_year_1982.parquet","logger":"main","filename":"main.py","lineno":187}
{"timestamp":"2026-03-30T12:02:02.888152Z","level":"info","event":"upload_by_year success year=1982.0 object_name=books/publication_year_1982.parquet","logger":"main","filename":"main.py","lineno":201}
{"timestamp":"2026-03-30T12:02:02.888564Z","level":"info","event":"upload_by_year start year=1983.0 group_shape=(4500, 17) object_name=books/publication_year_1983.parquet local_path=/opt/airflow/data/parquet/books/publication_year_1983.parquet","logger":"main","filename":"main.py","lineno":187}
{"timestamp":"2026-03-30T12:02:03.128345Z","level":"info","event":"upload_by_year success year=1983.0 object_name=books/publication_year_1983.parquet","logger":"main","filename":"main.py","lineno":201}
{"timestamp":"2026-03-30T12:02:03.129230Z","level":"info","event":"upload_by_year start year=1984.0 group_shape=(4993, 17) object_name=books/publication_year_1984.parquet local_path=/opt/airflow/data/parquet/books/publication_year_1984.parquet","logger":"main","filename":"main.py","lineno":187}
{"timestamp":"2026-03-30T12:02:03.335328Z","level":"info","event":"upload_by_year success year=1984.0 object_name=books/publication_year_1984.parquet","logger":"main","filename":"main.py","lineno":201}
{"timestamp":"2026-03-30T12:02:03.336282Z","level":"info","event":"upload_by_year start year=1985.0 group_shape=(5350, 17) object_name=books/publication_year_1985.parquet local_path=/opt/airflow/data/parquet/books/publication_year_1985.parquet","logger":"main","filename":"main.py","lineno":187}
{"timestamp":"2026-03-30T12:02:03.587639Z","level":"info","event":"upload_by_year success year=1985.0 object_name=books/publication_year_1985.parquet","logger":"main","filename":"main.py","lineno":201}
{"timestamp":"2026-03-30T12:02:03.588351Z","level":"info","event":"upload_by_year start year=1986.0 group_shape=(5845, 17) object_name=books/publication_year_1986.parquet local_path=/opt/airflow/data/parquet/books/publication_year_1986.parquet","logger":"main","filename":"main.py","lineno":187}
{"timestamp":"2026-03-30T12:02:03.856060Z","level":"info","event":"upload_by_year success year=1986.0 object_name=books/publication_year_1986.parquet","logger":"main","filename":"main.py","lineno":201}
{"timestamp":"2026-03-30T12:02:03.857056Z","level":"info","event":"upload_by_year start year=1987.0 group_shape=(6536, 17) object_name=books/publication_year_1987.parquet local_path=/opt/airflow/data/parquet/books/publication_year_1987.parquet","logger":"main","filename":"main.py","lineno":187}
{"timestamp":"2026-03-30T12:02:04.192790Z","level":"info","event":"upload_by_year success year=1987.0 object_name=books/publication_year_1987.parquet","logger":"main","filename":"main.py","lineno":201}
{"timestamp":"2026-03-30T12:02:04.193794Z","level":"info","event":"upload_by_year start year=1988.0 group_shape=(7495, 17) object_name=books/publication_year_1988.parquet local_path=/opt/airflow/data/parquet/books/publication_year_1988.parquet","logger":"main","filename":"main.py","lineno":187}
{"timestamp":"2026-03-30T12:02:04.540179Z","level":"info","event":"upload_by_year success year=1988.0 object_name=books/publication_year_1988.parquet","logger":"main","filename":"main.py","lineno":201}
{"timestamp":"2026-03-30T12:02:04.540786Z","level":"info","event":"upload_by_year start year=1989.0 group_shape=(7943, 17) object_name=books/publication_year_1989.parquet local_path=/opt/airflow/data/parquet/books/publication_year_1989.parquet","logger":"main","filename":"main.py","lineno":187}
{"timestamp":"2026-03-30T12:02:04.838712Z","level":"info","event":"upload_by_year success year=1989.0 object_name=books/publication_year_1989.parquet","logger":"main","filename":"main.py","lineno":201}
{"timestamp":"2026-03-30T12:02:04.839802Z","level":"info","event":"upload_by_year start year=1990.0 group_shape=(8663, 17) object_name=books/publication_year_1990.parquet local_path=/opt/airflow/data/parquet/books/publication_year_1990.parquet","logger":"main","filename":"main.py","lineno":187}
{"timestamp":"2026-03-30T12:02:05.162609Z","level":"info","event":"upload_by_year success year=1990.0 object_name=books/publication_year_1990.parquet","logger":"main","filename":"main.py","lineno":201}
{"timestamp":"2026-03-30T12:02:05.163284Z","level":"info","event":"upload_by_year start year=1991.0 group_shape=(9397, 17) object_name=books/publication_year_1991.parquet local_path=/opt/airflow/data/parquet/books/publication_year_1991.parquet","logger":"main","filename":"main.py","lineno":187}
{"timestamp":"2026-03-30T12:02:05.428417Z","level":"info","event":"upload_by_year success year=1991.0 object_name=books/publication_year_1991.parquet","logger":"main","filename":"main.py","lineno":201}
{"timestamp":"2026-03-30T12:02:05.428954Z","level":"info","event":"upload_by_year start year=1992.0 group_shape=(9912, 17) object_name=books/publication_year_1992.parquet local_path=/opt/airflow/data/parquet/books/publication_year_1992.parquet","logger":"main","filename":"main.py","lineno":187}
{"timestamp":"2026-03-30T12:02:05.728632Z","level":"info","event":"upload_by_year success year=1992.0 object_name=books/publication_year_1992.parquet","logger":"main","filename":"main.py","lineno":201}
{"timestamp":"2026-03-30T12:02:05.729023Z","level":"info","event":"upload_by_year start year=1993.0 group_shape=(10609, 17) object_name=books/publication_year_1993.parquet local_path=/opt/airflow/data/parquet/books/publication_year_1993.parquet","logger":"main","filename":"main.py","lineno":187}
{"timestamp":"2026-03-30T12:02:06.023648Z","level":"info","event":"upload_by_year success year=1993.0 object_name=books/publication_year_1993.parquet","logger":"main","filename":"main.py","lineno":201}
{"timestamp":"2026-03-30T12:02:06.024072Z","level":"info","event":"upload_by_year start year=1994.0 group_shape=(11803, 17) object_name=books/publication_year_1994.parquet local_path=/opt/airflow/data/parquet/books/publication_year_1994.parquet","logger":"main","filename":"main.py","lineno":187}
{"timestamp":"2026-03-30T12:02:06.323808Z","level":"info","event":"upload_by_year success year=1994.0 object_name=books/publication_year_1994.parquet","logger":"main","filename":"main.py","lineno":201}
{"timestamp":"2026-03-30T12:02:06.324466Z","level":"info","event":"upload_by_year start year=1995.0 group_shape=(13552, 17) object_name=books/publication_year_1995.parquet local_path=/opt/airflow/data/parquet/books/publication_year_1995.parquet","logger":"main","filename":"main.py","lineno":187}
{"timestamp":"2026-03-30T12:02:06.796852Z","level":"info","event":"upload_by_year success year=1995.0 object_name=books/publication_year_1995.parquet","logger":"main","filename":"main.py","lineno":201}
{"timestamp":"2026-03-30T12:02:06.797717Z","level":"info","event":"upload_by_year start year=1996.0 group_shape=(14031, 17) object_name=books/publication_year_1996.parquet local_path=/opt/airflow/data/parquet/books/publication_year_1996.parquet","logger":"main","filename":"main.py","lineno":187}
{"timestamp":"2026-03-30T12:02:07.474188Z","level":"info","event":"upload_by_year success year=1996.0 object_name=books/publication_year_1996.parquet","logger":"main","filename":"main.py","lineno":201}
{"timestamp":"2026-03-30T12:02:07.475774Z","level":"info","event":"upload_by_year start year=1997.0 group_shape=(14894, 17) object_name=books/publication_year_1997.parquet local_path=/opt/airflow/data/parquet/books/publication_year_1997.parquet","logger":"main","filename":"main.py","lineno":187}
{"timestamp":"2026-03-30T12:02:07.937640Z","level":"info","event":"upload_by_year success year=1997.0 object_name=books/publication_year_1997.parquet","logger":"main","filename":"main.py","lineno":201}
{"timestamp":"2026-03-30T12:02:07.938432Z","level":"info","event":"upload_by_year start year=1998.0 group_shape=(15772, 17) object_name=books/publication_year_1998.parquet local_path=/opt/airflow/data/parquet/books/publication_year_1998.parquet","logger":"main","filename":"main.py","lineno":187}
{"timestamp":"2026-03-30T12:02:08.621712Z","level":"info","event":"upload_by_year success year=1998.0 object_name=books/publication_year_1998.parquet","logger":"main","filename":"main.py","lineno":201}
{"timestamp":"2026-03-30T12:02:08.622782Z","level":"info","event":"upload_by_year start year=1999.0 group_shape=(17435, 17) object_name=books/publication_year_1999.parquet local_path=/opt/airflow/data/parquet/books/publication_year_1999.parquet","logger":"main","filename":"main.py","lineno":187}
{"timestamp":"2026-03-30T12:02:09.039506Z","level":"info","event":"upload_by_year success year=1999.0 object_name=books/publication_year_1999.parquet","logger":"main","filename":"main.py","lineno":201}
{"timestamp":"2026-03-30T12:02:09.040112Z","level":"info","event":"upload_by_year start year=2000.0 group_shape=(17237, 17) object_name=books/publication_year_2000.parquet local_path=/opt/airflow/data/parquet/books/publication_year_2000.parquet","logger":"main","filename":"main.py","lineno":187}
{"timestamp":"2026-03-30T12:02:09.510745Z","level":"info","event":"upload_by_year success year=2000.0 object_name=books/publication_year_2000.parquet","logger":"main","filename":"main.py","lineno":201}
{"timestamp":"2026-03-30T12:02:09.511394Z","level":"info","event":"upload_by_year start year=2001.0 group_shape=(17365, 17) object_name=books/publication_year_2001.parquet local_path=/opt/airflow/data/parquet/books/publication_year_2001.parquet","logger":"main","filename":"main.py","lineno":187}
{"timestamp":"2026-03-30T12:02:10.213409Z","level":"info","event":"upload_by_year success year=2001.0 object_name=books/publication_year_2001.parquet","logger":"main","filename":"main.py","lineno":201}
{"timestamp":"2026-03-30T12:02:10.214004Z","level":"info","event":"upload_by_year start year=2002.0 group_shape=(17630, 17) object_name=books/publication_year_2002.parquet local_path=/opt/airflow/data/parquet/books/publication_year_2002.parquet","logger":"main","filename":"main.py","lineno":187}
{"timestamp":"2026-03-30T12:02:09.871124Z","level":"info","event":"upload_by_year success year=2002.0 object_name=books/publication_year_2002.parquet","logger":"main","filename":"main.py","lineno":201}
{"timestamp":"2026-03-30T12:02:09.871771Z","level":"info","event":"upload_by_year start year=2003.0 group_shape=(14360, 17) object_name=books/publication_year_2003.parquet local_path=/opt/airflow/data/parquet/books/publication_year_2003.parquet","logger":"main","filename":"main.py","lineno":187}
{"timestamp":"2026-03-30T12:02:09.099977Z","level":"info","event":"upload_by_year success year=2003.0 object_name=books/publication_year_2003.parquet","logger":"main","filename":"main.py","lineno":201}
{"timestamp":"2026-03-30T12:02:09.100394Z","level":"info","event":"upload_by_year start year=2004.0 group_shape=(5842, 17) object_name=books/publication_year_2004.parquet local_path=/opt/airflow/data/parquet/books/publication_year_2004.parquet","logger":"main","filename":"main.py","lineno":187}
{"timestamp":"2026-03-30T12:02:09.370474Z","level":"info","event":"upload_by_year success year=2004.0 object_name=books/publication_year_2004.parquet","logger":"main","filename":"main.py","lineno":201}
{"timestamp":"2026-03-30T12:02:09.371420Z","level":"info","event":"upload_by_year start year=2005.0 group_shape=(55, 17) object_name=books/publication_year_2005.parquet local_path=/opt/airflow/data/parquet/books/publication_year_2005.parquet","logger":"main","filename":"main.py","lineno":187}
{"timestamp":"2026-03-30T12:02:09.636794Z","level":"info","event":"upload_by_year success year=2005.0 object_name=books/publication_year_2005.parquet","logger":"main","filename":"main.py","lineno":201}
{"timestamp":"2026-03-30T12:02:09.637660Z","level":"info","event":"upload_by_year start year=2006.0 group_shape=(9, 17) object_name=books/publication_year_2006.parquet local_path=/opt/airflow/data/parquet/books/publication_year_2006.parquet","logger":"main","filename":"main.py","lineno":187}
{"timestamp":"2026-03-30T12:02:09.820232Z","level":"info","event":"upload_by_year success year=2006.0 object_name=books/publication_year_2006.parquet","logger":"main","filename":"main.py","lineno":201}
{"timestamp":"2026-03-30T12:02:09.821073Z","level":"info","event":"upload_by_year start year=2007.0 group_shape=(3, 17) object_name=books/publication_year_2007.parquet local_path=/opt/airflow/data/parquet/books/publication_year_2007.parquet","logger":"main","filename":"main.py","lineno":187}
{"timestamp":"2026-03-30T12:02:10.023537Z","level":"info","event":"upload_by_year success year=2007.0 object_name=books/publication_year_2007.parquet","logger":"main","filename":"main.py","lineno":201}
{"timestamp":"2026-03-30T12:02:10.024896Z","level":"info","event":"upload_by_year start year=2008.0 group_shape=(10, 17) object_name=books/publication_year_2008.parquet local_path=/opt/airflow/data/parquet/books/publication_year_2008.parquet","logger":"main","filename":"main.py","lineno":187}
{"timestamp":"2026-03-30T12:02:10.213594Z","level":"info","event":"upload_by_year success year=2008.0 object_name=books/publication_year_2008.parquet","logger":"main","filename":"main.py","lineno":201}
{"timestamp":"2026-03-30T12:02:10.214129Z","level":"info","event":"upload_by_year start year=2009.0 group_shape=(4, 17) object_name=books/publication_year_2009.parquet local_path=/opt/airflow/data/parquet/books/publication_year_2009.parquet","logger":"main","filename":"main.py","lineno":187}
{"timestamp":"2026-03-30T12:02:10.336110Z","level":"info","event":"upload_by_year success year=2009.0 object_name=books/publication_year_2009.parquet","logger":"main","filename":"main.py","lineno":201}
{"timestamp":"2026-03-30T12:02:10.336817Z","level":"info","event":"upload_by_year start year=2010.0 group_shape=(6, 17) object_name=books/publication_year_2010.parquet local_path=/opt/airflow/data/parquet/books/publication_year_2010.parquet","logger":"main","filename":"main.py","lineno":187}
{"timestamp":"2026-03-30T12:02:10.458370Z","level":"info","event":"upload_by_year success year=2010.0 object_name=books/publication_year_2010.parquet","logger":"main","filename":"main.py","lineno":201}
{"timestamp":"2026-03-30T12:02:10.458776Z","level":"info","event":"upload_by_year start year=2011.0 group_shape=(4, 17) object_name=books/publication_year_2011.parquet local_path=/opt/airflow/data/parquet/books/publication_year_2011.parquet","logger":"main","filename":"main.py","lineno":187}
{"timestamp":"2026-03-30T12:02:10.616581Z","level":"info","event":"upload_by_year success year=2011.0 object_name=books/publication_year_2011.parquet","logger":"main","filename":"main.py","lineno":201}
{"timestamp":"2026-03-30T12:02:10.617266Z","level":"info","event":"upload_by_year start year=2012.0 group_shape=(5, 17) object_name=books/publication_year_2012.parquet local_path=/opt/airflow/data/parquet/books/publication_year_2012.parquet","logger":"main","filename":"main.py","lineno":187}
{"timestamp":"2026-03-30T12:02:10.790735Z","level":"info","event":"upload_by_year success year=2012.0 object_name=books/publication_year_2012.parquet","logger":"main","filename":"main.py","lineno":201}
{"timestamp":"2026-03-30T12:02:10.791553Z","level":"info","event":"upload_by_year start year=2013.0 group_shape=(6, 17) object_name=books/publication_year_2013.parquet local_path=/opt/airflow/data/parquet/books/publication_year_2013.parquet","logger":"main","filename":"main.py","lineno":187}
{"timestamp":"2026-03-30T12:02:10.966278Z","level":"info","event":"upload_by_year success year=2013.0 object_name=books/publication_year_2013.parquet","logger":"main","filename":"main.py","lineno":201}
{"timestamp":"2026-03-30T12:02:10.966875Z","level":"info","event":"upload_by_year start year=2014.0 group_shape=(4, 17) object_name=books/publication_year_2014.parquet local_path=/opt/airflow/data/parquet/books/publication_year_2014.parquet","logger":"main","filename":"main.py","lineno":187}
{"timestamp":"2026-03-30T12:02:11.135847Z","level":"info","event":"upload_by_year success year=2014.0 object_name=books/publication_year_2014.parquet","logger":"main","filename":"main.py","lineno":201}
{"timestamp":"2026-03-30T12:02:11.136508Z","level":"info","event":"upload_by_year start year=2015.0 group_shape=(3, 17) object_name=books/publication_year_2015.parquet local_path=/opt/airflow/data/parquet/books/publication_year_2015.parquet","logger":"main","filename":"main.py","lineno":187}
{"timestamp":"2026-03-30T12:02:11.675043Z","level":"info","event":"upload_by_year success year=2015.0 object_name=books/publication_year_2015.parquet","logger":"main","filename":"main.py","lineno":201}
{"timestamp":"2026-03-30T12:02:11.675871Z","level":"info","event":"upload_by_year start year=2016.0 group_shape=(1, 17) object_name=books/publication_year_2016.parquet local_path=/opt/airflow/data/parquet/books/publication_year_2016.parquet","logger":"main","filename":"main.py","lineno":187}
{"timestamp":"2026-03-30T12:02:11.869690Z","level":"info","event":"upload_by_year success year=2016.0 object_name=books/publication_year_2016.parquet","logger":"main","filename":"main.py","lineno":201}
{"timestamp":"2026-03-30T12:02:11.871090Z","level":"info","event":"upload_by_year start year=2017.0 group_shape=(1, 17) object_name=books/publication_year_2017.parquet local_path=/opt/airflow/data/parquet/books/publication_year_2017.parquet","logger":"main","filename":"main.py","lineno":187}
{"timestamp":"2026-03-30T12:02:12.044547Z","level":"info","event":"upload_by_year success year=2017.0 object_name=books/publication_year_2017.parquet","logger":"main","filename":"main.py","lineno":201}
{"timestamp":"2026-03-30T12:02:12.045247Z","level":"info","event":"upload_by_year start year=2018.0 group_shape=(7, 17) object_name=books/publication_year_2018.parquet local_path=/opt/airflow/data/parquet/books/publication_year_2018.parquet","logger":"main","filename":"main.py","lineno":187}
{"timestamp":"2026-03-30T12:02:12.216811Z","level":"info","event":"upload_by_year success year=2018.0 object_name=books/publication_year_2018.parquet","logger":"main","filename":"main.py","lineno":201}
{"timestamp":"2026-03-30T12:02:12.217263Z","level":"info","event":"upload_by_year start year=2019.0 group_shape=(3, 17) object_name=books/publication_year_2019.parquet local_path=/opt/airflow/data/parquet/books/publication_year_2019.parquet","logger":"main","filename":"main.py","lineno":187}
{"timestamp":"2026-03-30T12:02:12.363404Z","level":"info","event":"upload_by_year success year=2019.0 object_name=books/publication_year_2019.parquet","logger":"main","filename":"main.py","lineno":201}
{"timestamp":"2026-03-30T12:02:12.364221Z","level":"info","event":"upload_by_year start year=2020.0 group_shape=(7, 17) object_name=books/publication_year_2020.parquet local_path=/opt/airflow/data/parquet/books/publication_year_2020.parquet","logger":"main","filename":"main.py","lineno":187}
{"timestamp":"2026-03-30T12:02:12.540339Z","level":"info","event":"upload_by_year success year=2020.0 object_name=books/publication_year_2020.parquet","logger":"main","filename":"main.py","lineno":201}
{"timestamp":"2026-03-30T12:02:12.540937Z","level":"info","event":"upload_by_year start year=2021.0 group_shape=(4, 17) object_name=books/publication_year_2021.parquet local_path=/opt/airflow/data/parquet/books/publication_year_2021.parquet","logger":"main","filename":"main.py","lineno":187}
{"timestamp":"2026-03-30T12:02:12.741359Z","level":"info","event":"upload_by_year success year=2021.0 object_name=books/publication_year_2021.parquet","logger":"main","filename":"main.py","lineno":201}
{"timestamp":"2026-03-30T12:02:12.742005Z","level":"info","event":"upload_by_year start year=2022.0 group_shape=(5, 17) object_name=books/publication_year_2022.parquet local_path=/opt/airflow/data/parquet/books/publication_year_2022.parquet","logger":"main","filename":"main.py","lineno":187}
{"timestamp":"2026-03-30T12:02:12.955466Z","level":"info","event":"upload_by_year success year=2022.0 object_name=books/publication_year_2022.parquet","logger":"main","filename":"main.py","lineno":201}
{"timestamp":"2026-03-30T12:02:12.956379Z","level":"info","event":"upload_by_year start year=2023.0 group_shape=(7, 17) object_name=books/publication_year_2023.parquet local_path=/opt/airflow/data/parquet/books/publication_year_2023.parquet","logger":"main","filename":"main.py","lineno":187}
{"timestamp":"2026-03-30T12:02:13.150200Z","level":"info","event":"upload_by_year success year=2023.0 object_name=books/publication_year_2023.parquet","logger":"main","filename":"main.py","lineno":201}
{"timestamp":"2026-03-30T12:02:13.151266Z","level":"info","event":"upload_by_year start year=2024.0 group_shape=(3, 17) object_name=books/publication_year_2024.parquet local_path=/opt/airflow/data/parquet/books/publication_year_2024.parquet","logger":"main","filename":"main.py","lineno":187}
{"timestamp":"2026-03-30T12:02:13.347598Z","level":"info","event":"upload_by_year success year=2024.0 object_name=books/publication_year_2024.parquet","logger":"main","filename":"main.py","lineno":201}
{"timestamp":"2026-03-30T12:02:13.348415Z","level":"info","event":"upload_by_year start year=2025.0 group_shape=(5, 17) object_name=books/publication_year_2025.parquet local_path=/opt/airflow/data/parquet/books/publication_year_2025.parquet","logger":"main","filename":"main.py","lineno":187}
{"timestamp":"2026-03-30T12:02:13.531937Z","level":"info","event":"upload_by_year success year=2025.0 object_name=books/publication_year_2025.parquet","logger":"main","filename":"main.py","lineno":201}
{"timestamp":"2026-03-30T12:02:13.532679Z","level":"info","event":"upload_by_year start year=2026.0 group_shape=(1, 17) object_name=books/publication_year_2026.parquet local_path=/opt/airflow/data/parquet/books/publication_year_2026.parquet","logger":"main","filename":"main.py","lineno":187}
{"timestamp":"2026-03-30T12:02:13.719737Z","level":"info","event":"upload_by_year success year=2026.0 object_name=books/publication_year_2026.parquet","logger":"main","filename":"main.py","lineno":201}
{"timestamp":"2026-03-30T12:02:13.720572Z","level":"info","event":"upload_by_year start year=2030.0 group_shape=(7, 17) object_name=books/publication_year_2030.parquet local_path=/opt/airflow/data/parquet/books/publication_year_2030.parquet","logger":"main","filename":"main.py","lineno":187}
{"timestamp":"2026-03-30T12:02:13.919744Z","level":"info","event":"upload_by_year success year=2030.0 object_name=books/publication_year_2030.parquet","logger":"main","filename":"main.py","lineno":201}
{"timestamp":"2026-03-30T12:02:13.920726Z","level":"info","event":"upload_by_year start year=2037.0 group_shape=(1, 17) object_name=books/publication_year_2037.parquet local_path=/opt/airflow/data/parquet/books/publication_year_2037.parquet","logger":"main","filename":"main.py","lineno":187}
{"timestamp":"2026-03-30T12:02:14.299464Z","level":"info","event":"upload_by_year success year=2037.0 object_name=books/publication_year_2037.parquet","logger":"main","filename":"main.py","lineno":201}
{"timestamp":"2026-03-30T12:02:14.300459Z","level":"info","event":"upload_by_year start year=2038.0 group_shape=(1, 17) object_name=books/publication_year_2038.parquet local_path=/opt/airflow/data/parquet/books/publication_year_2038.parquet","logger":"main","filename":"main.py","lineno":187}
{"timestamp":"2026-03-30T12:02:14.622953Z","level":"info","event":"upload_by_year success year=2038.0 object_name=books/publication_year_2038.parquet","logger":"main","filename":"main.py","lineno":201}
{"timestamp":"2026-03-30T12:02:14.623717Z","level":"info","event":"upload_by_year start year=2050.0 group_shape=(2, 17) object_name=books/publication_year_2050.parquet local_path=/opt/airflow/data/parquet/books/publication_year_2050.parquet","logger":"main","filename":"main.py","lineno":187}
{"timestamp":"2026-03-30T12:02:14.775751Z","level":"info","event":"upload_by_year success year=2050.0 object_name=books/publication_year_2050.parquet","logger":"main","filename":"main.py","lineno":201}
{"timestamp":"2026-03-30T12:02:14.776206Z","level":"info","event":"STEP_END save_to_parquet_and_upload elapsed_seconds=43.689","logger":"main","filename":"logger.py","lineno":37}
{"timestamp":"2026-03-30T12:02:14.952330Z","level":"info","event":"DAG load done","logger":"unusual_prefix_5364f853e0291e2b81541d66d6ee04a6789a37d2_pipeline","filename":"pipeline.py","lineno":91}
{"timestamp":"2026-03-30T12:02:14.952847Z","level":"info","event":"Done. Returned value was: None","logger":"airflow.task.operators.airflow.providers.standard.decorators.python._PythonDecoratedOperator","filename":"python.py","lineno":230}
