{"timestamp":"2026-03-30T12:01:16.193361Z","level":"info","event":"Stats instance was created in PID 7 but accessed in PID 479. Re-initializing.","logger":"airflow.stats","filename":"stats.py","lineno":57}
{"timestamp":"2026-03-30T12:01:16.218460Z","level":"info","event":"DAG bundles loaded: dags-folder","logger":"airflow.dag_processing.bundles.manager.DagBundlesManager","filename":"manager.py","lineno":179}
{"timestamp":"2026-03-30T12:01:16.224890Z","level":"info","event":"Filling up the DagBag from /opt/airflow/dags/pipeline.py","logger":"airflow.models.dagbag.BundleDagBag","filename":"dagbag.py","lineno":593}
{"timestamp":"2026-03-30T12:01:17.620037Z","level":"warning","event":"The `airflow.decorators.task` attribute is deprecated. Please use `'airflow.sdk.task'`.","category":"DeprecatedImportWarning","filename":"/opt/airflow/dags/pipeline.py","lineno":9,"logger":"py.warnings"}
{"timestamp":"2026-03-30T12:01:17.620376Z","level":"warning","event":"The `airflow.decorators.dag` attribute is deprecated. Please use `'airflow.sdk.dag'`.","category":"DeprecatedImportWarning","filename":"/opt/airflow/dags/pipeline.py","lineno":9,"logger":"py.warnings"}
{"timestamp":"2026-03-30T12:01:17.713332Z","level":"info","event":"DAG extract start RAW_PATH=/opt/airflow/data/raw","logger":"unusual_prefix_5364f853e0291e2b81541d66d6ee04a6789a37d2_pipeline","filename":"pipeline.py","lineno":44}
{"timestamp":"2026-03-30T12:01:17.713760Z","level":"info","event":"STEP_START extract_book meta={'raw_path': '/opt/airflow/data/raw'}","logger":"main","filename":"logger.py","lineno":28}
{"timestamp":"2026-03-30T12:01:17.713893Z","level":"info","event":"STEP_START extract_book.fetch_page meta={'url': 'https://books.toscrape.com/'}","logger":"main","filename":"logger.py","lineno":28}
{"timestamp":"2026-03-30T12:01:19.393926Z","level":"info","event":"STEP_END extract_book.fetch_page elapsed_seconds=1.680","logger":"main","filename":"logger.py","lineno":37}
{"timestamp":"2026-03-30T12:01:19.395979Z","level":"info","event":"extract_book found_articles=20","logger":"main","filename":"main.py","lineno":67}
{"timestamp":"2026-03-30T12:01:19.396442Z","level":"info","event":"extract_book progress=1/20","logger":"main","filename":"main.py","lineno":74}
{"timestamp":"2026-03-30T12:01:19.398536Z","level":"info","event":"extract_book progress=10/20","logger":"main","filename":"main.py","lineno":74}
{"timestamp":"2026-03-30T12:01:19.400455Z","level":"info","event":"extract_book progress=20/20","logger":"main","filename":"main.py","lineno":74}
{"timestamp":"2026-03-30T12:01:19.407842Z","level":"info","event":"extract_book saving_parquet out_path=/opt/airflow/data/raw/books_scraping.parquet shape=(20, 5)","logger":"main","filename":"main.py","lineno":78}
{"timestamp":"2026-03-30T12:01:19.479673Z","level":"info","event":"STEP_END extract_book elapsed_seconds=1.766","logger":"main","filename":"logger.py","lineno":37}
{"timestamp":"2026-03-30T12:01:19.480687Z","level":"info","event":"DAG extract books_scraping shape=(20, 5)","logger":"unusual_prefix_5364f853e0291e2b81541d66d6ee04a6789a37d2_pipeline","filename":"pipeline.py","lineno":47}
{"timestamp":"2026-03-30T12:01:19.480862Z","level":"info","event":"STEP_START extract_csv meta={'raw_path': '/opt/airflow/data/raw', 'source': '/opt/airflow/data/Books.csv'}","logger":"main","filename":"logger.py","lineno":28}
{"timestamp":"2026-03-30T12:01:23.702898Z","level":"info","event":"extract_csv saving_parquet out_path=/opt/airflow/data/raw/books_csv.parquet shape=(271360, 8)","logger":"main","filename":"main.py","lineno":87}
{"timestamp":"2026-03-30T12:01:24.879463Z","level":"info","event":"STEP_END extract_csv elapsed_seconds=5.398","logger":"main","filename":"logger.py","lineno":37}
{"timestamp":"2026-03-30T12:01:24.879837Z","level":"info","event":"DAG extract books_csv shape=(271360, 8)","logger":"unusual_prefix_5364f853e0291e2b81541d66d6ee04a6789a37d2_pipeline","filename":"pipeline.py","lineno":50}
{"timestamp":"2026-03-30T12:01:24.880044Z","level":"info","event":"STEP_START extract_sqlite meta={'raw_path': '/opt/airflow/data/raw', 'db_path': '/opt/airflow/data/books_database.db'}","logger":"main","filename":"logger.py","lineno":28}
{"timestamp":"2026-03-30T12:01:24.880290Z","level":"info","event":"STEP_START extract_sqlite.query meta={'query': 'SELECT * FROM books'}","logger":"main","filename":"logger.py","lineno":28}
{"timestamp":"2026-03-30T12:01:25.025143Z","level":"info","event":"STEP_END extract_sqlite.query elapsed_seconds=0.145","logger":"main","filename":"logger.py","lineno":37}
{"timestamp":"2026-03-30T12:01:25.025636Z","level":"info","event":"extract_sqlite saving_parquet out_path=/opt/airflow/data/raw/books_sqlite.parquet shape=(823, 28)","logger":"main","filename":"main.py","lineno":101}
{"timestamp":"2026-03-30T12:01:25.173817Z","level":"info","event":"STEP_END extract_sqlite elapsed_seconds=0.294","logger":"main","filename":"logger.py","lineno":37}
{"timestamp":"2026-03-30T12:01:25.174239Z","level":"info","event":"DAG extract books_sqlite shape=(823, 28)","logger":"unusual_prefix_5364f853e0291e2b81541d66d6ee04a6789a37d2_pipeline","filename":"pipeline.py","lineno":53}
{"timestamp":"2026-03-30T12:01:26.416779Z","level":"info","event":"DAG extract done output=/opt/airflow/data/raw/books_scraping.parquet,/opt/airflow/data/raw/books_csv.parquet,/opt/airflow/data/raw/books_sqlite.parquet","logger":"unusual_prefix_5364f853e0291e2b81541d66d6ee04a6789a37d2_pipeline","filename":"pipeline.py","lineno":59}
{"timestamp":"2026-03-30T12:01:26.461111Z","level":"info","event":"Done. Returned value was: None","logger":"airflow.task.operators.airflow.providers.standard.decorators.python._PythonDecoratedOperator","filename":"python.py","lineno":230}
